{"/Users/apple/Desktop/Ziad/Faculty/CCEC-3/2nd Semseter/Software Engineering/Project/Backend/controllers/authController.js": {"path":"/Users/apple/Desktop/Ziad/Faculty/CCEC-3/2nd Semseter/Software Engineering/Project/Backend/controllers/authController.js","statementMap":{"0":{"start":{"line":1,"column":13},"end":{"line":1,"column":38}},"1":{"start":{"line":2,"column":20},"end":{"line":2,"column":55}},"2":{"start":{"line":3,"column":19},"end":{"line":3,"column":40}},"3":{"start":{"line":4,"column":12},"end":{"line":4,"column":35}},"4":{"start":{"line":5,"column":15},"end":{"line":5,"column":34}},"5":{"start":{"line":6,"column":29},"end":{"line":6,"column":57}},"6":{"start":{"line":7,"column":0},"end":{"line":7,"column":27}},"7":{"start":{"line":8,"column":25},"end":{"line":8,"column":55}},"8":{"start":{"line":9,"column":18},"end":{"line":9,"column":36}},"9":{"start":{"line":10,"column":15},"end":{"line":10,"column":54}},"10":{"start":{"line":12,"column":21},"end":{"line":64,"column":1}},"11":{"start":{"line":13,"column":2},"end":{"line":63,"column":3}},"12":{"start":{"line":14,"column":17},"end":{"line":14,"column":28}},"13":{"start":{"line":15,"column":25},"end":{"line":15,"column":66}},"14":{"start":{"line":16,"column":4},"end":{"line":18,"column":5}},"15":{"start":{"line":17,"column":6},"end":{"line":17,"column":71}},"16":{"start":{"line":19,"column":32},"end":{"line":21,"column":5}},"17":{"start":{"line":20,"column":6},"end":{"line":20,"column":56}},"18":{"start":{"line":22,"column":25},"end":{"line":22,"column":61}},"19":{"start":{"line":23,"column":15},"end":{"line":23,"column":59}},"20":{"start":{"line":24,"column":4},"end":{"line":27,"column":5}},"21":{"start":{"line":25,"column":6},"end":{"line":25,"column":60}},"22":{"start":{"line":26,"column":6},"end":{"line":26,"column":58}},"23":{"start":{"line":29,"column":27},"end":{"line":29,"column":63}},"24":{"start":{"line":30,"column":17},"end":{"line":30,"column":41}},"25":{"start":{"line":31,"column":4},"end":{"line":31,"column":64}},"26":{"start":{"line":32,"column":4},"end":{"line":37,"column":7}},"27":{"start":{"line":38,"column":4},"end":{"line":38,"column":29}},"28":{"start":{"line":39,"column":20},"end":{"line":46,"column":5}},"29":{"start":{"line":49,"column":27},"end":{"line":49,"column":70}},"30":{"start":{"line":50,"column":4},"end":{"line":50,"column":33}},"31":{"start":{"line":51,"column":21},"end":{"line":51,"column":62}},"32":{"start":{"line":53,"column":4},"end":{"line":53,"column":42}},"33":{"start":{"line":54,"column":4},"end":{"line":58,"column":7}},"34":{"start":{"line":60,"column":4},"end":{"line":62,"column":70}},"35":{"start":{"line":66,"column":15},"end":{"line":68,"column":1}},"36":{"start":{"line":67,"column":2},"end":{"line":67,"column":27}},"37":{"start":{"line":70,"column":20},"end":{"line":105,"column":1}},"38":{"start":{"line":71,"column":15},"end":{"line":71,"column":26}},"39":{"start":{"line":72,"column":2},"end":{"line":104,"column":3}},"40":{"start":{"line":73,"column":17},"end":{"line":73,"column":58}},"41":{"start":{"line":74,"column":4},"end":{"line":76,"column":5}},"42":{"start":{"line":75,"column":6},"end":{"line":75,"column":65}},"43":{"start":{"line":77,"column":4},"end":{"line":81,"column":5}},"44":{"start":{"line":78,"column":6},"end":{"line":80,"column":69}},"45":{"start":{"line":82,"column":20},"end":{"line":89,"column":5}},"46":{"start":{"line":90,"column":27},"end":{"line":90,"column":70}},"47":{"start":{"line":91,"column":4},"end":{"line":91,"column":33}},"48":{"start":{"line":93,"column":21},"end":{"line":93,"column":62}},"49":{"start":{"line":95,"column":4},"end":{"line":99,"column":7}},"50":{"start":{"line":101,"column":4},"end":{"line":103,"column":70}},"51":{"start":{"line":107,"column":23},"end":{"line":147,"column":1}},"52":{"start":{"line":108,"column":22},"end":{"line":117,"column":4}},"53":{"start":{"line":119,"column":16},"end":{"line":119,"column":30}},"54":{"start":{"line":120,"column":15},"end":{"line":120,"column":44}},"55":{"start":{"line":122,"column":2},"end":{"line":124,"column":3}},"56":{"start":{"line":123,"column":4},"end":{"line":123,"column":50}},"57":{"start":{"line":125,"column":2},"end":{"line":146,"column":4}},"58":{"start":{"line":139,"column":6},"end":{"line":143,"column":7}},"59":{"start":{"line":140,"column":8},"end":{"line":142,"column":75}},"60":{"start":{"line":144,"column":6},"end":{"line":144,"column":29}},"61":{"start":{"line":149,"column":23},"end":{"line":218,"column":1}},"62":{"start":{"line":150,"column":2},"end":{"line":217,"column":3}},"63":{"start":{"line":151,"column":24},"end":{"line":160,"column":6}},"64":{"start":{"line":161,"column":16},"end":{"line":161,"column":30}},"65":{"start":{"line":162,"column":21},"end":{"line":162,"column":38}},"66":{"start":{"line":164,"column":4},"end":{"line":171,"column":5}},"67":{"start":{"line":165,"column":6},"end":{"line":165,"column":50}},"68":{"start":{"line":166,"column":11},"end":{"line":171,"column":5}},"69":{"start":{"line":167,"column":6},"end":{"line":167,"column":56}},"70":{"start":{"line":168,"column":6},"end":{"line":168,"column":25}},"71":{"start":{"line":170,"column":6},"end":{"line":170,"column":70}},"72":{"start":{"line":172,"column":4},"end":{"line":174,"column":5}},"73":{"start":{"line":173,"column":6},"end":{"line":173,"column":65}},"74":{"start":{"line":175,"column":20},"end":{"line":182,"column":5}},"75":{"start":{"line":183,"column":16},"end":{"line":183,"column":18}},"76":{"start":{"line":184,"column":4},"end":{"line":190,"column":5}},"77":{"start":{"line":185,"column":6},"end":{"line":187,"column":9}},"78":{"start":{"line":189,"column":6},"end":{"line":189,"column":31}},"79":{"start":{"line":191,"column":4},"end":{"line":212,"column":6}},"80":{"start":{"line":205,"column":8},"end":{"line":209,"column":9}},"81":{"start":{"line":206,"column":10},"end":{"line":208,"column":75}},"82":{"start":{"line":210,"column":8},"end":{"line":210,"column":56}},"83":{"start":{"line":214,"column":4},"end":{"line":216,"column":69}},"84":{"start":{"line":220,"column":14},"end":{"line":260,"column":1}},"85":{"start":{"line":221,"column":17},"end":{"line":221,"column":38}},"86":{"start":{"line":222,"column":2},"end":{"line":224,"column":3}},"87":{"start":{"line":223,"column":4},"end":{"line":223,"column":60}},"88":{"start":{"line":225,"column":40},"end":{"line":225,"column":48}},"89":{"start":{"line":226,"column":2},"end":{"line":259,"column":3}},"90":{"start":{"line":227,"column":17},"end":{"line":227,"column":71}},"91":{"start":{"line":228,"column":4},"end":{"line":228,"column":33}},"92":{"start":{"line":229,"column":4},"end":{"line":233,"column":5}},"93":{"start":{"line":230,"column":6},"end":{"line":232,"column":65}},"94":{"start":{"line":234,"column":20},"end":{"line":234,"column":65}},"95":{"start":{"line":235,"column":4},"end":{"line":239,"column":5}},"96":{"start":{"line":236,"column":6},"end":{"line":238,"column":65}},"97":{"start":{"line":240,"column":20},"end":{"line":247,"column":5}},"98":{"start":{"line":248,"column":4},"end":{"line":256,"column":6}},"99":{"start":{"line":253,"column":8},"end":{"line":253,"column":27}},"100":{"start":{"line":253,"column":17},"end":{"line":253,"column":27}},"101":{"start":{"line":254,"column":8},"end":{"line":254,"column":68}},"102":{"start":{"line":258,"column":4},"end":{"line":258,"column":74}},"103":{"start":{"line":262,"column":15},"end":{"line":316,"column":1}},"104":{"start":{"line":263,"column":17},"end":{"line":263,"column":38}},"105":{"start":{"line":264,"column":2},"end":{"line":266,"column":3}},"106":{"start":{"line":265,"column":4},"end":{"line":265,"column":60}},"107":{"start":{"line":268,"column":48},"end":{"line":268,"column":56}},"108":{"start":{"line":270,"column":2},"end":{"line":315,"column":3}},"109":{"start":{"line":271,"column":15},"end":{"line":271,"column":44}},"110":{"start":{"line":273,"column":4},"end":{"line":275,"column":5}},"111":{"start":{"line":274,"column":6},"end":{"line":274,"column":70}},"112":{"start":{"line":276,"column":4},"end":{"line":280,"column":5}},"113":{"start":{"line":277,"column":6},"end":{"line":279,"column":69}},"114":{"start":{"line":282,"column":4},"end":{"line":288,"column":7}},"115":{"start":{"line":290,"column":17},"end":{"line":290,"column":41}},"116":{"start":{"line":291,"column":4},"end":{"line":291,"column":54}},"117":{"start":{"line":293,"column":20},"end":{"line":293,"column":37}},"118":{"start":{"line":295,"column":20},"end":{"line":302,"column":5}},"119":{"start":{"line":304,"column":4},"end":{"line":312,"column":6}},"120":{"start":{"line":309,"column":8},"end":{"line":309,"column":27}},"121":{"start":{"line":309,"column":17},"end":{"line":309,"column":27}},"122":{"start":{"line":310,"column":8},"end":{"line":310,"column":69}},"123":{"start":{"line":314,"column":4},"end":{"line":314,"column":74}},"124":{"start":{"line":317,"column":25},"end":{"line":329,"column":1}},"125":{"start":{"line":318,"column":2},"end":{"line":328,"column":3}},"126":{"start":{"line":319,"column":22},"end":{"line":319,"column":64}},"127":{"start":{"line":320,"column":4},"end":{"line":323,"column":7}},"128":{"start":{"line":325,"column":4},"end":{"line":327,"column":73}},"129":{"start":{"line":330,"column":23},"end":{"line":365,"column":1}},"130":{"start":{"line":331,"column":21},"end":{"line":331,"column":49}},"131":{"start":{"line":332,"column":16},"end":{"line":332,"column":54}},"132":{"start":{"line":333,"column":2},"end":{"line":335,"column":3}},"133":{"start":{"line":334,"column":4},"end":{"line":334,"column":80}},"134":{"start":{"line":336,"column":14},"end":{"line":336,"column":16}},"135":{"start":{"line":337,"column":2},"end":{"line":342,"column":5}},"136":{"start":{"line":338,"column":4},"end":{"line":340,"column":5}},"137":{"start":{"line":339,"column":6},"end":{"line":339,"column":75}},"138":{"start":{"line":341,"column":4},"end":{"line":341,"column":31}},"139":{"start":{"line":343,"column":19},"end":{"line":343,"column":36}},"140":{"start":{"line":344,"column":26},"end":{"line":344,"column":50}},"141":{"start":{"line":345,"column":2},"end":{"line":347,"column":3}},"142":{"start":{"line":346,"column":4},"end":{"line":346,"column":71}},"143":{"start":{"line":348,"column":2},"end":{"line":352,"column":3}},"144":{"start":{"line":349,"column":4},"end":{"line":351,"column":67}},"145":{"start":{"line":353,"column":2},"end":{"line":355,"column":3}},"146":{"start":{"line":354,"column":4},"end":{"line":354,"column":73}},"147":{"start":{"line":357,"column":15},"end":{"line":357,"column":44}},"148":{"start":{"line":358,"column":2},"end":{"line":360,"column":3}},"149":{"start":{"line":359,"column":4},"end":{"line":359,"column":63}},"150":{"start":{"line":361,"column":15},"end":{"line":361,"column":39}},"151":{"start":{"line":362,"column":2},"end":{"line":362,"column":52}},"152":{"start":{"line":363,"column":2},"end":{"line":363,"column":20}},"153":{"start":{"line":364,"column":2},"end":{"line":364,"column":57}},"154":{"start":{"line":367,"column":20},"end":{"line":387,"column":1}},"155":{"start":{"line":368,"column":19},"end":{"line":368,"column":36}},"156":{"start":{"line":369,"column":16},"end":{"line":369,"column":30}},"157":{"start":{"line":370,"column":17},"end":{"line":370,"column":27}},"158":{"start":{"line":371,"column":2},"end":{"line":375,"column":3}},"159":{"start":{"line":372,"column":4},"end":{"line":374,"column":61}},"160":{"start":{"line":376,"column":15},"end":{"line":376,"column":42}},"161":{"start":{"line":377,"column":2},"end":{"line":379,"column":3}},"162":{"start":{"line":378,"column":4},"end":{"line":378,"column":63}},"163":{"start":{"line":380,"column":18},"end":{"line":380,"column":63}},"164":{"start":{"line":381,"column":2},"end":{"line":383,"column":3}},"165":{"start":{"line":382,"column":4},"end":{"line":382,"column":65}},"166":{"start":{"line":384,"column":2},"end":{"line":384,"column":21}},"167":{"start":{"line":385,"column":2},"end":{"line":385,"column":20}},"168":{"start":{"line":386,"column":2},"end":{"line":386,"column":54}},"169":{"start":{"line":388,"column":25},"end":{"line":415,"column":1}},"170":{"start":{"line":389,"column":17},"end":{"line":389,"column":27}},"171":{"start":{"line":390,"column":19},"end":{"line":390,"column":36}},"172":{"start":{"line":391,"column":2},"end":{"line":414,"column":3}},"173":{"start":{"line":392,"column":17},"end":{"line":392,"column":44}},"174":{"start":{"line":393,"column":4},"end":{"line":395,"column":5}},"175":{"start":{"line":394,"column":6},"end":{"line":394,"column":65}},"176":{"start":{"line":396,"column":4},"end":{"line":400,"column":5}},"177":{"start":{"line":397,"column":6},"end":{"line":399,"column":69}},"178":{"start":{"line":401,"column":20},"end":{"line":401,"column":65}},"179":{"start":{"line":402,"column":4},"end":{"line":404,"column":5}},"180":{"start":{"line":403,"column":6},"end":{"line":403,"column":67}},"181":{"start":{"line":405,"column":4},"end":{"line":405,"column":30}},"182":{"start":{"line":406,"column":4},"end":{"line":406,"column":22}},"183":{"start":{"line":407,"column":4},"end":{"line":409,"column":61}},"184":{"start":{"line":411,"column":4},"end":{"line":413,"column":75}},"185":{"start":{"line":417,"column":22},"end":{"line":446,"column":1}},"186":{"start":{"line":418,"column":17},"end":{"line":418,"column":27}},"187":{"start":{"line":419,"column":19},"end":{"line":419,"column":36}},"188":{"start":{"line":420,"column":15},"end":{"line":420,"column":26}},"189":{"start":{"line":421,"column":2},"end":{"line":445,"column":3}},"190":{"start":{"line":422,"column":17},"end":{"line":422,"column":44}},"191":{"start":{"line":423,"column":4},"end":{"line":425,"column":5}},"192":{"start":{"line":424,"column":6},"end":{"line":424,"column":65}},"193":{"start":{"line":426,"column":4},"end":{"line":430,"column":5}},"194":{"start":{"line":427,"column":6},"end":{"line":429,"column":63}},"195":{"start":{"line":431,"column":20},"end":{"line":431,"column":65}},"196":{"start":{"line":432,"column":4},"end":{"line":434,"column":5}},"197":{"start":{"line":433,"column":6},"end":{"line":433,"column":67}},"198":{"start":{"line":435,"column":4},"end":{"line":435,"column":29}},"199":{"start":{"line":436,"column":4},"end":{"line":436,"column":28}},"200":{"start":{"line":437,"column":4},"end":{"line":437,"column":22}},"201":{"start":{"line":438,"column":4},"end":{"line":440,"column":70}},"202":{"start":{"line":442,"column":4},"end":{"line":444,"column":72}},"203":{"start":{"line":447,"column":22},"end":{"line":469,"column":1}},"204":{"start":{"line":448,"column":17},"end":{"line":448,"column":27}},"205":{"start":{"line":449,"column":48},"end":{"line":449,"column":56}},"206":{"start":{"line":450,"column":2},"end":{"line":468,"column":3}},"207":{"start":{"line":451,"column":17},"end":{"line":451,"column":44}},"208":{"start":{"line":452,"column":4},"end":{"line":454,"column":5}},"209":{"start":{"line":453,"column":6},"end":{"line":453,"column":65}},"210":{"start":{"line":455,"column":4},"end":{"line":457,"column":5}},"211":{"start":{"line":456,"column":6},"end":{"line":456,"column":67}},"212":{"start":{"line":458,"column":20},"end":{"line":458,"column":65}},"213":{"start":{"line":459,"column":4},"end":{"line":461,"column":5}},"214":{"start":{"line":460,"column":6},"end":{"line":460,"column":67}},"215":{"start":{"line":462,"column":4},"end":{"line":462,"column":41}},"216":{"start":{"line":463,"column":4},"end":{"line":463,"column":77}},"217":{"start":{"line":465,"column":4},"end":{"line":467,"column":71}},"218":{"start":{"line":470,"column":23},"end":{"line":502,"column":1}},"219":{"start":{"line":471,"column":17},"end":{"line":471,"column":27}},"220":{"start":{"line":472,"column":56},"end":{"line":472,"column":64}},"221":{"start":{"line":473,"column":2},"end":{"line":501,"column":3}},"222":{"start":{"line":474,"column":17},"end":{"line":474,"column":44}},"223":{"start":{"line":475,"column":4},"end":{"line":477,"column":5}},"224":{"start":{"line":476,"column":6},"end":{"line":476,"column":65}},"225":{"start":{"line":478,"column":20},"end":{"line":478,"column":68}},"226":{"start":{"line":479,"column":4},"end":{"line":481,"column":5}},"227":{"start":{"line":480,"column":6},"end":{"line":480,"column":67}},"228":{"start":{"line":482,"column":4},"end":{"line":484,"column":5}},"229":{"start":{"line":483,"column":6},"end":{"line":483,"column":73}},"230":{"start":{"line":485,"column":4},"end":{"line":489,"column":5}},"231":{"start":{"line":486,"column":6},"end":{"line":488,"column":78}},"232":{"start":{"line":490,"column":4},"end":{"line":494,"column":5}},"233":{"start":{"line":491,"column":6},"end":{"line":493,"column":69}},"234":{"start":{"line":495,"column":17},"end":{"line":495,"column":41}},"235":{"start":{"line":496,"column":4},"end":{"line":496,"column":57}},"236":{"start":{"line":497,"column":4},"end":{"line":497,"column":22}},"237":{"start":{"line":498,"column":4},"end":{"line":498,"column":78}},"238":{"start":{"line":500,"column":4},"end":{"line":500,"column":77}},"239":{"start":{"line":503,"column":0},"end":{"line":518,"column":2}}},"fnMap":{"0":{"name":"(anonymous_0)","decl":{"start":{"line":12,"column":21},"end":{"line":12,"column":22}},"loc":{"start":{"line":12,"column":41},"end":{"line":64,"column":1}},"line":12},"1":{"name":"(anonymous_1)","decl":{"start":{"line":19,"column":32},"end":{"line":19,"column":33}},"loc":{"start":{"line":19,"column":52},"end":{"line":21,"column":5}},"line":19},"2":{"name":"(anonymous_2)","decl":{"start":{"line":66,"column":15},"end":{"line":66,"column":16}},"loc":{"start":{"line":66,"column":35},"end":{"line":68,"column":1}},"line":66},"3":{"name":"(anonymous_3)","decl":{"start":{"line":70,"column":20},"end":{"line":70,"column":21}},"loc":{"start":{"line":70,"column":46},"end":{"line":105,"column":1}},"line":70},"4":{"name":"(anonymous_4)","decl":{"start":{"line":107,"column":23},"end":{"line":107,"column":24}},"loc":{"start":{"line":107,"column":49},"end":{"line":147,"column":1}},"line":107},"5":{"name":"(anonymous_5)","decl":{"start":{"line":138,"column":4},"end":{"line":138,"column":5}},"loc":{"start":{"line":138,"column":19},"end":{"line":145,"column":5}},"line":138},"6":{"name":"(anonymous_6)","decl":{"start":{"line":149,"column":23},"end":{"line":149,"column":24}},"loc":{"start":{"line":149,"column":49},"end":{"line":218,"column":1}},"line":149},"7":{"name":"(anonymous_7)","decl":{"start":{"line":204,"column":6},"end":{"line":204,"column":7}},"loc":{"start":{"line":204,"column":15},"end":{"line":211,"column":7}},"line":204},"8":{"name":"(anonymous_8)","decl":{"start":{"line":220,"column":14},"end":{"line":220,"column":15}},"loc":{"start":{"line":220,"column":34},"end":{"line":260,"column":1}},"line":220},"9":{"name":"(anonymous_9)","decl":{"start":{"line":252,"column":6},"end":{"line":252,"column":7}},"loc":{"start":{"line":252,"column":22},"end":{"line":255,"column":7}},"line":252},"10":{"name":"(anonymous_10)","decl":{"start":{"line":262,"column":15},"end":{"line":262,"column":16}},"loc":{"start":{"line":262,"column":35},"end":{"line":316,"column":1}},"line":262},"11":{"name":"(anonymous_11)","decl":{"start":{"line":308,"column":6},"end":{"line":308,"column":7}},"loc":{"start":{"line":308,"column":22},"end":{"line":311,"column":7}},"line":308},"12":{"name":"(anonymous_12)","decl":{"start":{"line":317,"column":25},"end":{"line":317,"column":26}},"loc":{"start":{"line":317,"column":51},"end":{"line":329,"column":1}},"line":317},"13":{"name":"(anonymous_13)","decl":{"start":{"line":330,"column":23},"end":{"line":330,"column":24}},"loc":{"start":{"line":330,"column":49},"end":{"line":365,"column":1}},"line":330},"14":{"name":"(anonymous_14)","decl":{"start":{"line":337,"column":44},"end":{"line":337,"column":45}},"loc":{"start":{"line":337,"column":62},"end":{"line":342,"column":3}},"line":337},"15":{"name":"(anonymous_15)","decl":{"start":{"line":367,"column":20},"end":{"line":367,"column":21}},"loc":{"start":{"line":367,"column":46},"end":{"line":387,"column":1}},"line":367},"16":{"name":"(anonymous_16)","decl":{"start":{"line":388,"column":25},"end":{"line":388,"column":26}},"loc":{"start":{"line":388,"column":51},"end":{"line":415,"column":1}},"line":388},"17":{"name":"(anonymous_17)","decl":{"start":{"line":417,"column":22},"end":{"line":417,"column":23}},"loc":{"start":{"line":417,"column":48},"end":{"line":446,"column":1}},"line":417},"18":{"name":"(anonymous_18)","decl":{"start":{"line":447,"column":22},"end":{"line":447,"column":23}},"loc":{"start":{"line":447,"column":48},"end":{"line":469,"column":1}},"line":447},"19":{"name":"(anonymous_19)","decl":{"start":{"line":470,"column":23},"end":{"line":470,"column":24}},"loc":{"start":{"line":470,"column":49},"end":{"line":502,"column":1}},"line":470}},"branchMap":{"0":{"loc":{"start":{"line":16,"column":4},"end":{"line":18,"column":5}},"type":"if","locations":[{"start":{"line":16,"column":4},"end":{"line":18,"column":5}},{"start":{},"end":{}}],"line":16},"1":{"loc":{"start":{"line":74,"column":4},"end":{"line":76,"column":5}},"type":"if","locations":[{"start":{"line":74,"column":4},"end":{"line":76,"column":5}},{"start":{},"end":{}}],"line":74},"2":{"loc":{"start":{"line":77,"column":4},"end":{"line":81,"column":5}},"type":"if","locations":[{"start":{"line":77,"column":4},"end":{"line":81,"column":5}},{"start":{},"end":{}}],"line":77},"3":{"loc":{"start":{"line":77,"column":8},"end":{"line":77,"column":43}},"type":"binary-expr","locations":[{"start":{"line":77,"column":8},"end":{"line":77,"column":12}},{"start":{"line":77,"column":16},"end":{"line":77,"column":43}}],"line":77},"4":{"loc":{"start":{"line":122,"column":2},"end":{"line":124,"column":3}},"type":"if","locations":[{"start":{"line":122,"column":2},"end":{"line":124,"column":3}},{"start":{},"end":{}}],"line":122},"5":{"loc":{"start":{"line":139,"column":6},"end":{"line":143,"column":7}},"type":"if","locations":[{"start":{"line":139,"column":6},"end":{"line":143,"column":7}},{"start":{},"end":{}}],"line":139},"6":{"loc":{"start":{"line":164,"column":4},"end":{"line":171,"column":5}},"type":"if","locations":[{"start":{"line":164,"column":4},"end":{"line":171,"column":5}},{"start":{"line":166,"column":11},"end":{"line":171,"column":5}}],"line":164},"7":{"loc":{"start":{"line":166,"column":11},"end":{"line":171,"column":5}},"type":"if","locations":[{"start":{"line":166,"column":11},"end":{"line":171,"column":5}},{"start":{"line":169,"column":11},"end":{"line":171,"column":5}}],"line":166},"8":{"loc":{"start":{"line":172,"column":4},"end":{"line":174,"column":5}},"type":"if","locations":[{"start":{"line":172,"column":4},"end":{"line":174,"column":5}},{"start":{},"end":{}}],"line":172},"9":{"loc":{"start":{"line":205,"column":8},"end":{"line":209,"column":9}},"type":"if","locations":[{"start":{"line":205,"column":8},"end":{"line":209,"column":9}},{"start":{},"end":{}}],"line":205},"10":{"loc":{"start":{"line":222,"column":2},"end":{"line":224,"column":3}},"type":"if","locations":[{"start":{"line":222,"column":2},"end":{"line":224,"column":3}},{"start":{},"end":{}}],"line":222},"11":{"loc":{"start":{"line":229,"column":4},"end":{"line":233,"column":5}},"type":"if","locations":[{"start":{"line":229,"column":4},"end":{"line":233,"column":5}},{"start":{},"end":{}}],"line":229},"12":{"loc":{"start":{"line":235,"column":4},"end":{"line":239,"column":5}},"type":"if","locations":[{"start":{"line":235,"column":4},"end":{"line":239,"column":5}},{"start":{},"end":{}}],"line":235},"13":{"loc":{"start":{"line":253,"column":8},"end":{"line":253,"column":27}},"type":"if","locations":[{"start":{"line":253,"column":8},"end":{"line":253,"column":27}},{"start":{},"end":{}}],"line":253},"14":{"loc":{"start":{"line":264,"column":2},"end":{"line":266,"column":3}},"type":"if","locations":[{"start":{"line":264,"column":2},"end":{"line":266,"column":3}},{"start":{},"end":{}}],"line":264},"15":{"loc":{"start":{"line":273,"column":4},"end":{"line":275,"column":5}},"type":"if","locations":[{"start":{"line":273,"column":4},"end":{"line":275,"column":5}},{"start":{},"end":{}}],"line":273},"16":{"loc":{"start":{"line":276,"column":4},"end":{"line":280,"column":5}},"type":"if","locations":[{"start":{"line":276,"column":4},"end":{"line":280,"column":5}},{"start":{},"end":{}}],"line":276},"17":{"loc":{"start":{"line":309,"column":8},"end":{"line":309,"column":27}},"type":"if","locations":[{"start":{"line":309,"column":8},"end":{"line":309,"column":27}},{"start":{},"end":{}}],"line":309},"18":{"loc":{"start":{"line":332,"column":16},"end":{"line":332,"column":54}},"type":"binary-expr","locations":[{"start":{"line":332,"column":16},"end":{"line":332,"column":26}},{"start":{"line":332,"column":30},"end":{"line":332,"column":54}}],"line":332},"19":{"loc":{"start":{"line":333,"column":2},"end":{"line":335,"column":3}},"type":"if","locations":[{"start":{"line":333,"column":2},"end":{"line":335,"column":3}},{"start":{},"end":{}}],"line":333},"20":{"loc":{"start":{"line":338,"column":4},"end":{"line":340,"column":5}},"type":"if","locations":[{"start":{"line":338,"column":4},"end":{"line":340,"column":5}},{"start":{},"end":{}}],"line":338},"21":{"loc":{"start":{"line":345,"column":2},"end":{"line":347,"column":3}},"type":"if","locations":[{"start":{"line":345,"column":2},"end":{"line":347,"column":3}},{"start":{},"end":{}}],"line":345},"22":{"loc":{"start":{"line":348,"column":2},"end":{"line":352,"column":3}},"type":"if","locations":[{"start":{"line":348,"column":2},"end":{"line":352,"column":3}},{"start":{},"end":{}}],"line":348},"23":{"loc":{"start":{"line":353,"column":2},"end":{"line":355,"column":3}},"type":"if","locations":[{"start":{"line":353,"column":2},"end":{"line":355,"column":3}},{"start":{},"end":{}}],"line":353},"24":{"loc":{"start":{"line":353,"column":6},"end":{"line":353,"column":57}},"type":"binary-expr","locations":[{"start":{"line":353,"column":6},"end":{"line":353,"column":26}},{"start":{"line":353,"column":30},"end":{"line":353,"column":57}}],"line":353},"25":{"loc":{"start":{"line":358,"column":2},"end":{"line":360,"column":3}},"type":"if","locations":[{"start":{"line":358,"column":2},"end":{"line":360,"column":3}},{"start":{},"end":{}}],"line":358},"26":{"loc":{"start":{"line":371,"column":2},"end":{"line":375,"column":3}},"type":"if","locations":[{"start":{"line":371,"column":2},"end":{"line":375,"column":3}},{"start":{},"end":{}}],"line":371},"27":{"loc":{"start":{"line":371,"column":6},"end":{"line":371,"column":25}},"type":"binary-expr","locations":[{"start":{"line":371,"column":6},"end":{"line":371,"column":12}},{"start":{"line":371,"column":16},"end":{"line":371,"column":25}}],"line":371},"28":{"loc":{"start":{"line":377,"column":2},"end":{"line":379,"column":3}},"type":"if","locations":[{"start":{"line":377,"column":2},"end":{"line":379,"column":3}},{"start":{},"end":{}}],"line":377},"29":{"loc":{"start":{"line":381,"column":2},"end":{"line":383,"column":3}},"type":"if","locations":[{"start":{"line":381,"column":2},"end":{"line":383,"column":3}},{"start":{},"end":{}}],"line":381},"30":{"loc":{"start":{"line":393,"column":4},"end":{"line":395,"column":5}},"type":"if","locations":[{"start":{"line":393,"column":4},"end":{"line":395,"column":5}},{"start":{},"end":{}}],"line":393},"31":{"loc":{"start":{"line":396,"column":4},"end":{"line":400,"column":5}},"type":"if","locations":[{"start":{"line":396,"column":4},"end":{"line":400,"column":5}},{"start":{},"end":{}}],"line":396},"32":{"loc":{"start":{"line":402,"column":4},"end":{"line":404,"column":5}},"type":"if","locations":[{"start":{"line":402,"column":4},"end":{"line":404,"column":5}},{"start":{},"end":{}}],"line":402},"33":{"loc":{"start":{"line":423,"column":4},"end":{"line":425,"column":5}},"type":"if","locations":[{"start":{"line":423,"column":4},"end":{"line":425,"column":5}},{"start":{},"end":{}}],"line":423},"34":{"loc":{"start":{"line":426,"column":4},"end":{"line":430,"column":5}},"type":"if","locations":[{"start":{"line":426,"column":4},"end":{"line":430,"column":5}},{"start":{},"end":{}}],"line":426},"35":{"loc":{"start":{"line":432,"column":4},"end":{"line":434,"column":5}},"type":"if","locations":[{"start":{"line":432,"column":4},"end":{"line":434,"column":5}},{"start":{},"end":{}}],"line":432},"36":{"loc":{"start":{"line":452,"column":4},"end":{"line":454,"column":5}},"type":"if","locations":[{"start":{"line":452,"column":4},"end":{"line":454,"column":5}},{"start":{},"end":{}}],"line":452},"37":{"loc":{"start":{"line":455,"column":4},"end":{"line":457,"column":5}},"type":"if","locations":[{"start":{"line":455,"column":4},"end":{"line":457,"column":5}},{"start":{},"end":{}}],"line":455},"38":{"loc":{"start":{"line":459,"column":4},"end":{"line":461,"column":5}},"type":"if","locations":[{"start":{"line":459,"column":4},"end":{"line":461,"column":5}},{"start":{},"end":{}}],"line":459},"39":{"loc":{"start":{"line":475,"column":4},"end":{"line":477,"column":5}},"type":"if","locations":[{"start":{"line":475,"column":4},"end":{"line":477,"column":5}},{"start":{},"end":{}}],"line":475},"40":{"loc":{"start":{"line":479,"column":4},"end":{"line":481,"column":5}},"type":"if","locations":[{"start":{"line":479,"column":4},"end":{"line":481,"column":5}},{"start":{},"end":{}}],"line":479},"41":{"loc":{"start":{"line":482,"column":4},"end":{"line":484,"column":5}},"type":"if","locations":[{"start":{"line":482,"column":4},"end":{"line":484,"column":5}},{"start":{},"end":{}}],"line":482},"42":{"loc":{"start":{"line":485,"column":4},"end":{"line":489,"column":5}},"type":"if","locations":[{"start":{"line":485,"column":4},"end":{"line":489,"column":5}},{"start":{},"end":{}}],"line":485},"43":{"loc":{"start":{"line":490,"column":4},"end":{"line":494,"column":5}},"type":"if","locations":[{"start":{"line":490,"column":4},"end":{"line":494,"column":5}},{"start":{},"end":{}}],"line":490}},"s":{"0":11,"1":11,"2":11,"3":11,"4":11,"5":11,"6":11,"7":11,"8":11,"9":11,"10":11,"11":0,"12":0,"13":0,"14":0,"15":0,"16":0,"17":0,"18":0,"19":0,"20":0,"21":0,"22":0,"23":0,"24":0,"25":0,"26":0,"27":0,"28":0,"29":0,"30":0,"31":0,"32":0,"33":0,"34":0,"35":11,"36":0,"37":11,"38":4,"39":4,"40":4,"41":3,"42":1,"43":2,"44":1,"45":1,"46":1,"47":1,"48":1,"49":1,"50":1,"51":11,"52":0,"53":0,"54":0,"55":0,"56":0,"57":0,"58":0,"59":0,"60":0,"61":11,"62":3,"63":3,"64":3,"65":3,"66":3,"67":0,"68":3,"69":0,"70":0,"71":3,"72":3,"73":1,"74":2,"75":2,"76":2,"77":2,"78":0,"79":2,"80":2,"81":1,"82":1,"83":0,"84":11,"85":5,"86":5,"87":1,"88":4,"89":4,"90":4,"91":3,"92":3,"93":1,"94":2,"95":2,"96":1,"97":1,"98":1,"99":1,"100":0,"101":1,"102":1,"103":11,"104":5,"105":5,"106":1,"107":4,"108":4,"109":4,"110":3,"111":1,"112":2,"113":1,"114":1,"115":1,"116":1,"117":1,"118":1,"119":1,"120":1,"121":0,"122":1,"123":1,"124":11,"125":2,"126":2,"127":1,"128":1,"129":11,"130":7,"131":7,"132":7,"133":1,"134":6,"135":6,"136":6,"137":1,"138":5,"139":6,"140":6,"141":6,"142":2,"143":4,"144":2,"145":2,"146":0,"147":2,"148":2,"149":1,"150":1,"151":1,"152":1,"153":1,"154":11,"155":4,"156":4,"157":4,"158":4,"159":1,"160":3,"161":3,"162":1,"163":2,"164":2,"165":1,"166":1,"167":1,"168":1,"169":11,"170":5,"171":5,"172":5,"173":5,"174":4,"175":1,"176":3,"177":1,"178":2,"179":2,"180":1,"181":1,"182":1,"183":1,"184":1,"185":11,"186":5,"187":5,"188":5,"189":5,"190":5,"191":4,"192":1,"193":3,"194":1,"195":2,"196":2,"197":1,"198":1,"199":1,"200":1,"201":1,"202":1,"203":11,"204":5,"205":5,"206":5,"207":5,"208":4,"209":1,"210":3,"211":1,"212":2,"213":2,"214":1,"215":1,"216":1,"217":1,"218":11,"219":6,"220":6,"221":6,"222":6,"223":6,"224":1,"225":5,"226":5,"227":1,"228":4,"229":1,"230":3,"231":1,"232":2,"233":1,"234":1,"235":1,"236":1,"237":1,"238":0,"239":11},"f":{"0":0,"1":0,"2":0,"3":4,"4":0,"5":0,"6":3,"7":2,"8":5,"9":1,"10":5,"11":1,"12":2,"13":7,"14":6,"15":4,"16":5,"17":5,"18":5,"19":6},"b":{"0":[0,0],"1":[1,2],"2":[1,1],"3":[2,2],"4":[0,0],"5":[0,0],"6":[0,3],"7":[0,3],"8":[1,2],"9":[1,1],"10":[1,4],"11":[1,2],"12":[1,1],"13":[0,1],"14":[1,4],"15":[1,2],"16":[1,1],"17":[0,1],"18":[7,6],"19":[1,6],"20":[1,5],"21":[2,4],"22":[2,2],"23":[0,2],"24":[2,2],"25":[1,1],"26":[1,3],"27":[4,3],"28":[1,2],"29":[1,1],"30":[1,3],"31":[1,2],"32":[1,1],"33":[1,3],"34":[1,2],"35":[1,1],"36":[1,3],"37":[1,2],"38":[1,1],"39":[1,5],"40":[1,4],"41":[1,3],"42":[1,2],"43":[1,1]},"_coverageSchema":"1a1c01bbd47fc00a2c39e90264f33305004495a9","hash":"fbe03bb535d0f21b5d25a663ab8b2db07c985570"}
,"/Users/apple/Desktop/Ziad/Faculty/CCEC-3/2nd Semseter/Software Engineering/Project/Backend/controllers/commentController.js": {"path":"/Users/apple/Desktop/Ziad/Faculty/CCEC-3/2nd Semseter/Software Engineering/Project/Backend/controllers/commentController.js","statementMap":{"0":{"start":{"line":1,"column":16},"end":{"line":1,"column":44}},"1":{"start":{"line":2,"column":13},"end":{"line":2,"column":38}},"2":{"start":{"line":3,"column":13},"end":{"line":3,"column":38}},"3":{"start":{"line":4,"column":18},"end":{"line":4,"column":48}},"4":{"start":{"line":5,"column":19},"end":{"line":5,"column":66}},"5":{"start":{"line":6,"column":15},"end":{"line":6,"column":42}},"6":{"start":{"line":8,"column":22},"end":{"line":102,"column":1}},"7":{"start":{"line":9,"column":17},"end":{"line":9,"column":27}},"8":{"start":{"line":10,"column":17},"end":{"line":10,"column":32}},"9":{"start":{"line":12,"column":2},"end":{"line":101,"column":3}},"10":{"start":{"line":13,"column":17},"end":{"line":13,"column":44}},"11":{"start":{"line":14,"column":4},"end":{"line":17,"column":5}},"12":{"start":{"line":15,"column":6},"end":{"line":15,"column":57}},"13":{"start":{"line":16,"column":6},"end":{"line":16,"column":65}},"14":{"start":{"line":19,"column":17},"end":{"line":19,"column":44}},"15":{"start":{"line":20,"column":4},"end":{"line":23,"column":5}},"16":{"start":{"line":21,"column":6},"end":{"line":21,"column":57}},"17":{"start":{"line":22,"column":6},"end":{"line":22,"column":65}},"18":{"start":{"line":26,"column":4},"end":{"line":34,"column":5}},"19":{"start":{"line":32,"column":6},"end":{"line":32,"column":36}},"20":{"start":{"line":33,"column":6},"end":{"line":33,"column":65}},"21":{"start":{"line":36,"column":4},"end":{"line":45,"column":5}},"22":{"start":{"line":41,"column":6},"end":{"line":41,"column":60}},"23":{"start":{"line":42,"column":6},"end":{"line":44,"column":69}},"24":{"start":{"line":47,"column":20},"end":{"line":55,"column":6}},"25":{"start":{"line":57,"column":4},"end":{"line":69,"column":5}},"26":{"start":{"line":59,"column":26},"end":{"line":59,"column":38}},"27":{"start":{"line":60,"column":6},"end":{"line":68,"column":7}},"28":{"start":{"line":61,"column":32},"end":{"line":61,"column":73}},"29":{"start":{"line":62,"column":8},"end":{"line":62,"column":45}},"30":{"start":{"line":63,"column":13},"end":{"line":68,"column":7}},"31":{"start":{"line":64,"column":32},"end":{"line":64,"column":73}},"32":{"start":{"line":65,"column":8},"end":{"line":65,"column":45}},"33":{"start":{"line":67,"column":8},"end":{"line":67,"column":75}},"34":{"start":{"line":71,"column":4},"end":{"line":73,"column":5}},"35":{"start":{"line":72,"column":6},"end":{"line":72,"column":33}},"36":{"start":{"line":75,"column":25},"end":{"line":75,"column":45}},"37":{"start":{"line":77,"column":4},"end":{"line":85,"column":5}},"38":{"start":{"line":78,"column":28},"end":{"line":78,"column":76}},"39":{"start":{"line":79,"column":6},"end":{"line":81,"column":7}},"40":{"start":{"line":80,"column":8},"end":{"line":80,"column":77}},"41":{"start":{"line":83,"column":6},"end":{"line":83,"column":51}},"42":{"start":{"line":84,"column":6},"end":{"line":84,"column":33}},"43":{"start":{"line":87,"column":4},"end":{"line":87,"column":41}},"44":{"start":{"line":88,"column":4},"end":{"line":88,"column":27}},"45":{"start":{"line":89,"column":4},"end":{"line":89,"column":22}},"46":{"start":{"line":91,"column":4},"end":{"line":91,"column":41}},"47":{"start":{"line":92,"column":4},"end":{"line":92,"column":22}},"48":{"start":{"line":94,"column":4},"end":{"line":97,"column":7}},"49":{"start":{"line":99,"column":4},"end":{"line":99,"column":48}},"50":{"start":{"line":100,"column":4},"end":{"line":100,"column":76}},"51":{"start":{"line":104,"column":15},"end":{"line":132,"column":1}},"52":{"start":{"line":105,"column":2},"end":{"line":131,"column":3}},"53":{"start":{"line":106,"column":19},"end":{"line":106,"column":29}},"54":{"start":{"line":107,"column":22},"end":{"line":107,"column":40}},"55":{"start":{"line":108,"column":20},"end":{"line":108,"column":53}},"56":{"start":{"line":109,"column":17},"end":{"line":109,"column":44}},"57":{"start":{"line":110,"column":4},"end":{"line":112,"column":5}},"58":{"start":{"line":111,"column":6},"end":{"line":111,"column":68}},"59":{"start":{"line":113,"column":4},"end":{"line":115,"column":5}},"60":{"start":{"line":114,"column":6},"end":{"line":114,"column":74}},"61":{"start":{"line":116,"column":4},"end":{"line":120,"column":5}},"62":{"start":{"line":117,"column":6},"end":{"line":117,"column":29}},"63":{"start":{"line":118,"column":6},"end":{"line":118,"column":42}},"64":{"start":{"line":119,"column":6},"end":{"line":119,"column":45}},"65":{"start":{"line":121,"column":4},"end":{"line":121,"column":25}},"66":{"start":{"line":122,"column":4},"end":{"line":122,"column":38}},"67":{"start":{"line":123,"column":4},"end":{"line":123,"column":25}},"68":{"start":{"line":124,"column":4},"end":{"line":127,"column":5}},"69":{"start":{"line":125,"column":6},"end":{"line":125,"column":43}},"70":{"start":{"line":126,"column":6},"end":{"line":126,"column":24}},"71":{"start":{"line":128,"column":4},"end":{"line":128,"column":73}},"72":{"start":{"line":130,"column":4},"end":{"line":130,"column":76}},"73":{"start":{"line":134,"column":17},"end":{"line":162,"column":1}},"74":{"start":{"line":135,"column":2},"end":{"line":161,"column":3}},"75":{"start":{"line":136,"column":19},"end":{"line":136,"column":29}},"76":{"start":{"line":137,"column":22},"end":{"line":137,"column":40}},"77":{"start":{"line":138,"column":20},"end":{"line":138,"column":53}},"78":{"start":{"line":139,"column":17},"end":{"line":139,"column":44}},"79":{"start":{"line":140,"column":4},"end":{"line":142,"column":5}},"80":{"start":{"line":141,"column":6},"end":{"line":141,"column":68}},"81":{"start":{"line":143,"column":4},"end":{"line":145,"column":5}},"82":{"start":{"line":144,"column":6},"end":{"line":144,"column":76}},"83":{"start":{"line":146,"column":4},"end":{"line":150,"column":5}},"84":{"start":{"line":147,"column":6},"end":{"line":147,"column":27}},"85":{"start":{"line":148,"column":6},"end":{"line":148,"column":40}},"86":{"start":{"line":149,"column":6},"end":{"line":149,"column":43}},"87":{"start":{"line":151,"column":4},"end":{"line":151,"column":27}},"88":{"start":{"line":152,"column":4},"end":{"line":152,"column":40}},"89":{"start":{"line":153,"column":4},"end":{"line":153,"column":25}},"90":{"start":{"line":154,"column":4},"end":{"line":157,"column":5}},"91":{"start":{"line":155,"column":6},"end":{"line":155,"column":45}},"92":{"start":{"line":156,"column":6},"end":{"line":156,"column":24}},"93":{"start":{"line":158,"column":4},"end":{"line":158,"column":75}},"94":{"start":{"line":160,"column":4},"end":{"line":160,"column":78}},"95":{"start":{"line":164,"column":23},"end":{"line":187,"column":1}},"96":{"start":{"line":165,"column":2},"end":{"line":186,"column":3}},"97":{"start":{"line":166,"column":19},"end":{"line":166,"column":29}},"98":{"start":{"line":167,"column":22},"end":{"line":167,"column":40}},"99":{"start":{"line":168,"column":20},"end":{"line":168,"column":53}},"100":{"start":{"line":169,"column":17},"end":{"line":169,"column":44}},"101":{"start":{"line":170,"column":4},"end":{"line":172,"column":5}},"102":{"start":{"line":171,"column":6},"end":{"line":171,"column":68}},"103":{"start":{"line":173,"column":4},"end":{"line":175,"column":5}},"104":{"start":{"line":174,"column":6},"end":{"line":174,"column":72}},"105":{"start":{"line":176,"column":4},"end":{"line":176,"column":27}},"106":{"start":{"line":177,"column":4},"end":{"line":177,"column":40}},"107":{"start":{"line":178,"column":4},"end":{"line":178,"column":25}},"108":{"start":{"line":179,"column":4},"end":{"line":182,"column":5}},"109":{"start":{"line":180,"column":6},"end":{"line":180,"column":45}},"110":{"start":{"line":181,"column":6},"end":{"line":181,"column":24}},"111":{"start":{"line":183,"column":4},"end":{"line":183,"column":60}},"112":{"start":{"line":185,"column":4},"end":{"line":185,"column":79}},"113":{"start":{"line":189,"column":21},"end":{"line":213,"column":1}},"114":{"start":{"line":190,"column":2},"end":{"line":212,"column":3}},"115":{"start":{"line":191,"column":19},"end":{"line":191,"column":29}},"116":{"start":{"line":192,"column":22},"end":{"line":192,"column":40}},"117":{"start":{"line":193,"column":20},"end":{"line":193,"column":53}},"118":{"start":{"line":194,"column":17},"end":{"line":194,"column":44}},"119":{"start":{"line":195,"column":4},"end":{"line":197,"column":5}},"120":{"start":{"line":196,"column":6},"end":{"line":196,"column":68}},"121":{"start":{"line":198,"column":4},"end":{"line":200,"column":5}},"122":{"start":{"line":199,"column":6},"end":{"line":199,"column":70}},"123":{"start":{"line":201,"column":4},"end":{"line":201,"column":25}},"124":{"start":{"line":202,"column":4},"end":{"line":202,"column":38}},"125":{"start":{"line":203,"column":4},"end":{"line":203,"column":25}},"126":{"start":{"line":204,"column":4},"end":{"line":208,"column":5}},"127":{"start":{"line":205,"column":6},"end":{"line":205,"column":43}},"128":{"start":{"line":207,"column":6},"end":{"line":207,"column":24}},"129":{"start":{"line":209,"column":4},"end":{"line":209,"column":58}},"130":{"start":{"line":211,"column":4},"end":{"line":211,"column":77}},"131":{"start":{"line":215,"column":22},"end":{"line":288,"column":1}},"132":{"start":{"line":216,"column":17},"end":{"line":216,"column":27}},"133":{"start":{"line":217,"column":20},"end":{"line":217,"column":38}},"134":{"start":{"line":218,"column":16},"end":{"line":218,"column":30}},"135":{"start":{"line":219,"column":22},"end":{"line":219,"column":42}},"136":{"start":{"line":221,"column":2},"end":{"line":287,"column":3}},"137":{"start":{"line":222,"column":17},"end":{"line":222,"column":44}},"138":{"start":{"line":223,"column":4},"end":{"line":226,"column":5}},"139":{"start":{"line":224,"column":6},"end":{"line":224,"column":57}},"140":{"start":{"line":225,"column":6},"end":{"line":225,"column":65}},"141":{"start":{"line":228,"column":20},"end":{"line":228,"column":53}},"142":{"start":{"line":229,"column":4},"end":{"line":232,"column":5}},"143":{"start":{"line":230,"column":6},"end":{"line":230,"column":66}},"144":{"start":{"line":231,"column":6},"end":{"line":231,"column":68}},"145":{"start":{"line":234,"column":25},"end":{"line":234,"column":60}},"146":{"start":{"line":235,"column":4},"end":{"line":237,"column":5}},"147":{"start":{"line":236,"column":6},"end":{"line":236,"column":74}},"148":{"start":{"line":238,"column":4},"end":{"line":246,"column":5}},"149":{"start":{"line":240,"column":8},"end":{"line":240,"column":58}},"150":{"start":{"line":243,"column":6},"end":{"line":245,"column":65}},"151":{"start":{"line":248,"column":17},"end":{"line":248,"column":52}},"152":{"start":{"line":249,"column":4},"end":{"line":252,"column":5}},"153":{"start":{"line":250,"column":6},"end":{"line":250,"column":65}},"154":{"start":{"line":251,"column":6},"end":{"line":251,"column":65}},"155":{"start":{"line":253,"column":4},"end":{"line":255,"column":5}},"156":{"start":{"line":254,"column":6},"end":{"line":254,"column":68}},"157":{"start":{"line":256,"column":4},"end":{"line":258,"column":5}},"158":{"start":{"line":257,"column":6},"end":{"line":257,"column":74}},"159":{"start":{"line":259,"column":24},"end":{"line":259,"column":38}},"160":{"start":{"line":261,"column":19},"end":{"line":270,"column":6}},"161":{"start":{"line":272,"column":4},"end":{"line":281,"column":5}},"162":{"start":{"line":273,"column":6},"end":{"line":278,"column":9}},"163":{"start":{"line":280,"column":6},"end":{"line":280,"column":24}},"164":{"start":{"line":282,"column":4},"end":{"line":282,"column":24}},"165":{"start":{"line":283,"column":4},"end":{"line":283,"column":71}},"166":{"start":{"line":285,"column":4},"end":{"line":285,"column":49}},"167":{"start":{"line":286,"column":4},"end":{"line":286,"column":77}},"168":{"start":{"line":290,"column":20},"end":{"line":324,"column":1}},"169":{"start":{"line":291,"column":2},"end":{"line":323,"column":3}},"170":{"start":{"line":292,"column":19},"end":{"line":292,"column":29}},"171":{"start":{"line":293,"column":22},"end":{"line":293,"column":40}},"172":{"start":{"line":294,"column":20},"end":{"line":294,"column":53}},"173":{"start":{"line":295,"column":17},"end":{"line":295,"column":44}},"174":{"start":{"line":297,"column":4},"end":{"line":299,"column":5}},"175":{"start":{"line":298,"column":6},"end":{"line":298,"column":68}},"176":{"start":{"line":300,"column":4},"end":{"line":302,"column":5}},"177":{"start":{"line":301,"column":6},"end":{"line":301,"column":76}},"178":{"start":{"line":303,"column":17},"end":{"line":303,"column":52}},"179":{"start":{"line":304,"column":4},"end":{"line":308,"column":5}},"180":{"start":{"line":305,"column":6},"end":{"line":307,"column":9}},"181":{"start":{"line":309,"column":22},"end":{"line":309,"column":62}},"182":{"start":{"line":310,"column":4},"end":{"line":314,"column":5}},"183":{"start":{"line":311,"column":6},"end":{"line":313,"column":9}},"184":{"start":{"line":316,"column":4},"end":{"line":316,"column":28}},"185":{"start":{"line":317,"column":4},"end":{"line":317,"column":25}},"186":{"start":{"line":318,"column":4},"end":{"line":318,"column":56}},"187":{"start":{"line":320,"column":4},"end":{"line":322,"column":70}},"188":{"start":{"line":326,"column":22},"end":{"line":359,"column":1}},"189":{"start":{"line":327,"column":2},"end":{"line":358,"column":3}},"190":{"start":{"line":328,"column":19},"end":{"line":328,"column":29}},"191":{"start":{"line":329,"column":22},"end":{"line":329,"column":40}},"192":{"start":{"line":330,"column":20},"end":{"line":330,"column":53}},"193":{"start":{"line":331,"column":17},"end":{"line":331,"column":44}},"194":{"start":{"line":332,"column":4},"end":{"line":334,"column":5}},"195":{"start":{"line":333,"column":6},"end":{"line":333,"column":68}},"196":{"start":{"line":335,"column":4},"end":{"line":337,"column":5}},"197":{"start":{"line":336,"column":6},"end":{"line":336,"column":78}},"198":{"start":{"line":338,"column":17},"end":{"line":338,"column":52}},"199":{"start":{"line":339,"column":4},"end":{"line":343,"column":5}},"200":{"start":{"line":340,"column":6},"end":{"line":342,"column":9}},"201":{"start":{"line":344,"column":22},"end":{"line":344,"column":62}},"202":{"start":{"line":345,"column":4},"end":{"line":349,"column":5}},"203":{"start":{"line":346,"column":6},"end":{"line":348,"column":9}},"204":{"start":{"line":351,"column":4},"end":{"line":351,"column":29}},"205":{"start":{"line":352,"column":4},"end":{"line":352,"column":25}},"206":{"start":{"line":353,"column":4},"end":{"line":353,"column":58}},"207":{"start":{"line":355,"column":4},"end":{"line":357,"column":72}},"208":{"start":{"line":360,"column":0},"end":{"line":369,"column":2}}},"fnMap":{"0":{"name":"(anonymous_0)","decl":{"start":{"line":8,"column":22},"end":{"line":8,"column":23}},"loc":{"start":{"line":8,"column":48},"end":{"line":102,"column":1}},"line":8},"1":{"name":"(anonymous_1)","decl":{"start":{"line":104,"column":15},"end":{"line":104,"column":16}},"loc":{"start":{"line":104,"column":41},"end":{"line":132,"column":1}},"line":104},"2":{"name":"(anonymous_2)","decl":{"start":{"line":134,"column":17},"end":{"line":134,"column":18}},"loc":{"start":{"line":134,"column":43},"end":{"line":162,"column":1}},"line":134},"3":{"name":"(anonymous_3)","decl":{"start":{"line":164,"column":23},"end":{"line":164,"column":24}},"loc":{"start":{"line":164,"column":49},"end":{"line":187,"column":1}},"line":164},"4":{"name":"(anonymous_4)","decl":{"start":{"line":189,"column":21},"end":{"line":189,"column":22}},"loc":{"start":{"line":189,"column":47},"end":{"line":213,"column":1}},"line":189},"5":{"name":"(anonymous_5)","decl":{"start":{"line":215,"column":22},"end":{"line":215,"column":23}},"loc":{"start":{"line":215,"column":48},"end":{"line":288,"column":1}},"line":215},"6":{"name":"(anonymous_6)","decl":{"start":{"line":239,"column":27},"end":{"line":239,"column":28}},"loc":{"start":{"line":240,"column":8},"end":{"line":240,"column":58}},"line":240},"7":{"name":"(anonymous_7)","decl":{"start":{"line":290,"column":20},"end":{"line":290,"column":21}},"loc":{"start":{"line":290,"column":46},"end":{"line":324,"column":1}},"line":290},"8":{"name":"(anonymous_8)","decl":{"start":{"line":326,"column":22},"end":{"line":326,"column":23}},"loc":{"start":{"line":326,"column":48},"end":{"line":359,"column":1}},"line":326}},"branchMap":{"0":{"loc":{"start":{"line":14,"column":4},"end":{"line":17,"column":5}},"type":"if","locations":[{"start":{"line":14,"column":4},"end":{"line":17,"column":5}},{"start":{},"end":{}}],"line":14},"1":{"loc":{"start":{"line":20,"column":4},"end":{"line":23,"column":5}},"type":"if","locations":[{"start":{"line":20,"column":4},"end":{"line":23,"column":5}},{"start":{},"end":{}}],"line":20},"2":{"loc":{"start":{"line":26,"column":4},"end":{"line":34,"column":5}},"type":"if","locations":[{"start":{"line":26,"column":4},"end":{"line":34,"column":5}},{"start":{},"end":{}}],"line":26},"3":{"loc":{"start":{"line":27,"column":6},"end":{"line":30,"column":39}},"type":"binary-expr","locations":[{"start":{"line":27,"column":6},"end":{"line":27,"column":19}},{"start":{"line":28,"column":6},"end":{"line":28,"column":19}},{"start":{"line":29,"column":6},"end":{"line":29,"column":37}},{"start":{"line":30,"column":6},"end":{"line":30,"column":39}}],"line":27},"4":{"loc":{"start":{"line":36,"column":4},"end":{"line":45,"column":5}},"type":"if","locations":[{"start":{"line":36,"column":4},"end":{"line":45,"column":5}},{"start":{},"end":{}}],"line":36},"5":{"loc":{"start":{"line":37,"column":6},"end":{"line":39,"column":19}},"type":"binary-expr","locations":[{"start":{"line":37,"column":7},"end":{"line":37,"column":21}},{"start":{"line":37,"column":25},"end":{"line":37,"column":52}},{"start":{"line":38,"column":7},"end":{"line":38,"column":17}},{"start":{"line":38,"column":21},"end":{"line":38,"column":43}},{"start":{"line":39,"column":6},"end":{"line":39,"column":19}}],"line":37},"6":{"loc":{"start":{"line":50,"column":12},"end":{"line":50,"column":39}},"type":"binary-expr","locations":[{"start":{"line":50,"column":12},"end":{"line":50,"column":32}},{"start":{"line":50,"column":36},"end":{"line":50,"column":39}}],"line":50},"7":{"loc":{"start":{"line":51,"column":23},"end":{"line":51,"column":55}},"type":"binary-expr","locations":[{"start":{"line":51,"column":23},"end":{"line":51,"column":47}},{"start":{"line":51,"column":51},"end":{"line":51,"column":55}}],"line":51},"8":{"loc":{"start":{"line":54,"column":16},"end":{"line":54,"column":42}},"type":"binary-expr","locations":[{"start":{"line":54,"column":16},"end":{"line":54,"column":33}},{"start":{"line":54,"column":37},"end":{"line":54,"column":42}}],"line":54},"9":{"loc":{"start":{"line":57,"column":4},"end":{"line":69,"column":5}},"type":"if","locations":[{"start":{"line":57,"column":4},"end":{"line":69,"column":5}},{"start":{},"end":{}}],"line":57},"10":{"loc":{"start":{"line":57,"column":8},"end":{"line":57,"column":41}},"type":"binary-expr","locations":[{"start":{"line":57,"column":8},"end":{"line":57,"column":17}},{"start":{"line":57,"column":21},"end":{"line":57,"column":41}}],"line":57},"11":{"loc":{"start":{"line":60,"column":6},"end":{"line":68,"column":7}},"type":"if","locations":[{"start":{"line":60,"column":6},"end":{"line":68,"column":7}},{"start":{"line":63,"column":13},"end":{"line":68,"column":7}}],"line":60},"12":{"loc":{"start":{"line":63,"column":13},"end":{"line":68,"column":7}},"type":"if","locations":[{"start":{"line":63,"column":13},"end":{"line":68,"column":7}},{"start":{"line":66,"column":13},"end":{"line":68,"column":7}}],"line":63},"13":{"loc":{"start":{"line":71,"column":4},"end":{"line":73,"column":5}},"type":"if","locations":[{"start":{"line":71,"column":4},"end":{"line":73,"column":5}},{"start":{},"end":{}}],"line":71},"14":{"loc":{"start":{"line":77,"column":4},"end":{"line":85,"column":5}},"type":"if","locations":[{"start":{"line":77,"column":4},"end":{"line":85,"column":5}},{"start":{},"end":{}}],"line":77},"15":{"loc":{"start":{"line":79,"column":6},"end":{"line":81,"column":7}},"type":"if","locations":[{"start":{"line":79,"column":6},"end":{"line":81,"column":7}},{"start":{},"end":{}}],"line":79},"16":{"loc":{"start":{"line":110,"column":4},"end":{"line":112,"column":5}},"type":"if","locations":[{"start":{"line":110,"column":4},"end":{"line":112,"column":5}},{"start":{},"end":{}}],"line":110},"17":{"loc":{"start":{"line":113,"column":4},"end":{"line":115,"column":5}},"type":"if","locations":[{"start":{"line":113,"column":4},"end":{"line":115,"column":5}},{"start":{},"end":{}}],"line":113},"18":{"loc":{"start":{"line":116,"column":4},"end":{"line":120,"column":5}},"type":"if","locations":[{"start":{"line":116,"column":4},"end":{"line":120,"column":5}},{"start":{},"end":{}}],"line":116},"19":{"loc":{"start":{"line":124,"column":4},"end":{"line":127,"column":5}},"type":"if","locations":[{"start":{"line":124,"column":4},"end":{"line":127,"column":5}},{"start":{},"end":{}}],"line":124},"20":{"loc":{"start":{"line":140,"column":4},"end":{"line":142,"column":5}},"type":"if","locations":[{"start":{"line":140,"column":4},"end":{"line":142,"column":5}},{"start":{},"end":{}}],"line":140},"21":{"loc":{"start":{"line":143,"column":4},"end":{"line":145,"column":5}},"type":"if","locations":[{"start":{"line":143,"column":4},"end":{"line":145,"column":5}},{"start":{},"end":{}}],"line":143},"22":{"loc":{"start":{"line":146,"column":4},"end":{"line":150,"column":5}},"type":"if","locations":[{"start":{"line":146,"column":4},"end":{"line":150,"column":5}},{"start":{},"end":{}}],"line":146},"23":{"loc":{"start":{"line":154,"column":4},"end":{"line":157,"column":5}},"type":"if","locations":[{"start":{"line":154,"column":4},"end":{"line":157,"column":5}},{"start":{},"end":{}}],"line":154},"24":{"loc":{"start":{"line":170,"column":4},"end":{"line":172,"column":5}},"type":"if","locations":[{"start":{"line":170,"column":4},"end":{"line":172,"column":5}},{"start":{},"end":{}}],"line":170},"25":{"loc":{"start":{"line":173,"column":4},"end":{"line":175,"column":5}},"type":"if","locations":[{"start":{"line":173,"column":4},"end":{"line":175,"column":5}},{"start":{},"end":{}}],"line":173},"26":{"loc":{"start":{"line":179,"column":4},"end":{"line":182,"column":5}},"type":"if","locations":[{"start":{"line":179,"column":4},"end":{"line":182,"column":5}},{"start":{},"end":{}}],"line":179},"27":{"loc":{"start":{"line":195,"column":4},"end":{"line":197,"column":5}},"type":"if","locations":[{"start":{"line":195,"column":4},"end":{"line":197,"column":5}},{"start":{},"end":{}}],"line":195},"28":{"loc":{"start":{"line":198,"column":4},"end":{"line":200,"column":5}},"type":"if","locations":[{"start":{"line":198,"column":4},"end":{"line":200,"column":5}},{"start":{},"end":{}}],"line":198},"29":{"loc":{"start":{"line":204,"column":4},"end":{"line":208,"column":5}},"type":"if","locations":[{"start":{"line":204,"column":4},"end":{"line":208,"column":5}},{"start":{},"end":{}}],"line":204},"30":{"loc":{"start":{"line":223,"column":4},"end":{"line":226,"column":5}},"type":"if","locations":[{"start":{"line":223,"column":4},"end":{"line":226,"column":5}},{"start":{},"end":{}}],"line":223},"31":{"loc":{"start":{"line":229,"column":4},"end":{"line":232,"column":5}},"type":"if","locations":[{"start":{"line":229,"column":4},"end":{"line":232,"column":5}},{"start":{},"end":{}}],"line":229},"32":{"loc":{"start":{"line":235,"column":4},"end":{"line":237,"column":5}},"type":"if","locations":[{"start":{"line":235,"column":4},"end":{"line":237,"column":5}},{"start":{},"end":{}}],"line":235},"33":{"loc":{"start":{"line":238,"column":4},"end":{"line":246,"column":5}},"type":"if","locations":[{"start":{"line":238,"column":4},"end":{"line":246,"column":5}},{"start":{},"end":{}}],"line":238},"34":{"loc":{"start":{"line":249,"column":4},"end":{"line":252,"column":5}},"type":"if","locations":[{"start":{"line":249,"column":4},"end":{"line":252,"column":5}},{"start":{},"end":{}}],"line":249},"35":{"loc":{"start":{"line":253,"column":4},"end":{"line":255,"column":5}},"type":"if","locations":[{"start":{"line":253,"column":4},"end":{"line":255,"column":5}},{"start":{},"end":{}}],"line":253},"36":{"loc":{"start":{"line":256,"column":4},"end":{"line":258,"column":5}},"type":"if","locations":[{"start":{"line":256,"column":4},"end":{"line":258,"column":5}},{"start":{},"end":{}}],"line":256},"37":{"loc":{"start":{"line":266,"column":19},"end":{"line":266,"column":38}},"type":"binary-expr","locations":[{"start":{"line":266,"column":19},"end":{"line":266,"column":30}},{"start":{"line":266,"column":34},"end":{"line":266,"column":38}}],"line":266},"38":{"loc":{"start":{"line":267,"column":13},"end":{"line":267,"column":24}},"type":"binary-expr","locations":[{"start":{"line":267,"column":13},"end":{"line":267,"column":18}},{"start":{"line":267,"column":22},"end":{"line":267,"column":24}}],"line":267},"39":{"loc":{"start":{"line":269,"column":17},"end":{"line":269,"column":44}},"type":"binary-expr","locations":[{"start":{"line":269,"column":17},"end":{"line":269,"column":35}},{"start":{"line":269,"column":39},"end":{"line":269,"column":44}}],"line":269},"40":{"loc":{"start":{"line":272,"column":4},"end":{"line":281,"column":5}},"type":"if","locations":[{"start":{"line":272,"column":4},"end":{"line":281,"column":5}},{"start":{},"end":{}}],"line":272},"41":{"loc":{"start":{"line":297,"column":4},"end":{"line":299,"column":5}},"type":"if","locations":[{"start":{"line":297,"column":4},"end":{"line":299,"column":5}},{"start":{},"end":{}}],"line":297},"42":{"loc":{"start":{"line":300,"column":4},"end":{"line":302,"column":5}},"type":"if","locations":[{"start":{"line":300,"column":4},"end":{"line":302,"column":5}},{"start":{},"end":{}}],"line":300},"43":{"loc":{"start":{"line":304,"column":4},"end":{"line":308,"column":5}},"type":"if","locations":[{"start":{"line":304,"column":4},"end":{"line":308,"column":5}},{"start":{},"end":{}}],"line":304},"44":{"loc":{"start":{"line":310,"column":4},"end":{"line":314,"column":5}},"type":"if","locations":[{"start":{"line":310,"column":4},"end":{"line":314,"column":5}},{"start":{},"end":{}}],"line":310},"45":{"loc":{"start":{"line":332,"column":4},"end":{"line":334,"column":5}},"type":"if","locations":[{"start":{"line":332,"column":4},"end":{"line":334,"column":5}},{"start":{},"end":{}}],"line":332},"46":{"loc":{"start":{"line":335,"column":4},"end":{"line":337,"column":5}},"type":"if","locations":[{"start":{"line":335,"column":4},"end":{"line":337,"column":5}},{"start":{},"end":{}}],"line":335},"47":{"loc":{"start":{"line":339,"column":4},"end":{"line":343,"column":5}},"type":"if","locations":[{"start":{"line":339,"column":4},"end":{"line":343,"column":5}},{"start":{},"end":{}}],"line":339},"48":{"loc":{"start":{"line":345,"column":4},"end":{"line":349,"column":5}},"type":"if","locations":[{"start":{"line":345,"column":4},"end":{"line":349,"column":5}},{"start":{},"end":{}}],"line":345}},"s":{"0":1,"1":1,"2":1,"3":1,"4":1,"5":1,"6":1,"7":0,"8":0,"9":0,"10":0,"11":0,"12":0,"13":0,"14":0,"15":0,"16":0,"17":0,"18":0,"19":0,"20":0,"21":0,"22":0,"23":0,"24":0,"25":0,"26":0,"27":0,"28":0,"29":0,"30":0,"31":0,"32":0,"33":0,"34":0,"35":0,"36":0,"37":0,"38":0,"39":0,"40":0,"41":0,"42":0,"43":0,"44":0,"45":0,"46":0,"47":0,"48":0,"49":0,"50":0,"51":1,"52":4,"53":4,"54":4,"55":4,"56":3,"57":3,"58":1,"59":2,"60":1,"61":1,"62":0,"63":0,"64":0,"65":1,"66":1,"67":1,"68":1,"69":1,"70":1,"71":1,"72":1,"73":1,"74":0,"75":0,"76":0,"77":0,"78":0,"79":0,"80":0,"81":0,"82":0,"83":0,"84":0,"85":0,"86":0,"87":0,"88":0,"89":0,"90":0,"91":0,"92":0,"93":0,"94":0,"95":1,"96":0,"97":0,"98":0,"99":0,"100":0,"101":0,"102":0,"103":0,"104":0,"105":0,"106":0,"107":0,"108":0,"109":0,"110":0,"111":0,"112":0,"113":1,"114":0,"115":0,"116":0,"117":0,"118":0,"119":0,"120":0,"121":0,"122":0,"123":0,"124":0,"125":0,"126":0,"127":0,"128":0,"129":0,"130":0,"131":1,"132":0,"133":0,"134":0,"135":0,"136":0,"137":0,"138":0,"139":0,"140":0,"141":0,"142":0,"143":0,"144":0,"145":0,"146":0,"147":0,"148":0,"149":0,"150":0,"151":0,"152":0,"153":0,"154":0,"155":0,"156":0,"157":0,"158":0,"159":0,"160":0,"161":0,"162":0,"163":0,"164":0,"165":0,"166":0,"167":0,"168":1,"169":0,"170":0,"171":0,"172":0,"173":0,"174":0,"175":0,"176":0,"177":0,"178":0,"179":0,"180":0,"181":0,"182":0,"183":0,"184":0,"185":0,"186":0,"187":0,"188":1,"189":0,"190":0,"191":0,"192":0,"193":0,"194":0,"195":0,"196":0,"197":0,"198":0,"199":0,"200":0,"201":0,"202":0,"203":0,"204":0,"205":0,"206":0,"207":0,"208":1},"f":{"0":0,"1":4,"2":0,"3":0,"4":0,"5":0,"6":0,"7":0,"8":0},"b":{"0":[0,0],"1":[0,0],"2":[0,0],"3":[0,0,0,0],"4":[0,0],"5":[0,0,0,0,0],"6":[0,0],"7":[0,0],"8":[0,0],"9":[0,0],"10":[0,0],"11":[0,0],"12":[0,0],"13":[0,0],"14":[0,0],"15":[0,0],"16":[1,2],"17":[1,1],"18":[0,1],"19":[1,0],"20":[0,0],"21":[0,0],"22":[0,0],"23":[0,0],"24":[0,0],"25":[0,0],"26":[0,0],"27":[0,0],"28":[0,0],"29":[0,0],"30":[0,0],"31":[0,0],"32":[0,0],"33":[0,0],"34":[0,0],"35":[0,0],"36":[0,0],"37":[0,0],"38":[0,0],"39":[0,0],"40":[0,0],"41":[0,0],"42":[0,0],"43":[0,0],"44":[0,0],"45":[0,0],"46":[0,0],"47":[0,0],"48":[0,0]},"_coverageSchema":"1a1c01bbd47fc00a2c39e90264f33305004495a9","hash":"58b24b90a7f317a616ccff11c5aa9352754972c8"}
,"/Users/apple/Desktop/Ziad/Faculty/CCEC-3/2nd Semseter/Software Engineering/Project/Backend/controllers/postController.js": {"path":"/Users/apple/Desktop/Ziad/Faculty/CCEC-3/2nd Semseter/Software Engineering/Project/Backend/controllers/postController.js","statementMap":{"0":{"start":{"line":1,"column":13},"end":{"line":1,"column":38}},"1":{"start":{"line":2,"column":13},"end":{"line":2,"column":38}},"2":{"start":{"line":3,"column":18},"end":{"line":3,"column":48}},"3":{"start":{"line":4,"column":16},"end":{"line":4,"column":44}},"4":{"start":{"line":5,"column":19},"end":{"line":5,"column":66}},"5":{"start":{"line":6,"column":15},"end":{"line":6,"column":42}},"6":{"start":{"line":7,"column":17},"end":{"line":7,"column":36}},"7":{"start":{"line":8,"column":24},"end":{"line":8,"column":56}},"8":{"start":{"line":10,"column":19},"end":{"line":131,"column":1}},"9":{"start":{"line":11,"column":17},"end":{"line":11,"column":27}},"10":{"start":{"line":12,"column":22},"end":{"line":12,"column":42}},"11":{"start":{"line":14,"column":15},"end":{"line":14,"column":42}},"12":{"start":{"line":15,"column":2},"end":{"line":17,"column":3}},"13":{"start":{"line":16,"column":4},"end":{"line":16,"column":63}},"14":{"start":{"line":18,"column":2},"end":{"line":130,"column":3}},"15":{"start":{"line":20,"column":4},"end":{"line":22,"column":5}},"16":{"start":{"line":21,"column":6},"end":{"line":21,"column":68}},"17":{"start":{"line":24,"column":4},"end":{"line":90,"column":5}},"18":{"start":{"line":27,"column":8},"end":{"line":39,"column":9}},"19":{"start":{"line":35,"column":10},"end":{"line":38,"column":13}},"20":{"start":{"line":40,"column":8},"end":{"line":40,"column":14}},"21":{"start":{"line":43,"column":8},"end":{"line":52,"column":9}},"22":{"start":{"line":49,"column":10},"end":{"line":51,"column":13}},"23":{"start":{"line":54,"column":8},"end":{"line":58,"column":9}},"24":{"start":{"line":55,"column":10},"end":{"line":57,"column":13}},"25":{"start":{"line":59,"column":8},"end":{"line":59,"column":14}},"26":{"start":{"line":62,"column":8},"end":{"line":67,"column":9}},"27":{"start":{"line":63,"column":10},"end":{"line":66,"column":13}},"28":{"start":{"line":68,"column":8},"end":{"line":68,"column":14}},"29":{"start":{"line":71,"column":8},"end":{"line":81,"column":9}},"30":{"start":{"line":78,"column":10},"end":{"line":80,"column":13}},"31":{"start":{"line":82,"column":8},"end":{"line":86,"column":9}},"32":{"start":{"line":83,"column":10},"end":{"line":85,"column":64}},"33":{"start":{"line":87,"column":8},"end":{"line":87,"column":14}},"34":{"start":{"line":89,"column":8},"end":{"line":89,"column":70}},"35":{"start":{"line":91,"column":20},"end":{"line":91,"column":24}},"36":{"start":{"line":92,"column":4},"end":{"line":97,"column":5}},"37":{"start":{"line":93,"column":6},"end":{"line":93,"column":56}},"38":{"start":{"line":94,"column":6},"end":{"line":96,"column":7}},"39":{"start":{"line":95,"column":8},"end":{"line":95,"column":76}},"40":{"start":{"line":98,"column":20},"end":{"line":98,"column":59}},"41":{"start":{"line":99,"column":4},"end":{"line":116,"column":5}},"42":{"start":{"line":100,"column":6},"end":{"line":115,"column":7}},"43":{"start":{"line":101,"column":8},"end":{"line":114,"column":9}},"44":{"start":{"line":102,"column":34},"end":{"line":102,"column":69}},"45":{"start":{"line":103,"column":10},"end":{"line":111,"column":11}},"46":{"start":{"line":104,"column":12},"end":{"line":104,"column":49}},"47":{"start":{"line":105,"column":17},"end":{"line":111,"column":11}},"48":{"start":{"line":106,"column":12},"end":{"line":106,"column":49}},"49":{"start":{"line":108,"column":12},"end":{"line":110,"column":72}},"50":{"start":{"line":113,"column":10},"end":{"line":113,"column":67}},"51":{"start":{"line":117,"column":4},"end":{"line":123,"column":5}},"52":{"start":{"line":118,"column":6},"end":{"line":118,"column":36}},"53":{"start":{"line":119,"column":6},"end":{"line":119,"column":29}},"54":{"start":{"line":121,"column":6},"end":{"line":121,"column":31}},"55":{"start":{"line":122,"column":6},"end":{"line":122,"column":24}},"56":{"start":{"line":124,"column":4},"end":{"line":124,"column":25}},"57":{"start":{"line":125,"column":4},"end":{"line":125,"column":67}},"58":{"start":{"line":127,"column":4},"end":{"line":129,"column":70}},"59":{"start":{"line":133,"column":22},"end":{"line":133,"column":52}},"60":{"start":{"line":134,"column":23},"end":{"line":134,"column":57}},"61":{"start":{"line":135,"column":20},"end":{"line":135,"column":54}},"62":{"start":{"line":136,"column":18},"end":{"line":136,"column":50}},"63":{"start":{"line":137,"column":18},"end":{"line":140,"column":5}},"64":{"start":{"line":137,"column":47},"end":{"line":140,"column":3}},"65":{"start":{"line":142,"column":2},"end":{"line":166,"column":5}},"66":{"start":{"line":169,"column":17},"end":{"line":212,"column":1}},"67":{"start":{"line":170,"column":17},"end":{"line":170,"column":32}},"68":{"start":{"line":171,"column":17},"end":{"line":171,"column":27}},"69":{"start":{"line":173,"column":2},"end":{"line":211,"column":7}},"70":{"start":{"line":175,"column":6},"end":{"line":177,"column":7}},"71":{"start":{"line":176,"column":8},"end":{"line":176,"column":67}},"72":{"start":{"line":179,"column":6},"end":{"line":183,"column":7}},"73":{"start":{"line":180,"column":8},"end":{"line":182,"column":65}},"74":{"start":{"line":184,"column":6},"end":{"line":186,"column":7}},"75":{"start":{"line":185,"column":8},"end":{"line":185,"column":78}},"76":{"start":{"line":187,"column":6},"end":{"line":189,"column":7}},"77":{"start":{"line":188,"column":8},"end":{"line":188,"column":79}},"78":{"start":{"line":190,"column":6},"end":{"line":194,"column":7}},"79":{"start":{"line":191,"column":8},"end":{"line":193,"column":67}},"80":{"start":{"line":195,"column":6},"end":{"line":195,"column":32}},"81":{"start":{"line":196,"column":6},"end":{"line":205,"column":11}},"82":{"start":{"line":199,"column":10},"end":{"line":199,"column":73}},"83":{"start":{"line":202,"column":10},"end":{"line":204,"column":76}},"84":{"start":{"line":208,"column":6},"end":{"line":210,"column":71}},"85":{"start":{"line":214,"column":17},"end":{"line":240,"column":1}},"86":{"start":{"line":215,"column":2},"end":{"line":239,"column":3}},"87":{"start":{"line":216,"column":19},"end":{"line":216,"column":29}},"88":{"start":{"line":217,"column":19},"end":{"line":217,"column":34}},"89":{"start":{"line":218,"column":17},"end":{"line":218,"column":44}},"90":{"start":{"line":219,"column":4},"end":{"line":221,"column":5}},"91":{"start":{"line":220,"column":6},"end":{"line":220,"column":65}},"92":{"start":{"line":222,"column":22},"end":{"line":224,"column":5}},"93":{"start":{"line":223,"column":6},"end":{"line":223,"column":30}},"94":{"start":{"line":225,"column":17},"end":{"line":225,"column":44}},"95":{"start":{"line":226,"column":4},"end":{"line":228,"column":5}},"96":{"start":{"line":227,"column":6},"end":{"line":227,"column":65}},"97":{"start":{"line":229,"column":4},"end":{"line":233,"column":5}},"98":{"start":{"line":230,"column":6},"end":{"line":232,"column":73}},"99":{"start":{"line":234,"column":4},"end":{"line":234,"column":33}},"100":{"start":{"line":235,"column":4},"end":{"line":235,"column":22}},"101":{"start":{"line":236,"column":4},"end":{"line":236,"column":65}},"102":{"start":{"line":238,"column":4},"end":{"line":238,"column":59}},"103":{"start":{"line":241,"column":19},"end":{"line":264,"column":1}},"104":{"start":{"line":242,"column":2},"end":{"line":263,"column":3}},"105":{"start":{"line":243,"column":19},"end":{"line":243,"column":29}},"106":{"start":{"line":244,"column":19},"end":{"line":244,"column":34}},"107":{"start":{"line":245,"column":17},"end":{"line":245,"column":44}},"108":{"start":{"line":246,"column":4},"end":{"line":248,"column":5}},"109":{"start":{"line":247,"column":6},"end":{"line":247,"column":65}},"110":{"start":{"line":249,"column":22},"end":{"line":251,"column":5}},"111":{"start":{"line":250,"column":6},"end":{"line":250,"column":30}},"112":{"start":{"line":252,"column":4},"end":{"line":256,"column":5}},"113":{"start":{"line":253,"column":6},"end":{"line":255,"column":69}},"114":{"start":{"line":257,"column":4},"end":{"line":257,"column":33}},"115":{"start":{"line":258,"column":4},"end":{"line":258,"column":22}},"116":{"start":{"line":260,"column":4},"end":{"line":260,"column":67}},"117":{"start":{"line":262,"column":4},"end":{"line":262,"column":61}},"118":{"start":{"line":272,"column":15},"end":{"line":300,"column":1}},"119":{"start":{"line":273,"column":2},"end":{"line":299,"column":3}},"120":{"start":{"line":274,"column":19},"end":{"line":274,"column":29}},"121":{"start":{"line":275,"column":19},"end":{"line":275,"column":34}},"122":{"start":{"line":276,"column":17},"end":{"line":276,"column":44}},"123":{"start":{"line":277,"column":17},"end":{"line":277,"column":44}},"124":{"start":{"line":278,"column":4},"end":{"line":280,"column":5}},"125":{"start":{"line":279,"column":6},"end":{"line":279,"column":65}},"126":{"start":{"line":281,"column":4},"end":{"line":283,"column":5}},"127":{"start":{"line":282,"column":6},"end":{"line":282,"column":71}},"128":{"start":{"line":284,"column":4},"end":{"line":288,"column":5}},"129":{"start":{"line":285,"column":6},"end":{"line":285,"column":26}},"130":{"start":{"line":286,"column":6},"end":{"line":286,"column":39}},"131":{"start":{"line":287,"column":6},"end":{"line":287,"column":39}},"132":{"start":{"line":289,"column":4},"end":{"line":289,"column":22}},"133":{"start":{"line":290,"column":4},"end":{"line":290,"column":35}},"134":{"start":{"line":291,"column":4},"end":{"line":291,"column":22}},"135":{"start":{"line":292,"column":4},"end":{"line":295,"column":5}},"136":{"start":{"line":293,"column":6},"end":{"line":293,"column":37}},"137":{"start":{"line":294,"column":6},"end":{"line":294,"column":24}},"138":{"start":{"line":296,"column":4},"end":{"line":296,"column":70}},"139":{"start":{"line":298,"column":4},"end":{"line":298,"column":73}},"140":{"start":{"line":309,"column":17},"end":{"line":339,"column":1}},"141":{"start":{"line":310,"column":2},"end":{"line":338,"column":3}},"142":{"start":{"line":311,"column":19},"end":{"line":311,"column":29}},"143":{"start":{"line":312,"column":19},"end":{"line":312,"column":34}},"144":{"start":{"line":313,"column":17},"end":{"line":313,"column":44}},"145":{"start":{"line":314,"column":17},"end":{"line":314,"column":44}},"146":{"start":{"line":315,"column":4},"end":{"line":317,"column":5}},"147":{"start":{"line":316,"column":6},"end":{"line":316,"column":65}},"148":{"start":{"line":318,"column":4},"end":{"line":320,"column":5}},"149":{"start":{"line":319,"column":6},"end":{"line":319,"column":73}},"150":{"start":{"line":321,"column":4},"end":{"line":325,"column":5}},"151":{"start":{"line":322,"column":6},"end":{"line":322,"column":24}},"152":{"start":{"line":323,"column":6},"end":{"line":323,"column":37}},"153":{"start":{"line":324,"column":6},"end":{"line":324,"column":37}},"154":{"start":{"line":326,"column":4},"end":{"line":326,"column":24}},"155":{"start":{"line":327,"column":4},"end":{"line":327,"column":37}},"156":{"start":{"line":328,"column":4},"end":{"line":328,"column":22}},"157":{"start":{"line":329,"column":4},"end":{"line":332,"column":5}},"158":{"start":{"line":330,"column":6},"end":{"line":330,"column":39}},"159":{"start":{"line":331,"column":6},"end":{"line":331,"column":24}},"160":{"start":{"line":333,"column":4},"end":{"line":333,"column":72}},"161":{"start":{"line":335,"column":4},"end":{"line":337,"column":70}},"162":{"start":{"line":341,"column":17},"end":{"line":368,"column":1}},"163":{"start":{"line":342,"column":17},"end":{"line":342,"column":27}},"164":{"start":{"line":343,"column":17},"end":{"line":343,"column":32}},"165":{"start":{"line":344,"column":2},"end":{"line":367,"column":3}},"166":{"start":{"line":345,"column":17},"end":{"line":345,"column":44}},"167":{"start":{"line":346,"column":4},"end":{"line":348,"column":5}},"168":{"start":{"line":347,"column":6},"end":{"line":347,"column":65}},"169":{"start":{"line":349,"column":17},"end":{"line":349,"column":44}},"170":{"start":{"line":350,"column":4},"end":{"line":352,"column":5}},"171":{"start":{"line":351,"column":6},"end":{"line":351,"column":65}},"172":{"start":{"line":353,"column":4},"end":{"line":357,"column":5}},"173":{"start":{"line":354,"column":6},"end":{"line":356,"column":74}},"174":{"start":{"line":359,"column":4},"end":{"line":359,"column":41}},"175":{"start":{"line":360,"column":4},"end":{"line":360,"column":22}},"176":{"start":{"line":362,"column":4},"end":{"line":362,"column":66}},"177":{"start":{"line":364,"column":4},"end":{"line":366,"column":69}},"178":{"start":{"line":370,"column":19},"end":{"line":405,"column":1}},"179":{"start":{"line":371,"column":2},"end":{"line":404,"column":3}},"180":{"start":{"line":372,"column":19},"end":{"line":372,"column":29}},"181":{"start":{"line":373,"column":19},"end":{"line":373,"column":34}},"182":{"start":{"line":375,"column":17},"end":{"line":375,"column":44}},"183":{"start":{"line":377,"column":4},"end":{"line":379,"column":5}},"184":{"start":{"line":378,"column":6},"end":{"line":378,"column":65}},"185":{"start":{"line":380,"column":17},"end":{"line":380,"column":44}},"186":{"start":{"line":381,"column":4},"end":{"line":383,"column":5}},"187":{"start":{"line":382,"column":6},"end":{"line":382,"column":65}},"188":{"start":{"line":384,"column":24},"end":{"line":386,"column":5}},"189":{"start":{"line":385,"column":6},"end":{"line":385,"column":33}},"190":{"start":{"line":388,"column":4},"end":{"line":396,"column":5}},"191":{"start":{"line":389,"column":6},"end":{"line":392,"column":8}},"192":{"start":{"line":393,"column":6},"end":{"line":395,"column":70}},"193":{"start":{"line":398,"column":4},"end":{"line":398,"column":32}},"194":{"start":{"line":400,"column":4},"end":{"line":400,"column":22}},"195":{"start":{"line":401,"column":4},"end":{"line":401,"column":68}},"196":{"start":{"line":403,"column":4},"end":{"line":403,"column":62}},"197":{"start":{"line":407,"column":17},"end":{"line":453,"column":1}},"198":{"start":{"line":408,"column":17},"end":{"line":408,"column":32}},"199":{"start":{"line":409,"column":17},"end":{"line":409,"column":27}},"200":{"start":{"line":411,"column":2},"end":{"line":452,"column":3}},"201":{"start":{"line":412,"column":17},"end":{"line":412,"column":44}},"202":{"start":{"line":413,"column":4},"end":{"line":415,"column":5}},"203":{"start":{"line":414,"column":6},"end":{"line":414,"column":65}},"204":{"start":{"line":417,"column":17},"end":{"line":417,"column":44}},"205":{"start":{"line":418,"column":4},"end":{"line":420,"column":5}},"206":{"start":{"line":419,"column":6},"end":{"line":419,"column":65}},"207":{"start":{"line":422,"column":22},"end":{"line":422,"column":62}},"208":{"start":{"line":423,"column":4},"end":{"line":425,"column":5}},"209":{"start":{"line":424,"column":6},"end":{"line":424,"column":70}},"210":{"start":{"line":427,"column":4},"end":{"line":433,"column":5}},"211":{"start":{"line":428,"column":6},"end":{"line":432,"column":7}},"212":{"start":{"line":429,"column":8},"end":{"line":431,"column":65}},"213":{"start":{"line":434,"column":4},"end":{"line":440,"column":5}},"214":{"start":{"line":435,"column":6},"end":{"line":439,"column":7}},"215":{"start":{"line":436,"column":8},"end":{"line":438,"column":11}},"216":{"start":{"line":441,"column":4},"end":{"line":443,"column":5}},"217":{"start":{"line":442,"column":6},"end":{"line":442,"column":73}},"218":{"start":{"line":444,"column":4},"end":{"line":444,"column":25}},"219":{"start":{"line":445,"column":4},"end":{"line":445,"column":22}},"220":{"start":{"line":447,"column":4},"end":{"line":447,"column":66}},"221":{"start":{"line":449,"column":4},"end":{"line":451,"column":69}},"222":{"start":{"line":454,"column":19},"end":{"line":511,"column":1}},"223":{"start":{"line":455,"column":17},"end":{"line":455,"column":32}},"224":{"start":{"line":456,"column":17},"end":{"line":456,"column":27}},"225":{"start":{"line":458,"column":2},"end":{"line":510,"column":3}},"226":{"start":{"line":459,"column":4},"end":{"line":463,"column":5}},"227":{"start":{"line":460,"column":6},"end":{"line":462,"column":61}},"228":{"start":{"line":464,"column":17},"end":{"line":464,"column":44}},"229":{"start":{"line":465,"column":4},"end":{"line":467,"column":5}},"230":{"start":{"line":466,"column":6},"end":{"line":466,"column":65}},"231":{"start":{"line":469,"column":17},"end":{"line":469,"column":44}},"232":{"start":{"line":470,"column":4},"end":{"line":472,"column":5}},"233":{"start":{"line":471,"column":6},"end":{"line":471,"column":65}},"234":{"start":{"line":474,"column":22},"end":{"line":474,"column":62}},"235":{"start":{"line":475,"column":4},"end":{"line":478,"column":5}},"236":{"start":{"line":476,"column":6},"end":{"line":476,"column":67}},"237":{"start":{"line":477,"column":6},"end":{"line":477,"column":70}},"238":{"start":{"line":480,"column":4},"end":{"line":486,"column":5}},"239":{"start":{"line":481,"column":6},"end":{"line":485,"column":7}},"240":{"start":{"line":482,"column":8},"end":{"line":484,"column":65}},"241":{"start":{"line":487,"column":4},"end":{"line":497,"column":5}},"242":{"start":{"line":488,"column":6},"end":{"line":496,"column":7}},"243":{"start":{"line":489,"column":8},"end":{"line":492,"column":10}},"244":{"start":{"line":493,"column":8},"end":{"line":495,"column":11}},"245":{"start":{"line":498,"column":4},"end":{"line":500,"column":5}},"246":{"start":{"line":499,"column":6},"end":{"line":499,"column":75}},"247":{"start":{"line":501,"column":4},"end":{"line":501,"column":26}},"248":{"start":{"line":503,"column":4},"end":{"line":503,"column":22}},"249":{"start":{"line":505,"column":4},"end":{"line":505,"column":68}},"250":{"start":{"line":507,"column":4},"end":{"line":509,"column":71}},"251":{"start":{"line":512,"column":27},"end":{"line":526,"column":1}},"252":{"start":{"line":513,"column":17},"end":{"line":513,"column":33}},"253":{"start":{"line":514,"column":2},"end":{"line":525,"column":3}},"254"
[...]
511":0,"512":0,"513":0,"514":0,"515":0,"516":0,"517":0,"518":0,"519":0,"520":0,"521":0,"522":0,"523":29,"524":0,"525":0,"526":0,"527":0,"528":0,"529":0,"530":0,"531":0,"532":0,"533":29,"534":4,"535":4,"536":4,"537":3,"538":1,"539":2,"540":1,"541":1,"542":1,"543":1,"544":1,"545":29,"546":0,"547":0,"548":0,"549":0,"550":0,"551":0,"552":0,"553":0,"554":0,"555":0,"556":0,"557":0,"558":0,"559":0,"560":29,"561":3,"562":3,"563":3,"564":2,"565":1,"566":1,"567":1,"568":29,"569":5,"570":5,"571":5,"572":4,"573":1,"574":3,"575":1,"576":2,"577":2,"578":2,"579":1,"580":1,"581":1,"582":1,"583":1,"584":29,"585":4,"586":4,"587":4,"588":3,"589":1,"590":2,"591":2,"592":0,"593":2,"594":2,"595":1,"596":1,"597":1,"598":29,"599":5,"600":5,"601":5,"602":4,"603":1,"604":3,"605":1,"606":2,"607":2,"608":2,"609":1,"610":1,"611":1,"612":1,"613":1,"614":29,"615":8,"616":8,"617":8,"618":6,"619":2,"620":4,"621":4,"622":0,"623":4,"624":4,"625":2,"626":2,"627":2,"628":29,"629":3,"630":3,"631":3,"632":2,"633":1,"634":1,"635":1,"636":29,"637":3,"638":3,"639":3,"640":2,"641":1,"642":1,"643":1,"644":1,"645":1,"646":1,"647":1,"648":1,"649":1,"650":1,"651":1,"652":1,"653":1,"654":1,"655":29,"656":5,"657":5,"658":5,"659":4,"660":1,"661":3,"662":1,"663":2,"664":1,"665":1,"666":1,"667":1,"668":1,"669":1,"670":29,"671":3,"672":3,"673":3,"674":2,"675":1,"676":1,"677":1,"678":29,"679":0,"680":0,"681":0,"682":0,"683":0,"684":0,"685":0,"686":0,"687":0,"688":0,"689":0,"690":0,"691":0,"692":0,"693":29,"694":0,"695":0,"696":0,"697":0,"698":0,"699":0,"700":0,"701":0,"702":0,"703":0,"704":0,"705":0,"706":0,"707":0,"708":0,"709":0,"710":0,"711":0,"712":0,"713":29,"714":3,"715":3,"716":3,"717":2,"718":1,"719":1,"720":1,"721":2,"722":1,"723":1,"724":1,"725":1,"726":1,"727":0,"728":0,"729":2,"730":29},"f":{"0":5,"1":0,"2":3,"3":3,"4":0,"5":0,"6":0,"7":0,"8":0,"9":0,"10":0,"11":0,"12":3,"13":0,"14":0,"15":0,"16":0,"17":0,"18":4,"19":5,"20":0,"21":5,"22":0,"23":0,"24":3,"25":3,"26":4,"27":4,"28":3,"29":4,"30":3,"31":5,"32":4,"33":1,"34":4,"35":1,"36":0,"37":0,"38":0,"39":4,"40":5,"41":0,"42":0,"43":0,"44":0,"45":0,"46":0,"47":0,"48":0,"49":0,"50":0,"51":4,"52":0,"53":0,"54":0,"55":3,"56":5,"57":4,"58":5,"59":8,"60":3,"61":3,"62":5,"63":3,"64":0,"65":0,"66":0,"67":3,"68":2,"69":1,"70":1},"b":{"0":[2,1],"1":[0,0],"2":[1,1],"3":[1,2],"4":[1,1],"5":[0,0],"6":[0,0],"7":[0,0],"8":[0,0],"9":[0,0],"10":[1,1],"11":[0,0],"12":[0,0],"13":[0,0],"14":[0,0],"15":[0,0],"16":[0,0],"17":[0,0],"18":[0,0],"19":[0,0],"20":[1,3],"21":[1,1],"22":[1,0],"23":[1,3],"24":[0,0],"25":[0,0],"26":[1,3],"27":[0,0],"28":[0,0],"29":[1,1],"30":[1,1],"31":[1,2],"32":[1,1],"33":[1,2],"34":[1,1],"35":[1,2],"36":[1,1],"37":[1,3],"38":[1,2],"39":[1,1],"40":[2,1,1,1],"41":[0,3],"42":[1,2],"43":[0,1],"44":[0,3],"45":[1,2],"46":[1,0],"47":[0,0],"48":[0,0],"49":[0,0],"50":[0,0],"51":[0,0],"52":[0,0],"53":[0,0],"54":[0,0],"55":[0,0],"56":[0,0],"57":[0,0],"58":[0,0],"59":[0,0],"60":[0,0],"61":[0,0],"62":[0,0],"63":[0,0],"64":[1,3],"65":[1,2],"66":[1,1],"67":[1,4],"68":[1,3],"69":[1,2],"70":[0,0],"71":[0,0],"72":[0,0],"73":[0,0],"74":[0,0],"75":[0,0],"76":[0,0],"77":[0,0],"78":[0,0],"79":[0,0],"80":[0,0],"81":[0,0],"82":[0,0],"83":[0,0],"84":[0,0],"85":[0,0],"86":[0,0],"87":[0,0],"88":[0,0],"89":[0,0],"90":[0,0],"91":[1,2],"92":[1,1],"93":[0,0],"94":[1,1],"95":[1,3],"96":[1,2],"97":[3,3],"98":[1,1],"99":[1,2],"100":[0,2],"101":[1,1],"102":[1,3],"103":[1,2],"104":[3,3],"105":[1,1],"106":[2,4],"107":[0,4],"108":[2,2],"109":[1,1],"110":[1,1],"111":[1,3],"112":[1,2],"113":[3,1,1],"114":[1,1],"115":[2,2,1],"116":[1,1],"117":[0,0],"118":[0,0],"119":[0,0],"120":[0,0],"121":[0,0],"122":[0,0],"123":[0,0],"124":[0,0],"125":[0,0],"126":[0,0],"127":[0,0],"128":[1,1],"129":[0,0]},"_coverageSchema":"1a1c01bbd47fc00a2c39e90264f33305004495a9","hash":"91611cb86d967e85f03fe60732025ea857d602dc"}
,"/Users/apple/Desktop/Ziad/Faculty/CCEC-3/2nd Semseter/Software Engineering/Project/Backend/controllers/userUploadsController.js": {"path":"/Users/apple/Desktop/Ziad/Faculty/CCEC-3/2nd Semseter/Software Engineering/Project/Backend/controllers/userUploadsController.js","statementMap":{"0":{"start":{"line":1,"column":19},"end":{"line":1,"column":51}},"1":{"start":{"line":2,"column":13},"end":{"line":2,"column":38}},"2":{"start":{"line":3,"column":13},"end":{"line":3,"column":38}},"3":{"start":{"line":4,"column":19},"end":{"line":4,"column":54}},"4":{"start":{"line":5,"column":16},"end":{"line":5,"column":42}},"5":{"start":{"line":8,"column":14},"end":{"line":8,"column":57}},"6":{"start":{"line":9,"column":18},"end":{"line":9,"column":60}},"7":{"start":{"line":10,"column":2},"end":{"line":10,"column":32}},"8":{"start":{"line":11,"column":23},"end":{"line":14,"column":3}},"9":{"start":{"line":15,"column":2},"end":{"line":26,"column":3}},"10":{"start":{"line":16,"column":26},"end":{"line":20,"column":6}},"11":{"start":{"line":21,"column":4},"end":{"line":21,"column":63}},"12":{"start":{"line":23,"column":4},"end":{"line":23,"column":29}},"13":{"start":{"line":25,"column":4},"end":{"line":25,"column":62}},"14":{"start":{"line":30,"column":2},"end":{"line":42,"column":3}},"15":{"start":{"line":31,"column":18},"end":{"line":32,"column":24}},"16":{"start":{"line":34,"column":15},"end":{"line":34,"column":35}},"17":{"start":{"line":35,"column":4},"end":{"line":35,"column":30}},"18":{"start":{"line":36,"column":4},"end":{"line":36,"column":63}},"19":{"start":{"line":37,"column":4},"end":{"line":37,"column":25}},"20":{"start":{"line":38,"column":4},"end":{"line":38,"column":46}},"21":{"start":{"line":41,"column":4},"end":{"line":41,"column":62}},"22":{"start":{"line":45,"column":0},"end":{"line":48,"column":2}}},"fnMap":{"0":{"name":"uploadMedia","decl":{"start":{"line":7,"column":15},"end":{"line":7,"column":26}},"loc":{"start":{"line":7,"column":33},"end":{"line":27,"column":1}},"line":7},"1":{"name":"destroyMedia","decl":{"start":{"line":28,"column":15},"end":{"line":28,"column":27}},"loc":{"start":{"line":28,"column":37},"end":{"line":43,"column":1}},"line":28}},"branchMap":{},"s":{"0":47,"1":47,"2":47,"3":47,"4":47,"5":0,"6":0,"7":0,"8":0,"9":0,"10":0,"11":0,"12":0,"13":0,"14":0,"15":0,"16":0,"17":0,"18":0,"19":0,"20":0,"21":0,"22":47},"f":{"0":0,"1":0},"b":{},"_coverageSchema":"1a1c01bbd47fc00a2c39e90264f33305004495a9","hash":"fbb04645a09ef1301781664a8505c21a5c30c67b"}
,"/Users/apple/Desktop/Ziad/Faculty/CCEC-3/2nd Semseter/Software Engineering/Project/Backend/middleware/cloudinary.js": {"path":"/Users/apple/Desktop/Ziad/Faculty/CCEC-3/2nd Semseter/Software Engineering/Project/Backend/middleware/cloudinary.js","statementMap":{"0":{"start":{"line":1,"column":19},"end":{"line":1,"column":43}},"1":{"start":{"line":2,"column":0},"end":{"line":2,"column":27}},"2":{"start":{"line":4,"column":0},"end":{"line":8,"column":3}},"3":{"start":{"line":9,"column":0},"end":{"line":9,"column":53}},"4":{"start":{"line":11,"column":0},"end":{"line":11,"column":28}}},"fnMap":{},"branchMap":{},"s":{"0":47,"1":47,"2":47,"3":47,"4":47},"f":{},"b":{},"_coverageSchema":"1a1c01bbd47fc00a2c39e90264f33305004495a9","hash":"76dd96ab77ef49d1b95a3854e38adf34d9f51b95"}
,"/Users/apple/Desktop/Ziad/Faculty/CCEC-3/2nd Semseter/Software Engineering/Project/Backend/models/comment.js": {"path":"/Users/apple/Desktop/Ziad/Faculty/CCEC-3/2nd Semseter/Software Engineering/Project/Backend/models/comment.js","statementMap":{"0":{"start":{"line":1,"column":17},"end":{"line":1,"column":36}},"1":{"start":{"line":2,"column":15},"end":{"line":2,"column":30}},"2":{"start":{"line":4,"column":22},"end":{"line":87,"column":2}},"3":{"start":{"line":88,"column":0},"end":{"line":88,"column":58}}},"fnMap":{},"branchMap":{},"s":{"0":9,"1":9,"2":9,"3":9},"f":{},"b":{},"_coverageSchema":"1a1c01bbd47fc00a2c39e90264f33305004495a9","hash":"86ce1513f39dec6067b3b93469b1db773aef0714"}
,"/Users/apple/Desktop/Ziad/Faculty/CCEC-3/2nd Semseter/Software Engineering/Project/Backend/models/post.js": {"path":"/Users/apple/Desktop/Ziad/Faculty/CCEC-3/2nd Semseter/Software Engineering/Project/Backend/models/post.js","statementMap":{"0":{"start":{"line":1,"column":17},"end":{"line":1,"column":36}},"1":{"start":{"line":2,"column":20},"end":{"line":2,"column":49}},"2":{"start":{"line":3,"column":19},"end":{"line":3,"column":36}},"3":{"start":{"line":5,"column":15},"end":{"line":5,"column":30}},"4":{"start":{"line":6,"column":19},"end":{"line":169,"column":2}},"5":{"start":{"line":171,"column":0},"end":{"line":171,"column":52}}},"fnMap":{},"branchMap":{},"s":{"0":47,"1":47,"2":47,"3":47,"4":47,"5":47},"f":{},"b":{},"_coverageSchema":"1a1c01bbd47fc00a2c39e90264f33305004495a9","hash":"7125f8cb882df9bb51dd5309858f14fc5d03bdf6"}
,"/Users/apple/Desktop/Ziad/Faculty/CCEC-3/2nd Semseter/Software Engineering/Project/Backend/models/report.js": {"path":"/Users/apple/Desktop/Ziad/Faculty/CCEC-3/2nd Semseter/Software Engineering/Project/Backend/models/report.js","statementMap":{"0":{"start":{"line":1,"column":17},"end":{"line":1,"column":36}},"1":{"start":{"line":2,"column":15},"end":{"line":2,"column":30}},"2":{"start":{"line":4,"column":21},"end":{"line":52,"column":2}},"3":{"start":{"line":54,"column":0},"end":{"line":54,"column":56}}},"fnMap":{},"branchMap":{},"s":{"0":9,"1":9,"2":9,"3":9},"f":{},"b":{},"_coverageSchema":"1a1c01bbd47fc00a2c39e90264f33305004495a9","hash":"6163bd49e7e93f71a61fff1c7c2a3600f2c1ca05"}
,"/Users/apple/Desktop/Ziad/Faculty/CCEC-3/2nd Semseter/Software Engineering/Project/Backend/models/subReddit.js": {"path":"/Users/apple/Desktop/Ziad/Faculty/CCEC-3/2nd Semseter/Software Engineering/Project/Backend/models/subReddit.js","statementMap":{"0":{"start":{"line":1,"column":17},"end":{"line":1,"column":39}},"1":{"start":{"line":2,"column":17},"end":{"line":2,"column":36}},"2":{"start":{"line":3,"column":20},"end":{"line":3,"column":49}},"3":{"start":{"line":5,"column":15},"end":{"line":5,"column":30}},"4":{"start":{"line":6,"column":24},"end":{"line":241,"column":2}},"5":{"start":{"line":243,"column":0},"end":{"line":243,"column":63}}},"fnMap":{},"branchMap":{},"s":{"0":43,"1":43,"2":43,"3":43,"4":43,"5":43},"f":{},"b":{},"_coverageSchema":"1a1c01bbd47fc00a2c39e90264f33305004495a9","hash":"106030b8d898724ae8aa1a7b1de0448ff5211e6e"}
,"/Users/apple/Desktop/Ziad/Faculty/CCEC-3/2nd Semseter/Software Engineering/Project/Backend/models/user.js": {"path":"/Users/apple/Desktop/Ziad/Faculty/CCEC-3/2nd Semseter/Software Engineering/Project/Backend/models/user.js","statementMap":{"0":{"start":{"line":1,"column":17},"end":{"line":1,"column":36}},"1":{"start":{"line":2,"column":15},"end":{"line":2,"column":30}},"2":{"start":{"line":66,"column":19},"end":{"line":354,"column":2}},"3":{"start":{"line":356,"column":0},"end":{"line":356,"column":52}}},"fnMap":{},"branchMap":{},"s":{"0":46,"1":46,"2":46,"3":46},"f":{},"b":{},"_coverageSchema":"1a1c01bbd47fc00a2c39e90264f33305004495a9","hash":"915d1f895afc4e6b36bf752fcaa13b8c2f40422a"}
,"/Users/apple/Desktop/Ziad/Faculty/CCEC-3/2nd Semseter/Software Engineering/Project/Backend/models/userUploads.js": {"path":"/Users/apple/Desktop/Ziad/Faculty/CCEC-3/2nd Semseter/Software Engineering/Project/Backend/models/userUploads.js","statementMap":{"0":{"start":{"line":1,"column":17},"end":{"line":1,"column":36}},"1":{"start":{"line":3,"column":25},"end":{"line":8,"column":2}},"2":{"start":{"line":10,"column":19},"end":{"line":10,"column":66}},"3":{"start":{"line":12,"column":0},"end":{"line":12,"column":28}}},"fnMap":{},"branchMap":{},"s":{"0":49,"1":49,"2":49,"3":49},"f":{},"b":{},"_coverageSchema":"1a1c01bbd47fc00a2c39e90264f33305004495a9","hash":"f12a964bd3d669de3bdad1c39293f577090ed2f9"}
,"/Users/apple/Desktop/Ziad/Faculty/CCEC-3/2nd Semseter/Software Engineering/Project/Backend/services/authServices.js": {"path":"/Users/apple/Desktop/Ziad/Faculty/CCEC-3/2nd Semseter/Software Engineering/Project/Backend/services/authServices.js","statementMap":{"0":{"start":{"line":1,"column":31},"end":{"line":289,"column":1}},"1":{"start":{"line":2,"column":21},"end":{"line":120,"column":3}},"2":{"start":{"line":122,"column":16},"end":{"line":275,"column":3}},"3":{"start":{"line":276,"column":2},"end":{"line":276,"column":17}},"4":{"start":{"line":277,"column":2},"end":{"line":287,"column":3}},"5":{"start":{"line":277,"column":15},"end":{"line":277,"column":16}},"6":{"start":{"line":278,"column":22},"end":{"line":278,"column":79}},"7":{"start":{"line":279,"column":17},"end":{"line":279,"column":64}},"8":{"start":{"line":280,"column":25},"end":{"line":280,"column":57}},"9":{"start":{"line":281,"column":21},"end":{"line":281,"column":59}},"10":{"start":{"line":282,"column":4},"end":{"line":285,"column":5}},"11":{"start":{"line":283,"column":6},"end":{"line":283,"column":10}},"12":{"start":{"line":284,"column":6},"end":{"line":284,"column":15}},"13":{"start":{"line":286,"column":4},"end":{"line":286,"column":29}},"14":{"start":{"line":288,"column":2},"end":{"line":288,"column":19}},"15":{"start":{"line":290,"column":0},"end":{"line":290,"column":44}}},"fnMap":{"0":{"name":"(anonymous_0)","decl":{"start":{"line":1,"column":31},"end":{"line":1,"column":32}},"loc":{"start":{"line":1,"column":37},"end":{"line":289,"column":1}},"line":1}},"branchMap":{"0":{"loc":{"start":{"line":282,"column":4},"end":{"line":285,"column":5}},"type":"if","locations":[{"start":{"line":282,"column":4},"end":{"line":285,"column":5}},{"start":{},"end":{}}],"line":282},"1":{"loc":{"start":{"line":282,"column":8},"end":{"line":282,"column":51}},"type":"binary-expr","locations":[{"start":{"line":282,"column":8},"end":{"line":282,"column":28}},{"start":{"line":282,"column":32},"end":{"line":282,"column":51}}],"line":282}},"s":{"0":11,"1":0,"2":0,"3":0,"4":0,"5":0,"6":0,"7":0,"8":0,"9":0,"10":0,"11":0,"12":0,"13":0,"14":0,"15":11},"f":{"0":0},"b":{"0":[0,0],"1":[0,0]},"_coverageSchema":"1a1c01bbd47fc00a2c39e90264f33305004495a9","hash":"5e7363108d0f110d2dc674319f78b4e6fe69c028"}
,"/Users/apple/Desktop/Ziad/Faculty/CCEC-3/2nd Semseter/Software Engineering/Project/Backend/services/postServices.js": {"path":"/Users/apple/Desktop/Ziad/Faculty/CCEC-3/2nd Semseter/Software Engineering/Project/Backend/services/postServices.js","statementMap":{"0":{"start":{"line":1,"column":24},"end":{"line":1,"column":56}},"1":{"start":{"line":3,"column":15},"end":{"line":8,"column":3}},"2":{"start":{"line":5,"column":23},"end":{"line":5,"column":74}},"3":{"start":{"line":6,"column":6},"end":{"line":6,"column":26}},"4":{"start":{"line":9,"column":2},"end":{"line":9,"column":14}},"5":{"start":{"line":12,"column":15},"end":{"line":17,"column":3}},"6":{"start":{"line":14,"column":23},"end":{"line":14,"column":74}},"7":{"start":{"line":15,"column":6},"end":{"line":15,"column":26}},"8":{"start":{"line":18,"column":2},"end":{"line":18,"column":14}},"9":{"start":{"line":21,"column":0},"end":{"line":24,"column":2}}},"fnMap":{"0":{"name":"getImagesUrls","decl":{"start":{"line":2,"column":15},"end":{"line":2,"column":28}},"loc":{"start":{"line":2,"column":37},"end":{"line":10,"column":1}},"line":2},"1":{"name":"(anonymous_1)","decl":{"start":{"line":4,"column":15},"end":{"line":4,"column":16}},"loc":{"start":{"line":4,"column":32},"end":{"line":7,"column":5}},"line":4},"2":{"name":"getVideosUrls","decl":{"start":{"line":11,"column":15},"end":{"line":11,"column":28}},"loc":{"start":{"line":11,"column":37},"end":{"line":19,"column":1}},"line":11},"3":{"name":"(anonymous_3)","decl":{"start":{"line":13,"column":15},"end":{"line":13,"column":16}},"loc":{"start":{"line":13,"column":32},"end":{"line":16,"column":5}},"line":13}},"branchMap":{},"s":{"0":29,"1":0,"2":0,"3":0,"4":0,"5":0,"6":0,"7":0,"8":0,"9":29},"f":{"0":0,"1":0,"2":0,"3":0},"b":{},"_coverageSchema":"1a1c01bbd47fc00a2c39e90264f33305004495a9","hash":"2d7890fcb9ff798a3a59295818d04976b9eca02a"}
,"/Users/apple/Desktop/Ziad/Faculty/CCEC-3/2nd Semseter/Software Engineering/Project/Backend/services/subredditServices.js": {"path":"/Users/apple/Desktop/Ziad/Faculty/CCEC-3/2nd Semseter/Software Engineering/Project/Backend/services/subredditServices.js","statementMap":{"0":{"start":{"line":1,"column":25},"end":{"line":10,"column":1}},"1":{"start":{"line":2,"column":15},"end":{"line":2,"column":43}},"2":{"start":{"line":3,"column":2},"end":{"line":5,"column":3}},"3":{"start":{"line":4,"column":4},"end":{"line":4,"column":16}},"4":{"start":{"line":6,"column":2},"end":{"line":8,"column":3}},"5":{"start":{"line":7,"column":4},"end":{"line":7,"column":17}},"6":{"start":{"line":9,"column":2},"end":{"line":9,"column":14}},"7":{"start":{"line":12,"column":23},"end":{"line":17,"column":1}},"8":{"start":{"line":13,"column":2},"end":{"line":15,"column":3}},"9":{"start":{"line":14,"column":4},"end":{"line":14,"column":17}},"10":{"start":{"line":16,"column":2},"end":{"line":16,"column":14}},"11":{"start":{"line":18,"column":0},"end":{"line":18,"column":54}}},"fnMap":{"0":{"name":"(anonymous_0)","decl":{"start":{"line":1,"column":25},"end":{"line":1,"column":26}},"loc":{"start":{"line":1,"column":40},"end":{"line":10,"column":1}},"line":1},"1":{"name":"(anonymous_1)","decl":{"start":{"line":12,"column":23},"end":{"line":12,"column":24}},"loc":{"start":{"line":12,"column":38},"end":{"line":17,"column":1}},"line":12}},"branchMap":{"0":{"loc":{"start":{"line":3,"column":2},"end":{"line":5,"column":3}},"type":"if","locations":[{"start":{"line":3,"column":2},"end":{"line":5,"column":3}},{"start":{},"end":{}}],"line":3},"1":{"loc":{"start":{"line":6,"column":2},"end":{"line":8,"column":3}},"type":"if","locations":[{"start":{"line":6,"column":2},"end":{"line":8,"column":3}},{"start":{},"end":{}}],"line":6},"2":{"loc":{"start":{"line":13,"column":2},"end":{"line":15,"column":3}},"type":"if","locations":[{"start":{"line":13,"column":2},"end":{"line":15,"column":3}},{"start":{},"end":{}}],"line":13}},"s":{"0":9,"1":0,"2":0,"3":0,"4":0,"5":0,"6":0,"7":9,"8":0,"9":0,"10":0,"11":9},"f":{"0":0,"1":0},"b":{"0":[0,0],"1":[0,0],"2":[0,0]},"_coverageSchema":"1a1c01bbd47fc00a2c39e90264f33305004495a9","hash":"50ac8ba04fd212acaaa97cc477f096114d29079e"}
,"/Users/apple/Desktop/Ziad/Faculty/CCEC-3/2nd Semseter/Software Engineering/Project/Backend/services/userServices.js": {"path":"/Users/apple/Desktop/Ziad/Faculty/CCEC-3/2nd Semseter/Software Engineering/Project/Backend/services/userServices.js","statementMap":{"0":{"start":{"line":1,"column":13},"end":{"line":1,"column":38}},"1":{"start":{"line":3,"column":24},"end":{"line":23,"column":1}},"2":{"start":{"line":4,"column":21},"end":{"line":4,"column":39}},"3":{"start":{"line":5,"column":19},"end":{"line":5,"column":31}},"4":{"start":{"line":6,"column":18},"end":{"line":6,"column":20}},"5":{"start":{"line":7,"column":16},"end":{"line":7,"column":34}},"6":{"start":{"line":8,"column":2},"end":{"line":13,"column":3}},"7":{"start":{"line":9,"column":4},"end":{"line":12,"column":6}},"8":{"start":{"line":15,"column":2},"end":{"line":20,"column":3}},"9":{"start":{"line":16,"column":4},"end":{"line":19,"column":6}},"10":{"start":{"line":21,"column":2},"end":{"line":21,"column":58}},"11":{"start":{"line":22,"column":2},"end":{"line":22,"column":17}},"12":{"start":{"line":25,"column":0},"end":{"line":25,"column":37}}},"fnMap":{"0":{"name":"(anonymous_0)","decl":{"start":{"line":3,"column":24},"end":{"line":3,"column":25}},"loc":{"start":{"line":3,"column":54},"end":{"line":23,"column":1}},"line":3}},"branchMap":{"0":{"loc":{"start":{"line":8,"column":2},"end":{"line":13,"column":3}},"type":"if","locations":[{"start":{"line":8,"column":2},"end":{"line":13,"column":3}},{"start":{},"end":{}}],"line":8},"1":{"loc":{"start":{"line":15,"column":2},"end":{"line":20,"column":3}},"type":"if","locations":[{"start":{"line":15,"column":2},"end":{"line":20,"column":3}},{"start":{},"end":{}}],"line":15}},"s":{"0":29,"1":29,"2":0,"3":0,"4":0,"5":0,"6":0,"7":0,"8":0,"9":0,"10":0,"11":0,"12":29},"f":{"0":0},"b":{"0":[0,0],"1":[0,0]},"_coverageSchema":"1a1c01bbd47fc00a2c39e90264f33305004495a9","hash":"04a8ae71be61931882140ca3f8fd99d5c6ad6d07"}
}
