{"D:\\Ziad\\Faculty\\CCEC-3\\Semester 2\\Software Engineering\\Project\\Backend\\controllers\\authController.js": {"path":"D:\\Ziad\\Faculty\\CCEC-3\\Semester 2\\Software Engineering\\Project\\Backend\\controllers\\authController.js","statementMap":{"0":{"start":{"line":1,"column":13},"end":{"line":1,"column":38}},"1":{"start":{"line":2,"column":20},"end":{"line":2,"column":55}},"2":{"start":{"line":3,"column":19},"end":{"line":3,"column":40}},"3":{"start":{"line":4,"column":12},"end":{"line":4,"column":35}},"4":{"start":{"line":5,"column":15},"end":{"line":5,"column":34}},"5":{"start":{"line":6,"column":29},"end":{"line":6,"column":57}},"6":{"start":{"line":7,"column":0},"end":{"line":7,"column":27}},"7":{"start":{"line":8,"column":25},"end":{"line":8,"column":55}},"8":{"start":{"line":9,"column":18},"end":{"line":9,"column":36}},"9":{"start":{"line":10,"column":15},"end":{"line":10,"column":54}},"10":{"start":{"line":12,"column":21},"end":{"line":64,"column":1}},"11":{"start":{"line":13,"column":2},"end":{"line":63,"column":3}},"12":{"start":{"line":14,"column":17},"end":{"line":14,"column":28}},"13":{"start":{"line":15,"column":25},"end":{"line":15,"column":66}},"14":{"start":{"line":16,"column":4},"end":{"line":18,"column":5}},"15":{"start":{"line":17,"column":6},"end":{"line":17,"column":71}},"16":{"start":{"line":19,"column":32},"end":{"line":21,"column":5}},"17":{"start":{"line":20,"column":6},"end":{"line":20,"column":56}},"18":{"start":{"line":22,"column":25},"end":{"line":22,"column":61}},"19":{"start":{"line":23,"column":15},"end":{"line":23,"column":59}},"20":{"start":{"line":24,"column":4},"end":{"line":27,"column":5}},"21":{"start":{"line":25,"column":6},"end":{"line":25,"column":60}},"22":{"start":{"line":26,"column":6},"end":{"line":26,"column":58}},"23":{"start":{"line":29,"column":27},"end":{"line":29,"column":63}},"24":{"start":{"line":30,"column":17},"end":{"line":30,"column":41}},"25":{"start":{"line":31,"column":4},"end":{"line":31,"column":64}},"26":{"start":{"line":32,"column":4},"end":{"line":37,"column":7}},"27":{"start":{"line":38,"column":4},"end":{"line":38,"column":29}},"28":{"start":{"line":39,"column":20},"end":{"line":46,"column":5}},"29":{"start":{"line":49,"column":27},"end":{"line":49,"column":70}},"30":{"start":{"line":50,"column":4},"end":{"line":50,"column":33}},"31":{"start":{"line":51,"column":21},"end":{"line":51,"column":62}},"32":{"start":{"line":53,"column":4},"end":{"line":53,"column":42}},"33":{"start":{"line":54,"column":4},"end":{"line":58,"column":7}},"34":{"start":{"line":60,"column":4},"end":{"line":62,"column":70}},"35":{"start":{"line":66,"column":15},"end":{"line":89,"column":1}},"36":{"start":{"line":67,"column":17},"end":{"line":67,"column":27}},"37":{"start":{"line":68,"column":2},"end":{"line":88,"column":3}},"38":{"start":{"line":69,"column":17},"end":{"line":69,"column":44}},"39":{"start":{"line":70,"column":4},"end":{"line":72,"column":5}},"40":{"start":{"line":71,"column":6},"end":{"line":71,"column":65}},"41":{"start":{"line":73,"column":4},"end":{"line":75,"column":5}},"42":{"start":{"line":74,"column":6},"end":{"line":74,"column":74}},"43":{"start":{"line":76,"column":4},"end":{"line":85,"column":5}},"44":{"start":{"line":77,"column":6},"end":{"line":79,"column":8}},"45":{"start":{"line":78,"column":19},"end":{"line":78,"column":46}},"46":{"start":{"line":80,"column":6},"end":{"line":80,"column":24}},"47":{"start":{"line":81,"column":6},"end":{"line":84,"column":59}},"48":{"start":{"line":87,"column":4},"end":{"line":87,"column":79}},"49":{"start":{"line":91,"column":20},"end":{"line":130,"column":1}},"50":{"start":{"line":92,"column":15},"end":{"line":92,"column":26}},"51":{"start":{"line":93,"column":19},"end":{"line":93,"column":36}},"52":{"start":{"line":94,"column":2},"end":{"line":129,"column":3}},"53":{"start":{"line":95,"column":17},"end":{"line":95,"column":58}},"54":{"start":{"line":96,"column":4},"end":{"line":98,"column":5}},"55":{"start":{"line":97,"column":6},"end":{"line":97,"column":65}},"56":{"start":{"line":100,"column":4},"end":{"line":104,"column":5}},"57":{"start":{"line":101,"column":6},"end":{"line":103,"column":69}},"58":{"start":{"line":105,"column":4},"end":{"line":105,"column":34}},"59":{"start":{"line":106,"column":4},"end":{"line":106,"column":22}},"60":{"start":{"line":107,"column":20},"end":{"line":114,"column":5}},"61":{"start":{"line":115,"column":27},"end":{"line":115,"column":70}},"62":{"start":{"line":116,"column":4},"end":{"line":116,"column":33}},"63":{"start":{"line":118,"column":21},"end":{"line":118,"column":62}},"64":{"start":{"line":120,"column":4},"end":{"line":124,"column":7}},"65":{"start":{"line":126,"column":4},"end":{"line":128,"column":70}},"66":{"start":{"line":132,"column":23},"end":{"line":172,"column":1}},"67":{"start":{"line":133,"column":22},"end":{"line":142,"column":4}},"68":{"start":{"line":144,"column":16},"end":{"line":144,"column":30}},"69":{"start":{"line":145,"column":15},"end":{"line":145,"column":44}},"70":{"start":{"line":147,"column":2},"end":{"line":149,"column":3}},"71":{"start":{"line":148,"column":4},"end":{"line":148,"column":50}},"72":{"start":{"line":150,"column":2},"end":{"line":171,"column":4}},"73":{"start":{"line":164,"column":6},"end":{"line":168,"column":7}},"74":{"start":{"line":165,"column":8},"end":{"line":167,"column":75}},"75":{"start":{"line":169,"column":6},"end":{"line":169,"column":29}},"76":{"start":{"line":174,"column":23},"end":{"line":243,"column":1}},"77":{"start":{"line":175,"column":2},"end":{"line":242,"column":3}},"78":{"start":{"line":176,"column":24},"end":{"line":185,"column":6}},"79":{"start":{"line":186,"column":16},"end":{"line":186,"column":30}},"80":{"start":{"line":187,"column":21},"end":{"line":187,"column":38}},"81":{"start":{"line":189,"column":4},"end":{"line":196,"column":5}},"82":{"start":{"line":190,"column":6},"end":{"line":190,"column":50}},"83":{"start":{"line":191,"column":11},"end":{"line":196,"column":5}},"84":{"start":{"line":192,"column":6},"end":{"line":192,"column":56}},"85":{"start":{"line":193,"column":6},"end":{"line":193,"column":25}},"86":{"start":{"line":195,"column":6},"end":{"line":195,"column":70}},"87":{"start":{"line":197,"column":4},"end":{"line":199,"column":5}},"88":{"start":{"line":198,"column":6},"end":{"line":198,"column":65}},"89":{"start":{"line":200,"column":20},"end":{"line":207,"column":5}},"90":{"start":{"line":208,"column":16},"end":{"line":208,"column":18}},"91":{"start":{"line":209,"column":4},"end":{"line":215,"column":5}},"92":{"start":{"line":210,"column":6},"end":{"line":212,"column":9}},"93":{"start":{"line":214,"column":6},"end":{"line":214,"column":31}},"94":{"start":{"line":216,"column":4},"end":{"line":237,"column":6}},"95":{"start":{"line":230,"column":8},"end":{"line":234,"column":9}},"96":{"start":{"line":231,"column":10},"end":{"line":233,"column":75}},"97":{"start":{"line":235,"column":8},"end":{"line":235,"column":56}},"98":{"start":{"line":239,"column":4},"end":{"line":241,"column":69}},"99":{"start":{"line":245,"column":14},"end":{"line":287,"column":1}},"100":{"start":{"line":246,"column":17},"end":{"line":246,"column":38}},"101":{"start":{"line":247,"column":2},"end":{"line":249,"column":3}},"102":{"start":{"line":248,"column":4},"end":{"line":248,"column":60}},"103":{"start":{"line":250,"column":50},"end":{"line":250,"column":58}},"104":{"start":{"line":251,"column":2},"end":{"line":286,"column":3}},"105":{"start":{"line":252,"column":17},"end":{"line":252,"column":71}},"106":{"start":{"line":254,"column":4},"end":{"line":258,"column":5}},"107":{"start":{"line":255,"column":6},"end":{"line":257,"column":65}},"108":{"start":{"line":259,"column":20},"end":{"line":259,"column":65}},"109":{"start":{"line":260,"column":4},"end":{"line":264,"column":5}},"110":{"start":{"line":261,"column":6},"end":{"line":263,"column":65}},"111":{"start":{"line":265,"column":4},"end":{"line":265,"column":34}},"112":{"start":{"line":266,"column":4},"end":{"line":266,"column":22}},"113":{"start":{"line":267,"column":20},"end":{"line":274,"column":5}},"114":{"start":{"line":275,"column":4},"end":{"line":283,"column":6}},"115":{"start":{"line":280,"column":8},"end":{"line":280,"column":27}},"116":{"start":{"line":280,"column":17},"end":{"line":280,"column":27}},"117":{"start":{"line":281,"column":8},"end":{"line":281,"column":68}},"118":{"start":{"line":285,"column":4},"end":{"line":285,"column":74}},"119":{"start":{"line":289,"column":15},"end":{"line":343,"column":1}},"120":{"start":{"line":290,"column":17},"end":{"line":290,"column":38}},"121":{"start":{"line":291,"column":2},"end":{"line":293,"column":3}},"122":{"start":{"line":292,"column":4},"end":{"line":292,"column":60}},"123":{"start":{"line":295,"column":48},"end":{"line":295,"column":56}},"124":{"start":{"line":297,"column":2},"end":{"line":342,"column":3}},"125":{"start":{"line":298,"column":15},"end":{"line":298,"column":44}},"126":{"start":{"line":300,"column":4},"end":{"line":302,"column":5}},"127":{"start":{"line":301,"column":6},"end":{"line":301,"column":70}},"128":{"start":{"line":303,"column":4},"end":{"line":307,"column":5}},"129":{"start":{"line":304,"column":6},"end":{"line":306,"column":69}},"130":{"start":{"line":309,"column":4},"end":{"line":315,"column":7}},"131":{"start":{"line":317,"column":17},"end":{"line":317,"column":41}},"132":{"start":{"line":318,"column":4},"end":{"line":318,"column":54}},"133":{"start":{"line":320,"column":20},"end":{"line":320,"column":37}},"134":{"start":{"line":322,"column":20},"end":{"line":329,"column":5}},"135":{"start":{"line":331,"column":4},"end":{"line":339,"column":6}},"136":{"start":{"line":336,"column":8},"end":{"line":336,"column":27}},"137":{"start":{"line":336,"column":17},"end":{"line":336,"column":27}},"138":{"start":{"line":337,"column":8},"end":{"line":337,"column":69}},"139":{"start":{"line":341,"column":4},"end":{"line":341,"column":74}},"140":{"start":{"line":344,"column":25},"end":{"line":356,"column":1}},"141":{"start":{"line":345,"column":2},"end":{"line":355,"column":3}},"142":{"start":{"line":346,"column":22},"end":{"line":346,"column":64}},"143":{"start":{"line":347,"column":4},"end":{"line":350,"column":7}},"144":{"start":{"line":352,"column":4},"end":{"line":354,"column":73}},"145":{"start":{"line":357,"column":23},"end":{"line":392,"column":1}},"146":{"start":{"line":358,"column":21},"end":{"line":358,"column":49}},"147":{"start":{"line":359,"column":16},"end":{"line":359,"column":54}},"148":{"start":{"line":360,"column":2},"end":{"line":362,"column":3}},"149":{"start":{"line":361,"column":4},"end":{"line":361,"column":80}},"150":{"start":{"line":363,"column":14},"end":{"line":363,"column":16}},"151":{"start":{"line":364,"column":2},"end":{"line":369,"column":5}},"152":{"start":{"line":365,"column":4},"end":{"line":367,"column":5}},"153":{"start":{"line":366,"column":6},"end":{"line":366,"column":75}},"154":{"start":{"line":368,"column":4},"end":{"line":368,"column":31}},"155":{"start":{"line":370,"column":19},"end":{"line":370,"column":36}},"156":{"start":{"line":371,"column":26},"end":{"line":371,"column":50}},"157":{"start":{"line":372,"column":2},"end":{"line":374,"column":3}},"158":{"start":{"line":373,"column":4},"end":{"line":373,"column":71}},"159":{"start":{"line":375,"column":2},"end":{"line":379,"column":3}},"160":{"start":{"line":376,"column":4},"end":{"line":378,"column":67}},"161":{"start":{"line":380,"column":2},"end":{"line":382,"column":3}},"162":{"start":{"line":381,"column":4},"end":{"line":381,"column":73}},"163":{"start":{"line":384,"column":15},"end":{"line":384,"column":44}},"164":{"start":{"line":385,"column":2},"end":{"line":387,"column":3}},"165":{"start":{"line":386,"column":4},"end":{"line":386,"column":63}},"166":{"start":{"line":388,"column":15},"end":{"line":388,"column":39}},"167":{"start":{"line":389,"column":2},"end":{"line":389,"column":52}},"168":{"start":{"line":390,"column":2},"end":{"line":390,"column":20}},"169":{"start":{"line":391,"column":2},"end":{"line":391,"column":57}},"170":{"start":{"line":394,"column":20},"end":{"line":414,"column":1}},"171":{"start":{"line":395,"column":19},"end":{"line":395,"column":36}},"172":{"start":{"line":396,"column":16},"end":{"line":396,"column":30}},"173":{"start":{"line":397,"column":17},"end":{"line":397,"column":27}},"174":{"start":{"line":398,"column":2},"end":{"line":402,"column":3}},"175":{"start":{"line":399,"column":4},"end":{"line":401,"column":61}},"176":{"start":{"line":403,"column":15},"end":{"line":403,"column":42}},"177":{"start":{"line":404,"column":2},"end":{"line":406,"column":3}},"178":{"start":{"line":405,"column":4},"end":{"line":405,"column":63}},"179":{"start":{"line":407,"column":18},"end":{"line":407,"column":63}},"180":{"start":{"line":408,"column":2},"end":{"line":410,"column":3}},"181":{"start":{"line":409,"column":4},"end":{"line":409,"column":65}},"182":{"start":{"line":411,"column":2},"end":{"line":411,"column":21}},"183":{"start":{"line":412,"column":2},"end":{"line":412,"column":20}},"184":{"start":{"line":413,"column":2},"end":{"line":413,"column":54}},"185":{"start":{"line":415,"column":25},"end":{"line":442,"column":1}},"186":{"start":{"line":416,"column":17},"end":{"line":416,"column":27}},"187":{"start":{"line":417,"column":19},"end":{"line":417,"column":36}},"188":{"start":{"line":418,"column":2},"end":{"line":441,"column":3}},"189":{"start":{"line":419,"column":17},"end":{"line":419,"column":44}},"190":{"start":{"line":420,"column":4},"end":{"line":422,"column":5}},"191":{"start":{"line":421,"column":6},"end":{"line":421,"column":65}},"192":{"start":{"line":423,"column":4},"end":{"line":427,"column":5}},"193":{"start":{"line":424,"column":6},"end":{"line":426,"column":69}},"194":{"start":{"line":428,"column":20},"end":{"line":428,"column":65}},"195":{"start":{"line":429,"column":4},"end":{"line":431,"column":5}},"196":{"start":{"line":430,"column":6},"end":{"line":430,"column":67}},"197":{"start":{"line":432,"column":4},"end":{"line":432,"column":30}},"198":{"start":{"line":433,"column":4},"end":{"line":433,"column":22}},"199":{"start":{"line":434,"column":4},"end":{"line":436,"column":61}},"200":{"start":{"line":438,"column":4},"end":{"line":440,"column":75}},"201":{"start":{"line":444,"column":22},"end":{"line":473,"column":1}},"202":{"start":{"line":445,"column":17},"end":{"line":445,"column":27}},"203":{"start":{"line":446,"column":19},"end":{"line":446,"column":36}},"204":{"start":{"line":447,"column":15},"end":{"line":447,"column":26}},"205":{"start":{"line":448,"column":2},"end":{"line":472,"column":3}},"206":{"start":{"line":449,"column":17},"end":{"line":449,"column":44}},"207":{"start":{"line":450,"column":4},"end":{"line":452,"column":5}},"208":{"start":{"line":451,"column":6},"end":{"line":451,"column":65}},"209":{"start":{"line":453,"column":4},"end":{"line":457,"column":5}},"210":{"start":{"line":454,"column":6},"end":{"line":456,"column":63}},"211":{"start":{"line":458,"column":20},"end":{"line":458,"column":65}},"212":{"start":{"line":459,"column":4},"end":{"line":461,"column":5}},"213":{"start":{"line":460,"column":6},"end":{"line":460,"column":67}},"214":{"start":{"line":462,"column":4},"end":{"line":462,"column":29}},"215":{"start":{"line":463,"column":4},"end":{"line":463,"column":28}},"216":{"start":{"line":464,"column":4},"end":{"line":464,"column":22}},"217":{"start":{"line":465,"column":4},"end":{"line":467,"column":70}},"218":{"start":{"line":469,"column":4},"end":{"line":471,"column":72}},"219":{"start":{"line":474,"column":22},"end":{"line":496,"column":1}},"220":{"start":{"line":475,"column":17},"end":{"line":475,"column":27}},"221":{"start":{"line":476,"column":48},"end":{"line":476,"column":56}},"222":{"start":{"line":477,"column":2},"end":{"line":495,"column":3}},"223":{"start":{"line":478,"column":17},"end":{"line":478,"column":44}},"224":{"start":{"line":479,"column":4},"end":{"line":481,"column":5}},"225":{"start":{"line":480,"column":6},"end":{"line":480,"column":65}},"226":{"start":{"line":482,"column":4},"end":{"line":484,"column":5}},"227":{"start":{"line":483,"column":6},"end":{"line":483,"column":67}},"228":{"start":{"line":485,"column":20},"end":{"line":485,"column":65}},"229":{"start":{"line":486,"column":4},"end":{"line":488,"column":5}},"230":{"start":{"line":487,"column":6},"end":{"line":487,"column":67}},"231":{"start":{"line":489,"column":4},"end":{"line":489,"column":41}},"232":{"start":{"line":490,"column":4},"end":{"line":490,"column":77}},"233":{"start":{"line":492,"column":4},"end":{"line":494,"column":71}},"234":{"start":{"line":497,"column":23},"end":{"line":529,"column":1}},"235":{"start":{"line":498,"column":17},"end":{"line":498,"column":27}},"236":{"start":{"line":499,"column":56},"end":{"line":499,"column":64}},"237":{"start":{"line":500,"column":2},"end":{"line":528,"column":3}},"238":{"start":{"line":501,"column":17},"end":{"line":501,"column":44}},"239":{"start":{"line":502,"column":4},"end":{"line":504,"column":5}},"240":{"start":{"line":503,"column":6},"end":{"line":503,"column":65}},"241":{"start":{"line":505,"column":20},"end":{"line":505,"column":68}},"242":{"start":{"line":506,"column":4},"end":{"line":508,"column":5}},"243":{"start":{"line":507,"column":6},"end":{"line":507,"column":67}},"244":{"start":{"line":509,"column":4},"end":{"line":511,"column":5}},"245":{"start":{"line":510,"column":6},"end":{"line":510,"column":73}},"246":{"start":{"line":512,"column":4},"end":{"line":516,"column":5}},"247":{"start":{"line":513,"column":6},"end":{"line":515,"column":78}},"248":{"start":{"line":517,"column":4},"end":{"line":521,"column":5}},"249":{"start":{"line":518,"column":6},"end":{"line":520,"column":69}},"250":{"start":{"line":522,"column":17},"end":{"line":522,"column":41}},"251":{"start":{"line":523,"column":4},"end":{"line":523,"column":57}},"252":{"start":{"line":524,"column":4},"end":{"line":524,"column":22}},"253":{"start":{"line":525,"column":4},"end":{"line":525,"column":78}},"254":{"start":{"line":527,"column":4},"end":{"line":527,"column":77}},"255":{"start":{"line":530,"column":0},"end":{"line":545,"column":2}}},"fnMap":{"0":{"name":"(anonymous_0)","decl":{"start":{"line":12,"column":21},"end":{"line":12,"column":22}},"loc":{"start":{"line":12,"column":41},"end":{"line":64,"column":1}},"line":12},"1":{"name":"(anonymous_1)","decl":{"start":{"line":19,"column":32},"end":{"line":19,"column":33}},"loc":{"start":{"line":19,"column":52},"end":{"line":21,"column":5}},"line":19},"2":{"name":"(anonymous_2)","decl":{"start":{"line":66,"column":15},"end":{"line":66,"column":16}},"loc":{"start":{"line":66,"column":41},"end":{"line":89,"column":1}},"line":66},"3":{"name":"(anonymous_3)","decl":{"start":{"line":78,"column":8},"end":{"line":78,"column":9}},"loc":{"start":{"line":78,"column":19},"end":{"line":78,"column":46}},"line":78},"4":{"name":"(anonymous_4)","decl":{"start":{"line":91,"column":20},"end":{"line":91,"column":21}},"loc":{"start":{"line":91,"column":46},"end":{"line":130,"column":1}},"line":91},"5":{"name":"(anonymous_5)","decl":{"start":{"line":132,"column":23},"end":{"line":132,"column":24}},"loc":{"start":{"line":132,"column":49},"end":{"line":172,"column":1}},"line":132},"6":{"name":"(anonymous_6)","decl":{"start":{"line":163,"column":4},"end":{"line":163,"column":5}},"loc":{"start":{"line":163,"column":19},"end":{"line":170,"column":5}},"line":163},"7":{"name":"(anonymous_7)","decl":{"start":{"line":174,"column":23},"end":{"line":174,"column":24}},"loc":{"start":{"line":174,"column":49},"end":{"line":243,"column":1}},"line":174},"8":{"name":"(anonymous_8)","decl":{"start":{"line":229,"column":6},"end":{"line":229,"column":7}},"loc":{"start":{"line":229,"column":15},"end":{"line":236,"column":7}},"line":229},"9":{"name":"(anonymous_9)","decl":{"start":{"line":245,"column":14},"end":{"line":245,"column":15}},"loc":{"start":{"line":245,"column":34},"end":{"line":287,"column":1}},"line":245},"10":{"name":"(anonymous_10)","decl":{"start":{"line":279,"column":6},"end":{"line":279,"column":7}},"loc":{"start":{"line":279,"column":22},"end":{"line":282,"column":7}},"line":279},"11":{"name":"(anonymous_11)","decl":{"start":{"line":289,"column":15},"end":{"line":289,"column":16}},"loc":{"start":{"line":289,"column":35},"end":{"line":343,"column":1}},"line":289},"12":{"name":"(anonymous_12)","decl":{"start":{"line":335,"column":6},"end":{"line":335,"column":7}},"loc":{"start":{"line":335,"column":22},"end":{"line":338,"column":7}},"line":335},"13":{"name":"(anonymous_13)","decl":{"start":{"line":344,"column":25},"end":{"line":344,"column":26}},"loc":{"start":{"line":344,"column":51},"end":{"line":356,"column":1}},"line":344},"14":{"name":"(anonymous_14)","decl":{"start":{"line":357,"column":23},"end":{"line":357,"column":24}},"loc":{"start":{"line":357,"column":49},"end":{"line":392,"column":1}},"line":357},"15":{"name":"(anonymous_15)","decl":{"start":{"line":364,"column":44},"end":{"line":364,"column":45}},"loc":{"start":{"line":364,"column":62},"end":{"line":369,"column":3}},"line":364},"16":{"name":"(anonymous_16)","decl":{"start":{"line":394,"column":20},"end":{"line":394,"column":21}},"loc":{"start":{"line":394,"column":46},"end":{"line":414,"column":1}},"line":394},"17":{"name":"(anonymous_17)","decl":{"start":{"line":415,"column":25},"end":{"line":415,"column":26}},"loc":{"start":{"line":415,"column":51},"end":{"line":442,"column":1}},"line":415},"18":{"name":"(anonymous_18)","decl":{"start":{"line":444,"column":22},"end":{"line":444,"column":23}},"loc":{"start":{"line":444,"column":48},"end":{"line":473,"column":1}},"line":444},"19":{"name":"(anonymous_19)","decl":{"start":{"line":474,"column":22},"end":{"line":474,"column":23}},"loc":{"start":{"line":474,"column":48},"end":{"line":496,"column":1}},"line":474},"20":{"name":"(anonymous_20)","decl":{"start":{"line":497,"column":23},"end":{"line":497,"column":24}},"loc":{"start":{"line":497,"column":49},"end":{"line":529,"column":1}},"line":497}},"branchMap":{"0":{"loc":{"start":{"line":16,"column":4},"end":{"line":18,"column":5}},"type":"if","locations":[{"start":{"line":16,"column":4},"end":{"line":18,"column":5}},{"start":{},"end":{}}],"line":16},"1":{"loc":{"start":{"line":70,"column":4},"end":{"line":72,"column":5}},"type":"if","locations":[{"start":{"line":70,"column":4},"end":{"line":72,"column":5}},{"start":{},"end":{}}],"line":70},"2":{"loc":{"start":{"line":73,"column":4},"end":{"line":75,"column":5}},"type":"if","locations":[{"start":{"line":73,"column":4},"end":{"line":75,"column":5}},{"start":{},"end":{}}],"line":73},"3":{"loc":{"start":{"line":73,"column":8},"end":{"line":73,"column":53}},"type":"binary-expr","locations":[{"start":{"line":73,"column":8},"end":{"line":73,"column":22}},{"start":{"line":73,"column":26},"end":{"line":73,"column":53}}],"line":73},"4":{"loc":{"start":{"line":76,"column":4},"end":{"line":85,"column":5}},"type":"if","locations":[{"start":{"line":76,"column":4},"end":{"line":85,"column":5}},{"start":{},"end":{}}],"line":76},"5":{"loc":{"start":{"line":76,"column":8},"end":{"line":76,"column":68}},"type":"binary-expr","locations":[{"start":{"line":76,"column":8},"end":{"line":76,"column":22}},{"start":{"line":76,"column":26},"end":{"line":76,"column":68}}],"line":76},"6":{"loc":{"start":{"line":96,"column":4},"end":{"line":98,"column":5}},"type":"if","locations":[{"start":{"line":96,"column":4},"end":{"line":98,"column":5}},{"start":{},"end":{}}],"line":96},"7":{"loc":{"start":{"line":100,"column":4},"end":{"line":104,"column":5}},"type":"if","locations":[{"start":{"line":100,"column":4},"end":{"line":104,"column":5}},{"start":{},"end":{}}],"line":100},"8":{"loc":{"start":{"line":100,"column":8},"end":{"line":100,"column":43}},"type":"binary-expr","locations":[{"start":{"line":100,"column":8},"end":{"line":100,"column":12}},{"start":{"line":100,"column":16},"end":{"line":100,"column":43}}],"line":100},"9":{"loc":{"start":{"line":147,"column":2},"end":{"line":149,"column":3}},"type":"if","locations":[{"start":{"line":147,"column":2},"end":{"line":149,"column":3}},{"start":{},"end":{}}],"line":147},"10":{"loc":{"start":{"line":164,"column":6},"end":{"line":168,"column":7}},"type":"if","locations":[{"start":{"line":164,"column":6},"end":{"line":168,"column":7}},{"start":{},"end":{}}],"line":164},"11":{"loc":{"start":{"line":189,"column":4},"end":{"line":196,"column":5}},"type":"if","locations":[{"start":{"line":189,"column":4},"end":{"line":196,"column":5}},{"start":{"line":191,"column":11},"end":{"line":196,"column":5}}],"line":189},"12":{"loc":{"start":{"line":191,"column":11},"end":{"line":196,"column":5}},"type":"if","locations":[{"start":{"line":191,"column":11},"end":{"line":196,"column":5}},{"start":{"line":194,"column":11},"end":{"line":196,"column":5}}],"line":191},"13":{"loc":{"start":{"line":197,"column":4},"end":{"line":199,"column":5}},"type":"if","locations":[{"start":{"line":197,"column":4},"end":{"line":199,"column":5}},{"start":{},"end":{}}],"line":197},"14":{"loc":{"start":{"line":230,"column":8},"end":{"line":234,"column":9}},"type":"if","locations":[{"start":{"line":230,"column":8},"end":{"line":234,"column":9}},{"start":{},"end":{}}],"line":230},"15":{"loc":{"start":{"line":247,"column":2},"end":{"line":249,"column":3}},"type":"if","locations":[{"start":{"line":247,"column":2},"end":{"line":249,"column":3}},{"start":{},"end":{}}],"line":247},"16":{"loc":{"start":{"line":254,"column":4},"end":{"line":258,"column":5}},"type":"if","locations":[{"start":{"line":254,"column":4},"end":{"line":258,"column":5}},{"start":{},"end":{}}],"line":254},"17":{"loc":{"start":{"line":260,"column":4},"end":{"line":264,"column":5}},"type":"if","locations":[{"start":{"line":260,"column":4},"end":{"line":264,"column":5}},{"start":{},"end":{}}],"line":260},"18":{"loc":{"start":{"line":280,"column":8},"end":{"line":280,"column":27}},"type":"if","locations":[{"start":{"line":280,"column":8},"end":{"line":280,"column":27}},{"start":{},"end":{}}],"line":280},"19":{"loc":{"start":{"line":291,"column":2},"end":{"line":293,"column":3}},"type":"if","locations":[{"start":{"line":291,"column":2},"end":{"line":293,"column":3}},{"start":{},"end":{}}],"line":291},"20":{"loc":{"start":{"line":300,"column":4},"end":{"line":302,"column":5}},"type":"if","locations":[{"start":{"line":300,"column":4},"end":{"line":302,"column":5}},{"start":{},"end":{}}],"line":300},"21":{"loc":{"start":{"line":303,"column":4},"end":{"line":307,"column":5}},"type":"if","locations":[{"start":{"line":303,"column":4},"end":{"line":307,"column":5}},{"start":{},"end":{}}],"line":303},"22":{"loc":{"start":{"line":336,"column":8},"end":{"line":336,"column":27}},"type":"if","locations":[{"start":{"line":336,"column":8},"end":{"line":336,"column":27}},{"start":{},"end":{}}],"line":336},"23":{"loc":{"start":{"line":359,"column":16},"end":{"line":359,"column":54}},"type":"binary-expr","locations":[{"start":{"line":359,"column":16},"end":{"line":359,"column":26}},{"start":{"line":359,"column":30},"end":{"line":359,"column":54}}],"line":359},"24":{"loc":{"start":{"line":360,"column":2},"end":{"line":362,"column":3}},"type":"if","locations":[{"start":{"line":360,"column":2},"end":{"line":362,"column":3}},{"start":{},"end":{}}],"line":360},"25":{"loc":{"start":{"line":365,"column":4},"end":{"line":367,"column":5}},"type":"if","locations":[{"start":{"line":365,"column":4},"end":{"line":367,"column":5}},{"start":{},"end":{}}],"line":365},"26":{"loc":{"start":{"line":372,"column":2},"end":{"line":374,"column":3}},"type":"if","locations":[{"start":{"line":372,"column":2},"end":{"line":374,"column":3}},{"start":{},"end":{}}],"line":372},"27":{"loc":{"start":{"line":375,"column":2},"end":{"line":379,"column":3}},"type":"if","locations":[{"start":{"line":375,"column":2},"end":{"line":379,"column":3}},{"start":{},"end":{}}],"line":375},"28":{"loc":{"start":{"line":380,"column":2},"end":{"line":382,"column":3}},"type":"if","locations":[{"start":{"line":380,"column":2},"end":{"line":382,"column":3}},{"start":{},"end":{}}],"line":380},"29":{"loc":{"start":{"line":380,"column":6},"end":{"line":380,"column":57}},"type":"binary-expr","locations":[{"start":{"line":380,"column":6},"end":{"line":380,"column":26}},{"start":{"line":380,"column":30},"end":{"line":380,"column":57}}],"line":380},"30":{"loc":{"start":{"line":385,"column":2},"end":{"line":387,"column":3}},"type":"if","locations":[{"start":{"line":385,"column":2},"end":{"line":387,"column":3}},{"start":{},"end":{}}],"line":385},"31":{"loc":{"start":{"line":398,"column":2},"end":{"line":402,"column":3}},"type":"if","locations":[{"start":{"line":398,"column":2},"end":{"line":402,"column":3}},{"start":{},"end":{}}],"line":398},"32":{"loc":{"start":{"line":398,"column":6},"end":{"line":398,"column":25}},"type":"binary-expr","locations":[{"start":{"line":398,"column":6},"end":{"line":398,"column":12}},{"start":{"line":398,"column":16},"end":{"line":398,"column":25}}],"line":398},"33":{"loc":{"start":{"line":404,"column":2},"end":{"line":406,"column":3}},"type":"if","locations":[{"start":{"line":404,"column":2},"end":{"line":406,"column":3}},{"start":{},"end":{}}],"line":404},"34":{"loc":{"start":{"line":408,"column":2},"end":{"line":410,"column":3}},"type":"if","locations":[{"start":{"line":408,"column":2},"end":{"line":410,"column":3}},{"start":{},"end":{}}],"line":408},"35":{"loc":{"start":{"line":420,"column":4},"end":{"line":422,"column":5}},"type":"if","locations":[{"start":{"line":420,"column":4},"end":{"line":422,"column":5}},{"start":{},"end":{}}],"line":420},"36":{"loc":{"start":{"line":423,"column":4},"end":{"line":427,"column":5}},"type":"if","locations":[{"start":{"line":423,"column":4},"end":{"line":427,"column":5}},{"start":{},"end":{}}],"line":423},"37":{"loc":{"start":{"line":429,"column":4},"end":{"line":431,"column":5}},"type":"if","locations":[{"start":{"line":429,"column":4},"end":{"line":431,"column":5}},{"start":{},"end":{}}],"line":429},"38":{"loc":{"start":{"line":450,"column":4},"end":{"line":452,"column":5}},"type":"if","locations":[{"start":{"line":450,"column":4},"end":{"line":452,"column":5}},{"start":{},"end":{}}],"line":450},"39":{"loc":{"start":{"line":453,"column":4},"end":{"line":457,"column":5}},"type":"if","locations":[{"start":{"line":453,"column":4},"end":{"line":457,"column":5}},{"start":{},"end":{}}],"line":453},"40":{"loc":{"start":{"line":459,"column":4},"end":{"line":461,"column":5}},"type":"if","locations":[{"start":{"line":459,"column":4},"end":{"line":461,"column":5}},{"start":{},"end":{}}],"line":459},"41":{"loc":{"start":{"line":479,"column":4},"end":{"line":481,"column":5}},"type":"if","locations":[{"start":{"line":479,"column":4},"end":{"line":481,"column":5}},{"start":{},"end":{}}],"line":479},"42":{"loc":{"start":{"line":482,"column":4},"end":{"line":484,"column":5}},"type":"if","locations":[{"start":{"line":482,"column":4},"end":{"line":484,"column":5}},{"start":{},"end":{}}],"line":482},"43":{"loc":{"start":{"line":486,"column":4},"end":{"line":488,"column":5}},"type":"if","locations":[{"start":{"line":486,"column":4},"end":{"line":488,"column":5}},{"start":{},"end":{}}],"line":486},"44":{"loc":{"start":{"line":502,"column":4},"end":{"line":504,"column":5}},"type":"if","locations":[{"start":{"line":502,"column":4},"end":{"line":504,"column":5}},{"start":{},"end":{}}],"line":502},"45":{"loc":{"start":{"line":506,"column":4},"end":{"line":508,"column":5}},"type":"if","locations":[{"start":{"line":506,"column":4},"end":{"line":508,"column":5}},{"start":{},"end":{}}],"line":506},"46":{"loc":{"start":{"line":509,"column":4},"end":{"line":511,"column":5}},"type":"if","locations":[{"start":{"line":509,"column":4},"end":{"line":511,"column":5}},{"start":{},"end":{}}],"line":509},"47":{"loc":{"start":{"line":512,"column":4},"end":{"line":516,"column":5}},"type":"if","locations":[{"start":{"line":512,"column":4},"end":{"line":516,"column":5}},{"start":{},"end":{}}],"line":512},"48":{"loc":{"start":{"line":517,"column":4},"end":{"line":521,"column":5}},"type":"if","locations":[{"start":{"line":517,"column":4},"end":{"line":521,"column":5}},{"start":{},"end":{}}],"line":517}},"s":{"0":2,"1":2,"2":2,"3":2,"4":2,"5":2,"6":2,"7":2,"8":2,"9":2,"10":2,"11":0,"12":0,"13":0,"14":0,"15":0,"16":0,"17":0,"18":0,"19":0,"20":0,"21":0,"22":0,"23":0,"24":0,"25":0,"26":0,"27":0,"28":0,"29":0,"30":0,"31":0,"32":0,"33":0,"34":0,"35":2,"36":0,"37":0,"38":0,"39":0,"40":0,"41":0,"42":0,"43":0,"44":0,"45":0,"46":0,"47":0,"48":0,"49":2,"50":0,"51":0,"52":0,"53":0,"54":0,"55":0,"56":0,"57":0,"58":0,"59":0,"60":0,"61":0,"62":0,"63":0,"64":0,"65":0,"66":2,"67":0,"68":0,"69":0,"70":0,"71":0,"72":0,"73":0,"74":0,"75":0,"76":2,"77":0,"78":0,"79":0,"80":0,"81":0,"82":0,"83":0,"84":0,"85":0,"86":0,"87":0,"88":0,"89":0,"90":0,"91":0,"92":0,"93":0,"94":0,"95":0,"96":0,"97":0,"98":0,"99":2,"100":0,"101":0,"102":0,"103":0,"104":0,"105":0,"106":0,"107":0,"108":0,"109":0,"110":0,"111":0,"112":0,"113":0,"114":0,"115":0,"116":0,"117":0,"118":0,"119":2,"120":0,"121":0,"122":0,"123":0,"124":0,"125":0,"126":0,"127":0,"128":0,"129":0,"130":0,"131":0,"132":0,"133":0,"134":0,"135":0,"136":0,"137":0,"138":0,"139":0,"140":2,"141":0,"142":0,"143":0,"144":0,"145":2,"146":7,"147":7,"148":7,"149":1,"150":6,"151":6,"152":6,"153":1,"154":5,"155":6,"156":6,"157":6,"158":2,"159":4,"160":2,"161":2,"162":0,"163":2,"164":2,"165":1,"166":1,"167":1,"168":1,"169":1,"170":2,"171":0,"172":0,"173":0,"174":0,"175":0,"176":0,"177":0,"178":0,"179":0,"180":0,"181":0,"182":0,"183":0,"184":0,"185":2,"186":0,"187":0,"188":0,"189":0,"190":0,"191":0,"192":0,"193":0,"194":0,"195":0,"196":0,"197":0,"198":0,"199":0,"200":0,"201":2,"202":0,"203":0,"204":0,"205":0,"206":0,"207":0,"208":0,"209":0,"210":0,"211":0,"212":0,"213":0,"214":0,"215":0,"216":0,"217":0,"218":0,"219":2,"220":0,"221":0,"222":0,"223":0,"224":0,"225":0,"226":0,"227":0,"228":0,"229":0,"230":0,"231":0,"232":0,"233":0,"234":2,"235":6,"236":6,"237":6,"238":6,"239":6,"240":1,"241":5,"242":5,"243":1,"244":4,"245":1,"246":3,"247":1,"248":2,"249":1,"250":1,"251":1,"252":1,"253":1,"254":0,"255":2},"f":{"0":0,"1":0,"2":0,"3":0,"4":0,"5":0,"6":0,"7":0,"8":0,"9":0,"10":0,"11":0,"12":0,"13":0,"14":7,"15":6,"16":0,"17":0,"18":0,"19":0,"20":6},"b":{"0":[0,0],"1":[0,0],"2":[0,0],"3":[0,0],"4":[0,0],"5":[0,0],"6":[0,0],"7":[0,0],"8":[0,0],"9":[0,0],"10":[0,0],"11":[0,0],"12":[0,0],"13":[0,0],"14":[0,0],"15":[0,0],"16":[0,0],"17":[0,0],"18":[0,0],"19":[0,0],"20":[0,0],"21":[0,0],"22":[0,0],"23":[7,6],"24":[1,6],"25":[1,5],"26":[2,4],"27":[2,2],"28":[0,2],"29":[2,2],"30":[1,1],"31":[0,0],"32":[0,0],"33":[0,0],"34":[0,0],"35":[0,0],"36":[0,0],"37":[0,0],"38":[0,0],"39":[0,0],"40":[0,0],"41":[0,0],"42":[0,0],"43":[0,0],"44":[1,5],"45":[1,4],"46":[1,3],"47":[1,2],"48":[1,1]},"_coverageSchema":"1a1c01bbd47fc00a2c39e90264f33305004495a9","hash":"236940fd384d35149850b204cba6a23a196d0e72"}
,"D:\\Ziad\\Faculty\\CCEC-3\\Semester 2\\Software Engineering\\Project\\Backend\\controllers\\commentController.js": {"path":"D:\\Ziad\\Faculty\\CCEC-3\\Semester 2\\Software Engineering\\Project\\Backend\\controllers\\commentController.js","statementMap":{"0":{"start":{"line":1,"column":16},"end":{"line":1,"column":44}},"1":{"start":{"line":2,"column":13},"end":{"line":2,"column":38}},"2":{"start":{"line":3,"column":13},"end":{"line":3,"column":38}},"3":{"start":{"line":4,"column":18},"end":{"line":4,"column":48}},"4":{"start":{"line":5,"column":19},"end":{"line":5,"column":66}},"5":{"start":{"line":6,"column":24},"end":{"line":6,"column":56}},"6":{"start":{"line":7,"column":15},"end":{"line":7,"column":42}},"7":{"start":{"line":8,"column":29},"end":{"line":8,"column":64}},"8":{"start":{"line":9,"column":19},"end":{"line":9,"column":34}},"9":{"start":{"line":11,"column":22},"end":{"line":167,"column":1}},"10":{"start":{"line":12,"column":17},"end":{"line":12,"column":27}},"11":{"start":{"line":13,"column":17},"end":{"line":13,"column":32}},"12":{"start":{"line":15,"column":2},"end":{"line":166,"column":3}},"13":{"start":{"line":16,"column":17},"end":{"line":16,"column":44}},"14":{"start":{"line":17,"column":4},"end":{"line":20,"column":5}},"15":{"start":{"line":18,"column":6},"end":{"line":18,"column":57}},"16":{"start":{"line":19,"column":6},"end":{"line":19,"column":65}},"17":{"start":{"line":22,"column":17},"end":{"line":22,"column":44}},"18":{"start":{"line":23,"column":4},"end":{"line":26,"column":5}},"19":{"start":{"line":24,"column":6},"end":{"line":24,"column":57}},"20":{"start":{"line":25,"column":6},"end":{"line":25,"column":65}},"21":{"start":{"line":27,"column":22},"end":{"line":27,"column":62}},"22":{"start":{"line":28,"column":4},"end":{"line":34,"column":5}},"23":{"start":{"line":29,"column":6},"end":{"line":33,"column":7}},"24":{"start":{"line":30,"column":8},"end":{"line":32,"column":71}},"25":{"start":{"line":36,"column":25},"end":{"line":38,"column":5}},"26":{"start":{"line":37,"column":22},"end":{"line":37,"column":72}},"27":{"start":{"line":40,"column":4},"end":{"line":44,"column":5}},"28":{"start":{"line":41,"column":6},"end":{"line":43,"column":65}},"29":{"start":{"line":46,"column":4},"end":{"line":52,"column":5}},"30":{"start":{"line":47,"column":6},"end":{"line":51,"column":7}},"31":{"start":{"line":48,"column":8},"end":{"line":50,"column":72}},"32":{"start":{"line":54,"column":4},"end":{"line":61,"column":5}},"33":{"start":{"line":59,"column":6},"end":{"line":59,"column":36}},"34":{"start":{"line":60,"column":6},"end":{"line":60,"column":65}},"35":{"start":{"line":63,"column":4},"end":{"line":72,"column":5}},"36":{"start":{"line":68,"column":6},"end":{"line":68,"column":60}},"37":{"start":{"line":69,"column":6},"end":{"line":71,"column":69}},"38":{"start":{"line":74,"column":20},"end":{"line":82,"column":6}},"39":{"start":{"line":84,"column":4},"end":{"line":95,"column":5}},"40":{"start":{"line":85,"column":26},"end":{"line":85,"column":38}},"41":{"start":{"line":86,"column":6},"end":{"line":94,"column":7}},"42":{"start":{"line":87,"column":32},"end":{"line":87,"column":73}},"43":{"start":{"line":88,"column":8},"end":{"line":88,"column":45}},"44":{"start":{"line":89,"column":13},"end":{"line":94,"column":7}},"45":{"start":{"line":90,"column":32},"end":{"line":90,"column":73}},"46":{"start":{"line":91,"column":8},"end":{"line":91,"column":45}},"47":{"start":{"line":93,"column":8},"end":{"line":93,"column":75}},"48":{"start":{"line":97,"column":4},"end":{"line":99,"column":5}},"49":{"start":{"line":98,"column":6},"end":{"line":98,"column":33}},"50":{"start":{"line":101,"column":25},"end":{"line":101,"column":45}},"51":{"start":{"line":103,"column":4},"end":{"line":111,"column":5}},"52":{"start":{"line":104,"column":28},"end":{"line":104,"column":76}},"53":{"start":{"line":105,"column":6},"end":{"line":107,"column":7}},"54":{"start":{"line":106,"column":8},"end":{"line":106,"column":77}},"55":{"start":{"line":109,"column":6},"end":{"line":109,"column":51}},"56":{"start":{"line":110,"column":6},"end":{"line":110,"column":33}},"57":{"start":{"line":112,"column":4},"end":{"line":116,"column":5}},"58":{"start":{"line":113,"column":6},"end":{"line":113,"column":43}},"59":{"start":{"line":114,"column":6},"end":{"line":114,"column":29}},"60":{"start":{"line":115,"column":6},"end":{"line":115,"column":24}},"61":{"start":{"line":118,"column":4},"end":{"line":118,"column":41}},"62":{"start":{"line":119,"column":4},"end":{"line":119,"column":22}},"63":{"start":{"line":120,"column":4},"end":{"line":138,"column":5}},"64":{"start":{"line":121,"column":6},"end":{"line":121,"column":31}},"65":{"start":{"line":122,"column":28},"end":{"line":124,"column":7}},"66":{"start":{"line":125,"column":28},"end":{"line":125,"column":69}},"67":{"start":{"line":126,"column":6},"end":{"line":137,"column":7}},"68":{"start":{"line":127,"column":8},"end":{"line":133,"column":10}},"69":{"start":{"line":139,"column":21},"end":{"line":139,"column":51}},"70":{"start":{"line":140,"column":4},"end":{"line":155,"column":5}},"71":{"start":{"line":141,"column":6},"end":{"line":147,"column":8}},"72":{"start":{"line":148,"column":6},"end":{"line":150,"column":79}},"73":{"start":{"line":152,"column":6},"end":{"line":154,"column":9}},"74":{"start":{"line":162,"column":4},"end":{"line":162,"column":48}},"75":{"start":{"line":163,"column":4},"end":{"line":165,"column":71}},"76":{"start":{"line":169,"column":15},"end":{"line":197,"column":1}},"77":{"start":{"line":170,"column":2},"end":{"line":196,"column":3}},"78":{"start":{"line":171,"column":19},"end":{"line":171,"column":29}},"79":{"start":{"line":172,"column":22},"end":{"line":172,"column":40}},"80":{"start":{"line":173,"column":20},"end":{"line":173,"column":53}},"81":{"start":{"line":174,"column":17},"end":{"line":174,"column":44}},"82":{"start":{"line":175,"column":4},"end":{"line":177,"column":5}},"83":{"start":{"line":176,"column":6},"end":{"line":176,"column":68}},"84":{"start":{"line":178,"column":4},"end":{"line":180,"column":5}},"85":{"start":{"line":179,"column":6},"end":{"line":179,"column":74}},"86":{"start":{"line":181,"column":4},"end":{"line":185,"column":5}},"87":{"start":{"line":182,"column":6},"end":{"line":182,"column":29}},"88":{"start":{"line":183,"column":6},"end":{"line":183,"column":42}},"89":{"start":{"line":184,"column":6},"end":{"line":184,"column":45}},"90":{"start":{"line":186,"column":4},"end":{"line":186,"column":25}},"91":{"start":{"line":187,"column":4},"end":{"line":187,"column":38}},"92":{"start":{"line":188,"column":4},"end":{"line":188,"column":25}},"93":{"start":{"line":189,"column":4},"end":{"line":192,"column":5}},"94":{"start":{"line":190,"column":6},"end":{"line":190,"column":43}},"95":{"start":{"line":191,"column":6},"end":{"line":191,"column":24}},"96":{"start":{"line":193,"column":4},"end":{"line":193,"column":73}},"97":{"start":{"line":195,"column":4},"end":{"line":195,"column":76}},"98":{"start":{"line":199,"column":17},"end":{"line":227,"column":1}},"99":{"start":{"line":200,"column":2},"end":{"line":226,"column":3}},"100":{"start":{"line":201,"column":19},"end":{"line":201,"column":29}},"101":{"start":{"line":202,"column":22},"end":{"line":202,"column":40}},"102":{"start":{"line":203,"column":20},"end":{"line":203,"column":53}},"103":{"start":{"line":204,"column":17},"end":{"line":204,"column":44}},"104":{"start":{"line":205,"column":4},"end":{"line":207,"column":5}},"105":{"start":{"line":206,"column":6},"end":{"line":206,"column":68}},"106":{"start":{"line":208,"column":4},"end":{"line":210,"column":5}},"107":{"start":{"line":209,"column":6},"end":{"line":209,"column":76}},"108":{"start":{"line":211,"column":4},"end":{"line":215,"column":5}},"109":{"start":{"line":212,"column":6},"end":{"line":212,"column":27}},"110":{"start":{"line":213,"column":6},"end":{"line":213,"column":40}},"111":{"start":{"line":214,"column":6},"end":{"line":214,"column":43}},"112":{"start":{"line":216,"column":4},"end":{"line":216,"column":27}},"113":{"start":{"line":217,"column":4},"end":{"line":217,"column":40}},"114":{"start":{"line":218,"column":4},"end":{"line":218,"column":25}},"115":{"start":{"line":219,"column":4},"end":{"line":222,"column":5}},"116":{"start":{"line":220,"column":6},"end":{"line":220,"column":45}},"117":{"start":{"line":221,"column":6},"end":{"line":221,"column":24}},"118":{"start":{"line":223,"column":4},"end":{"line":223,"column":75}},"119":{"start":{"line":225,"column":4},"end":{"line":225,"column":78}},"120":{"start":{"line":229,"column":23},"end":{"line":252,"column":1}},"121":{"start":{"line":230,"column":2},"end":{"line":251,"column":3}},"122":{"start":{"line":231,"column":19},"end":{"line":231,"column":29}},"123":{"start":{"line":232,"column":22},"end":{"line":232,"column":40}},"124":{"start":{"line":233,"column":20},"end":{"line":233,"column":53}},"125":{"start":{"line":234,"column":17},"end":{"line":234,"column":44}},"126":{"start":{"line":235,"column":4},"end":{"line":237,"column":5}},"127":{"start":{"line":236,"column":6},"end":{"line":236,"column":68}},"128":{"start":{"line":238,"column":4},"end":{"line":240,"column":5}},"129":{"start":{"line":239,"column":6},"end":{"line":239,"column":72}},"130":{"start":{"line":241,"column":4},"end":{"line":241,"column":27}},"131":{"start":{"line":242,"column":4},"end":{"line":242,"column":40}},"132":{"start":{"line":243,"column":4},"end":{"line":243,"column":25}},"133":{"start":{"line":244,"column":4},"end":{"line":247,"column":5}},"134":{"start":{"line":245,"column":6},"end":{"line":245,"column":45}},"135":{"start":{"line":246,"column":6},"end":{"line":246,"column":24}},"136":{"start":{"line":248,"column":4},"end":{"line":248,"column":60}},"137":{"start":{"line":250,"column":4},"end":{"line":250,"column":79}},"138":{"start":{"line":254,"column":21},"end":{"line":278,"column":1}},"139":{"start":{"line":255,"column":2},"end":{"line":277,"column":3}},"140":{"start":{"line":256,"column":19},"end":{"line":256,"column":29}},"141":{"start":{"line":257,"column":22},"end":{"line":257,"column":40}},"142":{"start":{"line":258,"column":20},"end":{"line":258,"column":53}},"143":{"start":{"line":259,"column":17},"end":{"line":259,"column":44}},"144":{"start":{"line":260,"column":4},"end":{"line":262,"column":5}},"145":{"start":{"line":261,"column":6},"end":{"line":261,"column":68}},"146":{"start":{"line":263,"column":4},"end":{"line":265,"column":5}},"147":{"start":{"line":264,"column":6},"end":{"line":264,"column":70}},"148":{"start":{"line":266,"column":4},"end":{"line":266,"column":25}},"149":{"start":{"line":267,"column":4},"end":{"line":267,"column":38}},"150":{"start":{"line":268,"column":4},"end":{"line":268,"column":25}},"151":{"start":{"line":269,"column":4},"end":{"line":273,"column":5}},"152":{"start":{"line":270,"column":6},"end":{"line":270,"column":43}},"153":{"start":{"line":272,"column":6},"end":{"line":272,"column":24}},"154":{"start":{"line":274,"column":4},"end":{"line":274,"column":58}},"155":{"start":{"line":276,"column":4},"end":{"line":276,"column":77}},"156":{"start":{"line":280,"column":22},"end":{"line":353,"column":1}},"157":{"start":{"line":281,"column":17},"end":{"line":281,"column":27}},"158":{"start":{"line":282,"column":20},"end":{"line":282,"column":38}},"159":{"start":{"line":283,"column":16},"end":{"line":283,"column":30}},"160":{"start":{"line":284,"column":22},"end":{"line":284,"column":42}},"161":{"start":{"line":286,"column":2},"end":{"line":352,"column":3}},"162":{"start":{"line":287,"column":17},"end":{"line":287,"column":44}},"163":{"start":{"line":288,"column":4},"end":{"line":291,"column":5}},"164":{"start":{"line":289,"column":6},"end":{"line":289,"column":57}},"165":{"start":{"line":290,"column":6},"end":{"line":290,"column":65}},"166":{"start":{"line":293,"column":20},"end":{"line":293,"column":53}},"167":{"start":{"line":294,"column":4},"end":{"line":297,"column":5}},"168":{"start":{"line":295,"column":6},"end":{"line":295,"column":66}},"169":{"start":{"line":296,"column":6},"end":{"line":296,"column":68}},"170":{"start":{"line":299,"column":25},"end":{"line":299,"column":60}},"171":{"start":{"line":300,"column":4},"end":{"line":302,"column":5}},"172":{"start":{"line":301,"column":6},"end":{"line":301,"column":74}},"173":{"start":{"line":303,"column":4},"end":{"line":311,"column":5}},"174":{"start":{"line":305,"column":8},"end":{"line":305,"column":58}},"175":{"start":{"line":308,"column":6},"end":{"line":310,"column":65}},"176":{"start":{"line":313,"column":17},"end":{"line":313,"column":52}},"177":{"start":{"line":314,"column":4},"end":{"line":317,"column":5}},"178":{"start":{"line":315,"column":6},"end":{"line":315,"column":65}},"179":{"start":{"line":316,"column":6},"end":{"line":316,"column":65}},"180":{"start":{"line":318,"column":4},"end":{"line":320,"column":5}},"181":{"start":{"line":319,"column":6},"end":{"line":319,"column":68}},"182":{"start":{"line":321,"column":4},"end":{"line":323,"column":5}},"183":{"start":{"line":322,"column":6},"end":{"line":322,"column":74}},"184":{"start":{"line":324,"column":24},"end":{"line":324,"column":38}},"185":{"start":{"line":326,"column":19},"end":{"line":335,"column":6}},"186":{"start":{"line":337,"column":4},"end":{"line":346,"column":5}},"187":{"start":{"line":338,"column":6},"end":{"line":343,"column":9}},"188":{"start":{"line":345,"column":6},"end":{"line":345,"column":24}},"189":{"start":{"line":347,"column":4},"end":{"line":347,"column":24}},"190":{"start":{"line":348,"column":4},"end":{"line":348,"column":71}},"191":{"start":{"line":350,"column":4},"end":{"line":350,"column":49}},"192":{"start":{"line":351,"column":4},"end":{"line":351,"column":77}},"193":{"start":{"line":355,"column":20},"end":{"line":389,"column":1}},"194":{"start":{"line":356,"column":2},"end":{"line":388,"column":3}},"195":{"start":{"line":357,"column":19},"end":{"line":357,"column":29}},"196":{"start":{"line":358,"column":22},"end":{"line":358,"column":40}},"197":{"start":{"line":359,"column":20},"end":{"line":359,"column":53}},"198":{"start":{"line":360,"column":17},"end":{"line":360,"column":44}},"199":{"start":{"line":362,"column":4},"end":{"line":364,"column":5}},"200":{"start":{"line":363,"column":6},"end":{"line":363,"column":68}},"201":{"start":{"line":365,"column":4},"end":{"line":367,"column":5}},"202":{"start":{"line":366,"column":6},"end":{"line":366,"column":76}},"203":{"start":{"line":368,"column":17},"end":{"line":368,"column":52}},"204":{"start":{"line":369,"column":4},"end":{"line":373,"column":5}},"205":{"start":{"line":370,"column":6},"end":{"line":372,"column":9}},"206":{"start":{"line":374,"column":22},"end":{"line":374,"column":62}},"207":{"start":{"line":375,"column":4},"end":{"line":379,"column":5}},"208":{"start":{"line":376,"column":6},"end":{"line":378,"column":9}},"209":{"start":{"line":381,"column":4},"end":{"line":381,"column":28}},"210":{"start":{"line":382,"column":4},"end":{"line":382,"column":25}},"211":{"start":{"line":383,"column":4},"end":{"line":383,"column":56}},"212":{"start":{"line":385,"column":4},"end":{"line":387,"column":70}},"213":{"start":{"line":391,"column":22},"end":{"line":424,"column":1}},"214":{"start":{"line":392,"column":2},"end":{"line":423,"column":3}},"215":{"start":{"line":393,"column":19},"end":{"line":393,"column":29}},"216":{"start":{"line":394,"column":22},"end":{"line":394,"column":40}},"217":{"start":{"line":395,"column":20},"end":{"line":395,"column":53}},"218":{"start":{"line":396,"column":17},"end":{"line":396,"column":44}},"219":{"start":{"line":397,"column":4},"end":{"line":399,"column":5}},"220":{"start":{"line":398,"column":6},"end":{"line":398,"column":68}},"221":{"start":{"line":400,"column":4},"end":{"line":402,"column":5}},"222":{"start":{"line":401,"column":6},"end":{"line":401,"column":78}},"223":{"start":{"line":403,"column":17},"end":{"line":403,"column":52}},"224":{"start":{"line":404,"column":4},"end":{"line":408,"column":5}},"225":{"start":{"line":405,"column":6},"end":{"line":407,"column":9}},"226":{"start":{"line":409,"column":22},"end":{"line":409,"column":62}},"227":{"start":{"line":410,"column":4},"end":{"line":414,"column":5}},"228":{"start":{"line":411,"column":6},"end":{"line":413,"column":9}},"229":{"start":{"line":416,"column":4},"end":{"line":416,"column":29}},"230":{"start":{"line":417,"column":4},"end":{"line":417,"column":25}},"231":{"start":{"line":418,"column":4},"end":{"line":418,"column":58}},"232":{"start":{"line":420,"column":4},"end":{"line":422,"column":72}},"233":{"start":{"line":425,"column":19},"end":{"line":441,"column":1}},"234":{"start":{"line":426,"column":2},"end":{"line":440,"column":3}},"235":{"start":{"line":427,"column":22},"end":{"line":427,"column":41}},"236":{"start":{"line":428,"column":20},"end":{"line":431,"column":6}},"237":{"start":{"line":432,"column":4},"end":{"line":434,"column":5}},"238":{"start":{"line":433,"column":6},"end":{"line":433,"column":68}},"239":{"start":{"line":435,"column":4},"end":{"line":437,"column":70}},"240":{"start":{"line":439,"column":4},"end":{"line":439,"column":76}},"241":{"start":{"line":443,"column":22},"end":{"line":565,"column":1}},"242":{"start":{"line":444,"column":17},"end":{"line":444,"column":27}},"243":{"start":{"line":445,"column":17},"end":{"line":445,"column":33}},"244":{"start":{"line":446,"column":20},"end":{"line":446,"column":50}},"245":{"start":{"line":447,"column":14},"end":{"line":447,"column":38}},"246":{"start":{"line":448,"column":17},"end":{"line":448,"column":41}},"247":{"start":{"line":449,"column":2},"end":{"line":564,"column":3}},"248":{"start":{"line":451,"column":4},"end":{"line":453,"column":5}},"249":{"start":{"line":452,"column":6},"end":{"line":452,"column":41}},"250":{"start":{"line":454,"column":16},"end":{"line":454,"column":18}},"251":{"start":{"line":455,"column":4},"end":{"line":457,"column":5}},"252":{"start":{"line":456,"column":6},"end":{"line":456,"column":53}},"253":{"start":{"line":458,"column":15},"end":{"line":458,"column":17}},"254":{"start":{"line":459,"column":4},"end":{"line":461,"column":5}},"255":{"start":{"line":460,"column":6},"end":{"line":460,"column":24}},"256":{"start":{"line":462,"column":4},"end":{"line":464,"column":5}},"257":{"start":{"line":463,"column":6},"end":{"line":463,"column":26}},"258":{"start":{"line":465,"column":30},"end":{"line":478,"column":8}},"259":{"start":{"line":479,"column":21},"end":{"line":552,"column":5}},"260":{"start":{"line":481,"column":22},"end":{"line":481,"column":57}},"261":{"start":{"line":482,"column":25},"end":{"line":482,"column":79}},"262":{"start":{"line":483,"column":25},"end":{"line":483,"column":91}},"263":{"start":{"line":484,"column":28},"end":{"line":484,"column":52}},"264":{"start":{"line":488,"column":8},"end":{"line":494,"column":9}},"265":{"start":{"line":489,"column":10},"end":{"line":489,"column":64}},"266":{"start":{"line":490,"column":10},"end":{"line":490,"column":67}},"267":{"start":{"line":491,"column":10},"end":{"line":493,"column":11}},"268":{"start":{"line":492,"column":12},"end":{"line":492,"column":80}},"269":{"start":{"line":495,"column":27},"end":{"line":495,"column":53}},"270":{"start":{"line":497,"column":8},"end":{"line":499,"column":9}},"271":{"start":{"line":498,"column":10},"end":{"line":498,"column":68}},"272":{"start":{"line":500,"column":27},"end":{"line":500,"column":53}},"273":{"start":{"line":502,"column":8},"end":{"line":504,"column":9}},"274":{"start":{"line":503,"column":10},"end":{"line":503,"column":68}},"275":{"start":{"line":506,"column":30},"end":{"line":506,"column":34}},"276":{"start":{"line":507,"column":8},"end":{"line":512,"column":9}},"277":{"start":{"line":508,"column":32},"end":{"line":508,"column":68}},"278":{"start":{"line":509,"column":10},"end":{"line":511,"column":19}},"279":{"start":{"line":514,"column":8},"end":{"line":550,"column":10}},"280":{"start":{"line":553,"column":25},"end":{"line":553,"column":33}},"281":{"start":{"line":554,"column":4},"end":{"line":560,"column":5}},"282":{"start":{"line":555,"column":6},"end":{"line":555,"column":102}},"283":{"start":{"line":555,"column":47},"end":{"line":555,"column":100}},"284":{"start":{"line":556,"column":11},"end":{"line":560,"column":5}},"285":{"start":{"line":557,"column":6},"end":{"line":557,"column":74}},"286":{"start":{"line":557,"column":47},"end":{"line":557,"column":72}},"287":{"start":{"line":558,"column":11},"end":{"line":560,"column":5}},"288":{"start":{"line":559,"column":6},"end":{"line":559,"column":102}},"289":{"start":{"line":559,"column":47},"end":{"line":559,"column":100}},"290":{"start":{"line":561,"column":4},"end":{"line":561,"column":84}},"291":{"start":{"line":563,"column":4},"end":{"line":563,"column":77}},"292":{"start":{"line":567,"column":31},"end":{"line":696,"column":1}},"293":{"start":{"line":568,"column":17},"end":{"line":568,"column":27}},"294":{"start":{"line":569,"column":17},"end":{"line":569,"column":33}},"295":{"start":{"line":570,"column":20},"end":{"line":570,"column":50}},"296":{"start":{"line":571,"column":14},"end":{"line":571,"column":38}},"297":{"start":{"line":572,"column":17},"end":{"line":572,"column":41}},"298":{"start":{"line":573,"column":24},"end":{"line":573,"column":47}},"299":{"start":{"line":574,"column":2},"end":{"line":695,"column":3}},"300":{"start":{"line":576,"column":4},"end":{"line":578,"column":5}},"301":{"start":{"line":577,"column":6},"end":{"line":577,"column":41}},"302":{"start":{"line":579,"column":22},"end":{"line":579,"column":70}},"303":{"start":{"line":580,"column":4},"end":{"line":582,"column":5}},"304":{"start":{"line":581,"column":6},"end":{"line":581,"column":70}},"305":{"start":{"line":583,"column":18},"end":{"line":583,"column":74}},"306":{"start":{"line":584,"column":20},"end":{"line":584,"column":60}},"307":{"start":{"line":584,"column":40},"end":{"line":584,"column":59}},"308":{"start":{"line":585,"column":16},"end":{"line":585,"column":44}},"309":{"start":{"line":586,"column":4},"end":{"line":588,"column":5}},"310":{"start":{"line":587,"column":6},"end":{"line":587,"column":53}},"311":{"start":{"line":589,"column":15},"end":{"line":589,"column":17}},"312":{"start":{"line":590,"column":4},"end":{"line":592,"column":5}},"313":{"start":{"line":591,"column":6},"end":{"line":591,"column":24}},"314":{"start":{"line":593,"column":4},"end":{"line":595,"column":5}},"315":{"start":{"line":594,"column":6},"end":{"line":594,"column":26}},"316":{"start":{"line":596,"column":30},"end":{"line":609,"column":8}},"317":{"start":{"line":610,"column":21},"end":{"line":683,"column":5}},"318":{"start":{"line":612,"column":22},"end":{"line":612,"column":57}},"319":{"start":{"line":613,"column":28},"end":{"line":613,"column":52}},"320":{"start":{"line":614,"column":25},"end":{"line":614,"column":79}},"321":{"start":{"line":615,"column":25},"end":{"line":615,"column":91}},"322":{"start":{"line":619,"column":8},"end":{"line":625,"column":9}},"323":{"start":{"line":620,"column":10},"end":{"line":620,"column":64}},"324":{"start":{"line":621,"column":10},"end":{"line":621,"column":67}},"325":{"start":{"line":622,"column":10},"end":{"line":624,"column":11}},"326":{"start":{"line":623,"column":12},"end":{"line":623,"column":80}},"327":{"start":{"line":626,"column":30},"end":{"line":626,"column":34}},"328":{"start":{"line":627,"column":8},"end":{"line":632,"column":9}},"329":{"start":{"line":628,"column":32},"end":{"line":628,"column":68}},"330":{"start":{"line":629,"column":10},"end":{"line":631,"column":19}},"331":{"start":{"line":633,"column":27},"end":{"line":633,"column":53}},"332":{"start":{"line":635,"column":8},"end":{"line":637,"column":9}},"333":{"start":{"line":636,"column":10},"end":{"line":636,"column":68}},"334":{"start":{"line":639,"column":27},"end":{"line":639,"column":53}},"335":{"start":{"line":641,"column":8},"end":{"line":643,"column":9}},"336":{"start":{"line":642,"column":10},"end":{"line":642,"column":68}},"337":{"start":{"line":645,"column":8},"end":{"line":681,"column":10}},"338":{"start":{"line":684,"column":25},"end":{"line":684,"column":33}},"339":{"start":{"line":685,"column":4},"end":{"line":691,"column":5}},"340":{"start":{"line":686,"column":6},"end":{"line":686,"column":102}},"341":{"start":{"line":686,"column":47},"end":{"line":686,"column":100}},"342":{"start":{"line":687,"column":11},"end":{"line":691,"column":5}},"343":{"start":{"line":688,"column":6},"end":{"line":688,"column":74}},"344":{"start":{"line":688,"column":47},"end":{"line":688,"column":72}},"345":{"start":{"line":689,"column":11},"end":{"line":691,"column":5}},"346":{"start":{"line":690,"column":6},"end":{"line":690,"column":102}},"347":{"start":{"line":690,"column":47},"end":{"line":690,"column":100}},"348":{"start":{"line":692,"column":4},"end":{"line":692,"column":84}},"349":{"start":{"line":694,"column":4},"end":{"line":694,"column":77}},"350":{"start":{"line":698,"column":0},"end":{"line":710,"column":2}}},"fnMap":{"0":{"name":"(anonymous_0)","decl":{"start":{"line":11,"column":22},"end":{"line":11,"column":23}},"loc":{"start":{"line":11,"column":48},"end":{"line":167,"column":1}},"line":11},"1":{"name":"(anonymous_1)","decl":{"start":{"line":37,"column":6},"end":{"line":37,"column":7}},"loc":{"start":{"line":37,"column":22},"end":{"line":37,"column":72}},"line":37},"2":{"name":"(anonymous_2)","decl":{"start":{"line":169,"column":15},"end":{"line":169,"column":16}},"loc":{"start":{"line":169,"column":41},"end":{"line":197,"column":1}},"line":169},"3":{"name":"(anonymous_3)","decl":{"start":{"line":199,"column":17},"end":{"line":199,"column":18}},"loc":{"start":{"line":199,"column":43},"end":{"line":227,"column":1}},"line":199},"4":{"name":"(anonymous_4)","decl":{"start":{"line":229,"column":23},"end":{"line":229,"column":24}},"loc":{"start":{"line":229,"column":49},"end":{"line":252,"column":1}},"line":229},"5":{"name":"(anonymous_5)","decl":{"start":{"line":254,"column":21},"end":{"line":254,"column":22}},"loc":{"start":{"line":254,"column":47},"end":{"line":278,"column":1}},"line":254},"6":{"name":"(anonymous_6)","decl":{"start":{"line":280,"column":22},"end":{"line":280,"column":23}},"loc":{"start":{"line":280,"column":48},"end":{"line":353,"column":1}},"line":280},"7":{"name":"(anonymous_7)","decl":{"start":{"line":304,"column":27},"end":{"line":304,"column":28}},"loc":{"start":{"line":305,"column":8},"end":{"line":305,"column":58}},"line":305},"8":{"name":"(anonymous_8)","decl":{"start":{"line":355,"column":20},"end":{"line":355,"column":21}},"loc":{"start":{"line":355,"column":46},"end":{"line":389,"column":1}},"line":355},"9":{"name":"(anonymous_9)","decl":{"start":{"line":391,"column":22},"end":{"line":391,"column":23}},"loc":{"start":{"line":391,"column":48},"end":{"line":424,"column":1}},"line":391},"10":{"name":"(anonymous_10)","decl":{"start":{"line":425,"column":19},"end":{"line":425,"column":20}},"loc":{"start":{"line":425,"column":45},"end":{"line":441,"column":1}},"line":425},"11":{"name":"(anonymous_11)","decl":{"start":{"line":443,"column":22},"end":{"line":443,"column":23}},"loc":{"start":{"line":443,"column":48},"end":{"line":565,"column":1}},"line":443},"12":{"name":"(anonymous_12)","decl":{"start":{"line":480,"column":28},"end":{"line":480,"column":29}},"loc":{"start":{"line":480,"column":47},"end":{"line":551,"column":7}},"line":480},"13":{"name":"(anonymous_13)","decl":{"start":{"line":555,"column":37},"end":{"line":555,"column":38}},"loc":{"start":{"line":555,"column":47},"end":{"line":555,"column":100}},"line":555},"14":{"name":"(anonymous_14)","decl":{"start":{"line":557,"column":37},"end":{"line":557,"column":38}},"loc":{"start":{"line":557,"column":47},"end":{"line":557,"column":72}},"line":557},"15":{"name":"(anonymous_15)","decl":{"start":{"line":559,"column":37},"end":{"line":559,"column":38}},"loc":{"start":{"line":559,"column":47},"end":{"line":559,"column":100}},"line":559},"16":{"name":"(anonymous_16)","decl":{"start":{"line":567,"column":31},"end":{"line":567,"column":32}},"loc":{"start":{"line":567,"column":57},"end":{"line":696,"column":1}},"line":567},"17":{"name":"(anonymous_17)","decl":{"start":{"line":584,"column":30},"end":{"line":584,"column":31}},"loc":{"start":{"line":584,"column":40},"end":{"line":584,"column":59}},"line":584},"18":{"name":"(anonymous_18)","decl":{"start":{"line":611,"column":28},"end":{"line":611,"column":29}},"loc":{"start":{"line":611,"column":47},"end":{"line":682,"column":7}},"line":611},"19":{"name":"(anonymous_19)","decl":{"start":{"line":686,"column":37},"end":{"line":686,"column":38}},"loc":{"start":{"line":686,"column":47},"end":{"line":686,"column":100}},"line":686},"20":{"name":"(anonymous_20)","decl":{"start":{"line":688,"column":37},"end":{"line":688,"column":38}},"loc":{"start":{"line":688,"column":47},"end":{"line":688,"column":72}},"line":688},"21":{"name":"(anonymous_21)","decl":{"start":{"line":690,"column":37},"end":{"line":690,"column":38}},"loc":{"start":{"line":690,"column":47},"end":{"line":690,"column":100}},"line":690}},"branchMap":{"0":{"loc":{"start":{"line":17,"column":4},"end":{"line":20,"column":5}},"type":"if","locations":[{"start":{"line":17,"column":4},"end":{"line":20,"column":5}},{"start":{},"end":{}}],"line":17},"1":{"loc":{"start":{"line":23,"column":4},"end":{"line":26,"column":5}},"type":"if","locations":[{"start":{"line":23,"column":4},"end":{"line":26,"column":5}},{"start":{},"end":{}}],"line":23},"2":{"loc":{"start":{"line":28,"column":4},"end":{"line":34,"column":5}},"type":"if","locations":[{"start":{"line":28,"column":4},"end":{"line":34,"column":5}},{"start":{},"end":{}}],"line":28},"3":{"loc":{"start":{"line":28,"column":8},"end":{"line":28,"column":52}},"type":"binary-expr","locations":[{"start":{"line":28,"column":8},"end":{"line":28,"column":17}},{"start":{"line":28,"column":21},"end":{"line":28,"column":52}}],"line":28},"4":{"loc":{"start":{"line":29,"column":6},"end":{"line":33,"column":7}},"type":"if","locations":[{"start":{"line":29,"column":6},"end":{"line":33,"column":7}},{"start":{},"end":{}}],"line":29},"5":{"loc":{"start":{"line":40,"column":4},"end":{"line":44,"column":5}},"type":"if","locations":[{"start":{"line":40,"column":4},"end":{"line":44,"column":5}},{"start":{},"end":{}}],"line":40},"6":{"loc":{"start":{"line":46,"column":4},"end":{"line":52,"column":5}},"type":"if","locations":[{"start":{"line":46,"column":4},"end":{"line":52,"column":5}},{"start":{},"end":{}}],"line":46},"7":{"loc":{"start":{"line":47,"column":6},"end":{"line":51,"column":7}},"type":"if","locations":[{"start":{"line":47,"column":6},"end":{"line":51,"column":7}},{"start":{},"end":{}}],"line":47},"8":{"loc":{"start":{"line":47,"column":10},"end":{"line":47,"column":65}},"type":"binary-expr","locations":[{"start":{"line":47,"column":10},"end":{"line":47,"column":23}},{"start":{"line":47,"column":27},"end":{"line":47,"column":65}}],"line":47},"9":{"loc":{"start":{"line":54,"column":4},"end":{"line":61,"column":5}},"type":"if","locations":[{"start":{"line":54,"column":4},"end":{"line":61,"column":5}},{"start":{},"end":{}}],"line":54},"10":{"loc":{"start":{"line":55,"column":6},"end":{"line":57,"column":24}},"type":"binary-expr","locations":[{"start":{"line":55,"column":6},"end":{"line":55,"column":19}},{"start":{"line":56,"column":6},"end":{"line":56,"column":37}},{"start":{"line":57,"column":6},"end":{"line":57,"column":24}}],"line":55},"11":{"loc":{"start":{"line":63,"column":4},"end":{"line":72,"column":5}},"type":"if","locations":[{"start":{"line":63,"column":4},"end":{"line":72,"column":5}},{"start":{},"end":{}}],"line":63},"12":{"loc":{"start":{"line":64,"column":6},"end":{"line":66,"column":19}},"type":"binary-expr","locations":[{"start":{"line":64,"column":7},"end":{"line":64,"column":21}},{"start":{"line":64,"column":25},"end":{"line":64,"column":52}},{"start":{"line":65,"column":7},"end":{"line":65,"column":17}},{"start":{"line":65,"column":21},"end":{"line":65,"column":43}},{"start":{"line":66,"column":6},"end":{"line":66,"column":19}}],"line":64},"13":{"loc":{"start":{"line":77,"column":12},"end":{"line":77,"column":39}},"type":"binary-expr","locations":[{"start":{"line":77,"column":12},"end":{"line":77,"column":32}},{"start":{"line":77,"column":36},"end":{"line":77,"column":39}}],"line":77},"14":{"loc":{"start":{"line":78,"column":23},"end":{"line":78,"column":55}},"type":"binary-expr","locations":[{"start":{"line":78,"column":23},"end":{"line":78,"column":47}},{"start":{"line":78,"column":51},"end":{"line":78,"column":55}}],"line":78},"15":{"loc":{"start":{"line":81,"column":16},"end":{"line":81,"column":42}},"type":"binary-expr","locations":[{"start":{"line":81,"column":16},"end":{"line":81,"column":33}},{"start":{"line":81,"column":37},"end":{"line":81,"column":42}}],"line":81},"16":{"loc":{"start":{"line":84,"column":4},"end":{"line":95,"column":5}},"type":"if","locations":[{"start":{"line":84,"column":4},"end":{"line":95,"column":5}},{"start":{},"end":{}}],"line":84},"17":{"loc":{"start":{"line":84,"column":8},"end":{"line":84,"column":41}},"type":"binary-expr","locations":[{"start":{"line":84,"column":8},"end":{"line":84,"column":17}},{"start":{"line":84,"column":21},"end":{"line":84,"column":41}}],"line":84},"18":{"loc":{"start":{"line":86,"column":6},"end":{"line":94,"column":7}},"type":"if","locations":[{"start":{"line":86,"column":6},"end":{"line":94,"column":7}},{"start":{"line":89,"column":13},"end":{"line":94,"column":7}}],"line":86},"19":{"loc":{"start":{"line":86,"column":10},"end":{"line":86,"column":64}},"type":"binary-expr","locations":[{"start":{"line":86,"column":10},"end":{"line":86,"column":35}},{"start":{"line":86,"column":39},"end":{"line":86,"column":64}}],"line":86},"20":{"loc":{"start":{"line":89,"column":13},"end":{"line":94,"column":7}},"type":"if","locations":[{"start":{"line":89,"column":13},"end":{"line":94,"column":7}},{"start":{"line":92,"column":13},"end":{"line":94,"column":7}}],"line":89},"21":{"loc":{"start":{"line":89,"column":17},"end":{"line":89,"column":71}},"type":"binary-expr","locations":[{"start":{"line":89,"column":17},"end":{"line":89,"column":42}},{"start":{"line":89,"column":46},"end":{"line":89,"column":71}}],"line":89},"22":{"loc":{"start":{"line":97,"column":4},"end":{"line":99,"column":5}},"type":"if","locations":[{"start":{"line":97,"column":4},"end":{"line":99,"column":5}},{"start":{},"end":{}}],"line":97},"23":{"loc":{"start":{"line":103,"column":4},"end":{"line":111,"column":5}},"type":"if","locations":[{"start":{"line":103,"column":4},"end":{"line":111,"column":5}},{"start":{},"end":{}}],"line":103},"24":{"loc":{"start":{"line":105,"column":6},"end":{"line":107,"column":7}},"type":"if","locations":[{"start":{"line":105,"column":6},"end":{"line":107,"column":7}},{"start":{},"end":{}}],"line":105},"25":{"loc":{"start":{"line":112,"column":4},"end":{"line":116,"column":5}},"type":"if","locations":[{"start":{"line":112,"column":4},"end":{"line":116,"column":5}},{"start":{},"end":{}}],"line":112},"26":{"loc":{"start":{"line":120,"column":4},"end":{"line":138,"column":5}},"type":"if","locations":[{"start":{"line":120,"column":4},"end":{"line":138,"column":5}},{"start":{},"end":{}}],"line":120},"27":{"loc":{"start":{"line":126,"column":6},"end":{"line":137,"column":7}},"type":"if","locations":[{"start":{"line":126,"column":6},"end":{"line":137,"column":7}},{"start":{},"end":{}}],"line":126},"28":{"loc":{"start":{"line":140,"column":4},"end":{"line":155,"column":5}},"type":"if","locations":[{"start":{"line":140,"column":4},"end":{"line":155,"column":5}},{"start":{"line":151,"column":11},"end":{"line":155,"column":5}}],"line":140},"29":{"loc":{"start":{"line":175,"column":4},"end":{"line":177,"column":5}},"type":"if","locations":[{"start":{"line":175,"column":4},"end":{"line":177,"column":5}},{"start":{},"end":{}}],"line":175},"30":{"loc":{"start":{"line":178,"column":4},"end":{"line":180,"column":5}},"type":"if","locations":[{"start":{"line":178,"column":4},"end":{"line":180,"column":5}},{"start":{},"end":{}}],"line":178},"31":{"loc":{"start":{"line":181,"column":4},"end":{"line":185,"column":5}},"type":"if","locations":[{"start":{"line":181,"column":4},"end":{"line":185,"column":5}},{"start":{},"end":{}}],"line":181},"32":{"loc":{"start":{"line":189,"column":4},"end":{"line":192,"column":5}},"type":"if","locations":[{"start":{"line":189,"column":4},"end":{"line":192,"column":5}},{"start":{},"end":{}}],"line":189},"33":{"loc":{"start":{"line":205,"column":4},"end":{"line":207,"column":5}},"type":"if","locations":[{"start":{"line":205,"column":4},"end":{"line":207,"column":5}},{"start":{},"end":{}}],"line":205},"34":{"loc":{"start":{"line":208,"column":4},"end":{"line":210,"column":5}},"type":"if","locations":[{"start":{"line":208,"column":4},"end":{"line":210,"column":5}},{"start":{},"end":{}}],"line":208},"35":{"loc":{"start":{"line":211,"column":4},"end":{"line":215,"column":5}},"type":"if","locations":[{"start":{"line":211,"column":4},"end":{"line":215,"column":5}},{"start":{},"end":{}}],"line":211},"36":{"loc":{"start":{"line":219,"column":4},"end":{"line":222,"column":5}},"type":"if","locations":[{"start":{"line":219,"column":4},"end":{"line":222,"column":5}},{"start":{},"end":{}}],"line":219},"37":{"loc":{"start":{"line":235,"column":4},"end":{"line":237,"column":5}},"type":"if","locations":[{"start":{"line":235,"column":4},"end":{"line":237,"column":5}},{"start":{},"end":{}}],"line":235},"38":{"loc":{"start":{"line":238,"column":4},"end":{"line":240,"column":5}},"type":"if","locations":[{"start":{"line":238,"column":4},"end":{"line":240,"column":5}},{"start":{},"end":{}}],"line":238},"39":{"loc":{"start":{"line":244,"column":4},"end":{"line":247,"column":5}},"type":"if","locations":[{"start":{"line":244,"column":4},"end":{"line":247,"column":5}},{"start":{},"end":{}}],"line":244},"40":{"loc":{"start":{"line":260,"column":4},"end":{"line":262,"column":5}},"type":"if","locations":[{"start":{"line":260,"column":4},"end":{"line":262,"column":5}},{"start":{},"end":{}}],"line":260},"41":{"loc":{"start":{"line":263,"column":4},"end":{"line":265,"column":5}},"type":"if","locations":[{"start":{"line":263,"column":4},"end":{"line":265,"column":5}},{"start":{},"end":{}}],"line":263},"42":{"loc":{"start":{"line":269,"column":4},"end":{"line":273,"column":5}},"type":"if","locations":[{"start":{"line":269,"column":4},"end":{"line":273,"column":5}},{"start":{},"end":{}}],"line":269},"43":{"loc":{"start":{"line":288,"column":4},"end":{"line":291,"column":5}},"type":"if","locations":[{"start":{"line":288,"column":4},"end":{"line":291,"column":5}},{"start":{},"end":{}}],"line":288},"44":{"loc":{"start":{"line":294,"column":4},"end":{"line":297,"column":5}},"type":"if","locations":[{"start":{"line":294,"column":4},"end":{"line":297,"column":5}},{"start":{},"end":{}}],"line":294},"45":{"loc":{"start":{"line":300,"column":4},"end":{"line":302,"column":5}},"type":"if","locations":[{"start":{"line":300,"column":4},"end":{"line":302,"column":5}},{"start":{},"end":{}}],"line":300},"46":{"loc":{"start":{"line":303,"column":4},"end":{"line":311,"column":5}},"type":"if","locations":[{"start":{"line":303,"column":4},"end":{"line":311,"column":5}},{"start":{},"end":{}}],"line":303},"47":{"loc":{"start":{"line":314,"column":4},"end":{"line":317,"column":5}},"type":"if","locations":[{"start":{"line":314,"column":4},"end":{"line":317,"column":5}},{"start":{},"end":{}}],"line":314},"48":{"loc":{"start":{"line":318,"column":4},"end":{"line":320,"column":5}},"type":"if","locations":[{"start":{"line":318,"column":4},"end":{"line":320,"column":5}},{"start":{},"end":{}}],"line":318},"49":{"loc":{"start":{"line":321,"column":4},"end":{"line":323,"column":5}},"type":"if","locations":[{"start":{"line":321,"column":4},"end":{"line":323,"column":5}},{"start":{},"end":{}}],"line":321},"50":{"loc":{"start":{"line":331,"column":19},"end":{"line":331,"column":38}},"type":"binary-expr","locations":[{"start":{"line":331,"column":19},"end":{"line":331,"column":30}},{"start":{"line":331,"column":34},"end":{"line":331,"column":38}}],"line":331},"51":{"loc":{"start":{"line":332,"column":13},"end":{"line":332,"column":24}},"type":"binary-expr","locations":[{"start":{"line":332,"column":13},"end":{"line":332,"column":18}},{"start":{"line":332,"column":22},"end":{"line":332,"column":24}}],"line":332},"52":{"loc":{"start":{"line":334,"column":17},"end":{"line":334,"column":44}},"type":"binary-expr","locations":[{"start":{"line":334,"column":17},"end":{"line":334,"column":35}},{"start":{"line":334,"column":39},"end":{"line":334,"column":44}}],"line":334},"53":{"loc":{"start":{"line":337,"column":4},"end":{"line":346,"column":5}},"type":"if","locations":[{"start":{"line":337,"column":4},"end":{"line":346,"column":5}},{"start":{},"end":{}}],"line":337},"54":{"loc":{"start":{"line":362,"column":4},"end":{"line":364,"column":5}},"type":"if","locations":[{"start":{"line":362,"column":4},"end":{"line":364,"column":5}},{"start":{},"end":{}}],"line":362},"55":{"loc":{"start":{"line":365,"column":4},"end":{"line":367,"column":5}},"type":"if","locations":[{"start":{"line":365,"column":4},"end":{"line":367,"column":5}},{"start":{},"end":{}}],"line":365},"56":{"loc":{"start":{"line":369,"column":4},"end":{"line":373,"column":5}},"type":"if","locations":[{"start":{"line":369,"column":4},"end":{"line":373,"column":5}},{"start":{},"end":{}}],"line":369},"57":{"loc":{"start":{"line":375,"column":4},"end":{"line":379,"column":5}},"type":"if","locations":[{"start":{"line":375,"column":4},"end":{"line":379,"column":5}},{"start":{},"end":{}}],"line":375},"58":{"loc":{"start":{"line":397,"column":4},"end":{"line":399,"column":5}},"type":"if","locations":[{"start":{"line":397,"column":4},"end":{"line":399,"column":5}},{"start":{},"end":{}}],"line":397},"59":{"loc":{"start":{"line":400,"column":4},"end":{"line":402,"column":5}},"type":"if","locations":[{"start":{"line":400,"column":4},"end":{"line":402,"column":5}},{"start":{},"end":{}}],"line":400},"60":{"loc":{"start":{"line":404,"column":4},"end":{"line":408,"column":5}},"type":"if","locations":[{"start":{"line":404,"column":4},"end":{"line":408,"column":5}},{"start":{},"end":{}}],"line":404},"61":{"loc":{"start":{"line":410,"column":4},"end":{"line":414,"column":5}},"type":"if","locations":[{"start":{"line":410,"column":4},"end":{"line":414,"column":5}},{"start":{},"end":{}}],"line":410},"62":{"loc":{"start":{"line":432,"column":4},"end":{"line":434,"column":5}},"type":"if","locations":[{"start":{"line":432,"column":4},"end":{"line":434,"column":5}},{"start":{},"end":{}}],"line":432},"63":{"loc":{"start":{"line":451,"column":4},"end":{"line":453,"column":5}},"type":"if","locations":[{"start":{"line":451,"column":4},"end":{"line":453,"column":5}},{"start":{},"end":{}}],"line":451},"64":{"loc":{"start":{"line":455,"column":4},"end":{"line":457,"column":5}},"type":"if","locations":[{"start":{"line":455,"column":4},"end":{"line":457,"column":5}},{"start":{},"end":{}}],"line":455},"65":{"loc":{"start":{"line":459,"column":4},"end":{"line":461,"column":5}},"type":"if","locations":[{"start":{"line":459,"column":4},"end":{"line":461,"column":5}},{"start":{},"end":{}}],"line":459},"66":{"loc":{"start":{"line":459,"column":8},"end":{"line":459,"column":24}},"type":"binary-expr","locations":[{"start":{"line":459,"column":8},"end":{"line":459,"column":17}},{"start":{"line":459,"column":21},"end":{"line":459,"column":24}}],"line":459},"67":{"loc":{"start":{"line":462,"column":4},"end":{"line":464,"column":5}},"type":"if","locations":[{"start":{"line":462,"column":4},"end":{"line":464,"column":5}},{"start":{},"end":{}}],"line":462},"68":{"loc":{"start":{"line":482,"column":25},"end":{"line":482,"column":79}},"type":"cond-expr","locations":[{"start":{"line":482,"column":32},"end":{"line":482,"column":71}},{"start":{"line":482,"column":74},"end":{"line":482,"column":79}}],"line":482},"69":{"loc":{"start":{"line":483,"column":25},"end":{"line":483,"column":91}},"type":"cond-expr","locations":[{"start":{"line":483,"column":32},"end":{"line":483,"column":83}},{"start":{"line":483,"column":86},"end":{"line":483,"column":91}}],"line":483},"70":{"loc":{"start":{"line":488,"column":8},"end":{"line":494,"column":9}},"type":"if","locations":[{"start":{"line":488,"column":8},"end":{"line":494,"column":9}},{"start":{},"end":{}}],"line":488},"71":{"loc":{"start":{"line":491,"column":10},"end":{"line":493,"column":11}},"type":"if","locations":[{"start":{"line":491,"column":10},"end":{"line":493,"column":11}},{"start":{},"end":{}}],"line":491},"72":{"loc":{"start":{"line":497,"column":8},"end":{"line":499,"column":9}},"type":"if","locations":[{"start":{"line":497,"column":8},"end":{"line":499,"column":9}},{"start":{},"end":{}}],"line":497},"73":{"loc":{"start":{"line":502,"column":8},"end":{"line":504,"column":9}},"type":"if","locations":[{"start":{"line":502,"column":8},"end":{"line":504,"column":9}},{"start":{},"end":{}}],"line":5
[...]
:{"loc":{"start":{"line":73,"column":17},"end":{"line":73,"column":61}},"type":"cond-expr","locations":[{"start":{"line":73,"column":37},"end":{"line":73,"column":54}},{"start":{"line":73,"column":57},"end":{"line":73,"column":61}}],"line":73},"12":{"loc":{"start":{"line":74,"column":16},"end":{"line":74,"column":38}},"type":"cond-expr","locations":[{"start":{"line":74,"column":23},"end":{"line":74,"column":31}},{"start":{"line":74,"column":34},"end":{"line":74,"column":38}}],"line":74},"13":{"loc":{"start":{"line":90,"column":22},"end":{"line":90,"column":60}},"type":"cond-expr","locations":[{"start":{"line":90,"column":37},"end":{"line":90,"column":53}},{"start":{"line":90,"column":56},"end":{"line":90,"column":60}}],"line":90},"14":{"loc":{"start":{"line":93,"column":24},"end":{"line":93,"column":58}},"type":"cond-expr","locations":[{"start":{"line":93,"column":37},"end":{"line":93,"column":51}},{"start":{"line":93,"column":54},"end":{"line":93,"column":58}}],"line":93},"15":{"loc":{"start":{"line":94,"column":23},"end":{"line":94,"column":56}},"type":"cond-expr","locations":[{"start":{"line":94,"column":35},"end":{"line":94,"column":49}},{"start":{"line":94,"column":52},"end":{"line":94,"column":56}}],"line":94},"16":{"loc":{"start":{"line":95,"column":25},"end":{"line":95,"column":65}},"type":"cond-expr","locations":[{"start":{"line":95,"column":43},"end":{"line":95,"column":58}},{"start":{"line":95,"column":61},"end":{"line":95,"column":65}}],"line":95},"17":{"loc":{"start":{"line":96,"column":17},"end":{"line":96,"column":61}},"type":"cond-expr","locations":[{"start":{"line":96,"column":37},"end":{"line":96,"column":54}},{"start":{"line":96,"column":57},"end":{"line":96,"column":61}}],"line":96},"18":{"loc":{"start":{"line":97,"column":16},"end":{"line":97,"column":38}},"type":"cond-expr","locations":[{"start":{"line":97,"column":23},"end":{"line":97,"column":31}},{"start":{"line":97,"column":34},"end":{"line":97,"column":38}}],"line":97},"19":{"loc":{"start":{"line":113,"column":22},"end":{"line":113,"column":60}},"type":"cond-expr","locations":[{"start":{"line":113,"column":37},"end":{"line":113,"column":53}},{"start":{"line":113,"column":56},"end":{"line":113,"column":60}}],"line":113},"20":{"loc":{"start":{"line":116,"column":24},"end":{"line":116,"column":58}},"type":"cond-expr","locations":[{"start":{"line":116,"column":37},"end":{"line":116,"column":51}},{"start":{"line":116,"column":54},"end":{"line":116,"column":58}}],"line":116},"21":{"loc":{"start":{"line":117,"column":23},"end":{"line":117,"column":56}},"type":"cond-expr","locations":[{"start":{"line":117,"column":35},"end":{"line":117,"column":49}},{"start":{"line":117,"column":52},"end":{"line":117,"column":56}}],"line":117},"22":{"loc":{"start":{"line":118,"column":25},"end":{"line":118,"column":65}},"type":"cond-expr","locations":[{"start":{"line":118,"column":43},"end":{"line":118,"column":58}},{"start":{"line":118,"column":61},"end":{"line":118,"column":65}}],"line":118},"23":{"loc":{"start":{"line":120,"column":16},"end":{"line":120,"column":38}},"type":"cond-expr","locations":[{"start":{"line":120,"column":23},"end":{"line":120,"column":31}},{"start":{"line":120,"column":34},"end":{"line":120,"column":38}}],"line":120},"24":{"loc":{"start":{"line":136,"column":22},"end":{"line":136,"column":60}},"type":"cond-expr","locations":[{"start":{"line":136,"column":37},"end":{"line":136,"column":53}},{"start":{"line":136,"column":56},"end":{"line":136,"column":60}}],"line":136},"25":{"loc":{"start":{"line":139,"column":24},"end":{"line":139,"column":58}},"type":"cond-expr","locations":[{"start":{"line":139,"column":37},"end":{"line":139,"column":51}},{"start":{"line":139,"column":54},"end":{"line":139,"column":58}}],"line":139},"26":{"loc":{"start":{"line":140,"column":23},"end":{"line":140,"column":56}},"type":"cond-expr","locations":[{"start":{"line":140,"column":35},"end":{"line":140,"column":49}},{"start":{"line":140,"column":52},"end":{"line":140,"column":56}}],"line":140},"27":{"loc":{"start":{"line":141,"column":25},"end":{"line":141,"column":65}},"type":"cond-expr","locations":[{"start":{"line":141,"column":43},"end":{"line":141,"column":58}},{"start":{"line":141,"column":61},"end":{"line":141,"column":65}}],"line":141},"28":{"loc":{"start":{"line":142,"column":17},"end":{"line":142,"column":63}},"type":"cond-expr","locations":[{"start":{"line":142,"column":38},"end":{"line":142,"column":56}},{"start":{"line":142,"column":59},"end":{"line":142,"column":63}}],"line":142},"29":{"loc":{"start":{"line":143,"column":16},"end":{"line":143,"column":38}},"type":"cond-expr","locations":[{"start":{"line":143,"column":23},"end":{"line":143,"column":31}},{"start":{"line":143,"column":34},"end":{"line":143,"column":38}}],"line":143},"30":{"loc":{"start":{"line":159,"column":22},"end":{"line":159,"column":60}},"type":"cond-expr","locations":[{"start":{"line":159,"column":37},"end":{"line":159,"column":53}},{"start":{"line":159,"column":56},"end":{"line":159,"column":60}}],"line":159},"31":{"loc":{"start":{"line":162,"column":24},"end":{"line":162,"column":58}},"type":"cond-expr","locations":[{"start":{"line":162,"column":37},"end":{"line":162,"column":51}},{"start":{"line":162,"column":54},"end":{"line":162,"column":58}}],"line":162},"32":{"loc":{"start":{"line":163,"column":23},"end":{"line":163,"column":56}},"type":"cond-expr","locations":[{"start":{"line":163,"column":35},"end":{"line":163,"column":49}},{"start":{"line":163,"column":52},"end":{"line":163,"column":56}}],"line":163},"33":{"loc":{"start":{"line":164,"column":25},"end":{"line":164,"column":65}},"type":"cond-expr","locations":[{"start":{"line":164,"column":43},"end":{"line":164,"column":58}},{"start":{"line":164,"column":61},"end":{"line":164,"column":65}}],"line":164},"34":{"loc":{"start":{"line":165,"column":17},"end":{"line":165,"column":63}},"type":"cond-expr","locations":[{"start":{"line":165,"column":38},"end":{"line":165,"column":56}},{"start":{"line":165,"column":59},"end":{"line":165,"column":63}}],"line":165},"35":{"loc":{"start":{"line":166,"column":16},"end":{"line":166,"column":38}},"type":"cond-expr","locations":[{"start":{"line":166,"column":23},"end":{"line":166,"column":31}},{"start":{"line":166,"column":34},"end":{"line":166,"column":38}}],"line":166},"36":{"loc":{"start":{"line":182,"column":22},"end":{"line":182,"column":60}},"type":"cond-expr","locations":[{"start":{"line":182,"column":37},"end":{"line":182,"column":53}},{"start":{"line":182,"column":56},"end":{"line":182,"column":60}}],"line":182},"37":{"loc":{"start":{"line":185,"column":24},"end":{"line":185,"column":58}},"type":"cond-expr","locations":[{"start":{"line":185,"column":37},"end":{"line":185,"column":51}},{"start":{"line":185,"column":54},"end":{"line":185,"column":58}}],"line":185},"38":{"loc":{"start":{"line":186,"column":23},"end":{"line":186,"column":56}},"type":"cond-expr","locations":[{"start":{"line":186,"column":35},"end":{"line":186,"column":49}},{"start":{"line":186,"column":52},"end":{"line":186,"column":56}}],"line":186},"39":{"loc":{"start":{"line":187,"column":25},"end":{"line":187,"column":65}},"type":"cond-expr","locations":[{"start":{"line":187,"column":43},"end":{"line":187,"column":58}},{"start":{"line":187,"column":61},"end":{"line":187,"column":65}}],"line":187},"40":{"loc":{"start":{"line":188,"column":17},"end":{"line":188,"column":61}},"type":"cond-expr","locations":[{"start":{"line":188,"column":37},"end":{"line":188,"column":54}},{"start":{"line":188,"column":57},"end":{"line":188,"column":61}}],"line":188},"41":{"loc":{"start":{"line":189,"column":16},"end":{"line":189,"column":38}},"type":"cond-expr","locations":[{"start":{"line":189,"column":23},"end":{"line":189,"column":31}},{"start":{"line":189,"column":34},"end":{"line":189,"column":38}}],"line":189},"42":{"loc":{"start":{"line":200,"column":2},"end":{"line":202,"column":3}},"type":"if","locations":[{"start":{"line":200,"column":2},"end":{"line":202,"column":3}},{"start":{},"end":{}}],"line":200},"43":{"loc":{"start":{"line":215,"column":6},"end":{"line":228,"column":7}},"type":"if","locations":[{"start":{"line":215,"column":6},"end":{"line":228,"column":7}},{"start":{},"end":{}}],"line":215},"44":{"loc":{"start":{"line":218,"column":10},"end":{"line":225,"column":11}},"type":"if","locations":[{"start":{"line":218,"column":10},"end":{"line":225,"column":11}},{"start":{},"end":{}}],"line":218}},"s":{"0":1,"1":1,"2":1,"3":1,"4":1,"5":1,"6":1,"7":1,"8":1,"9":1,"10":1,"11":1,"12":1,"13":0,"14":0,"15":0,"16":0,"17":0,"18":0,"19":0,"20":0,"21":0,"22":0,"23":0,"24":0,"25":0,"26":0,"27":0,"28":0,"29":0,"30":0,"31":0,"32":0,"33":0,"34":0,"35":0,"36":0,"37":0,"38":0,"39":0,"40":0,"41":0,"42":0,"43":0,"44":0,"45":0,"46":0,"47":0,"48":0,"49":0,"50":0,"51":0,"52":0,"53":0,"54":0,"55":0,"56":0,"57":0,"58":0,"59":0,"60":0,"61":0,"62":0,"63":0,"64":0,"65":0,"66":0,"67":0,"68":0,"69":0,"70":0,"71":0,"72":0,"73":0,"74":0,"75":0,"76":0,"77":0,"78":0,"79":0,"80":1},"f":{"0":0,"1":0,"2":0,"3":0},"b":{"0":[0,0],"1":[0,0],"2":[0,0],"3":[0,0],"4":[0,0],"5":[0,0],"6":[0,0,0,0,0,0,0],"7":[0,0],"8":[0,0],"9":[0,0],"10":[0,0],"11":[0,0],"12":[0,0],"13":[0,0],"14":[0,0],"15":[0,0],"16":[0,0],"17":[0,0],"18":[0,0],"19":[0,0],"20":[0,0],"21":[0,0],"22":[0,0],"23":[0,0],"24":[0,0],"25":[0,0],"26":[0,0],"27":[0,0],"28":[0,0],"29":[0,0],"30":[0,0],"31":[0,0],"32":[0,0],"33":[0,0],"34":[0,0],"35":[0,0],"36":[0,0],"37":[0,0],"38":[0,0],"39":[0,0],"40":[0,0],"41":[0,0],"42":[0,0],"43":[0,0],"44":[0,0]},"_coverageSchema":"1a1c01bbd47fc00a2c39e90264f33305004495a9","hash":"94d96d0e7caf98f30bef37577f2b9ef878657560"}
,"D:\\Ziad\\Faculty\\CCEC-3\\Semester 2\\Software Engineering\\Project\\Backend\\services\\postServices.js": {"path":"D:\\Ziad\\Faculty\\CCEC-3\\Semester 2\\Software Engineering\\Project\\Backend\\services\\postServices.js","statementMap":{"0":{"start":{"line":1,"column":24},"end":{"line":1,"column":56}},"1":{"start":{"line":3,"column":15},"end":{"line":8,"column":3}},"2":{"start":{"line":5,"column":23},"end":{"line":5,"column":74}},"3":{"start":{"line":6,"column":6},"end":{"line":6,"column":26}},"4":{"start":{"line":9,"column":2},"end":{"line":9,"column":14}},"5":{"start":{"line":12,"column":15},"end":{"line":17,"column":3}},"6":{"start":{"line":14,"column":23},"end":{"line":14,"column":74}},"7":{"start":{"line":15,"column":6},"end":{"line":15,"column":26}},"8":{"start":{"line":18,"column":2},"end":{"line":18,"column":14}},"9":{"start":{"line":22,"column":22},"end":{"line":43,"column":1}},"10":{"start":{"line":23,"column":21},"end":{"line":23,"column":39}},"11":{"start":{"line":24,"column":19},"end":{"line":24,"column":31}},"12":{"start":{"line":25,"column":18},"end":{"line":25,"column":20}},"13":{"start":{"line":26,"column":16},"end":{"line":26,"column":34}},"14":{"start":{"line":27,"column":22},"end":{"line":27,"column":50}},"15":{"start":{"line":28,"column":2},"end":{"line":33,"column":3}},"16":{"start":{"line":29,"column":4},"end":{"line":32,"column":6}},"17":{"start":{"line":35,"column":2},"end":{"line":40,"column":3}},"18":{"start":{"line":36,"column":4},"end":{"line":39,"column":6}},"19":{"start":{"line":41,"column":2},"end":{"line":41,"column":62}},"20":{"start":{"line":42,"column":2},"end":{"line":42,"column":21}},"21":{"start":{"line":47,"column":2},"end":{"line":55,"column":3}},"22":{"start":{"line":48,"column":4},"end":{"line":48,"column":90}},"23":{"start":{"line":48,"column":39},"end":{"line":48,"column":88}},"24":{"start":{"line":49,"column":9},"end":{"line":55,"column":3}},"25":{"start":{"line":50,"column":4},"end":{"line":50,"column":66}},"26":{"start":{"line":50,"column":39},"end":{"line":50,"column":64}},"27":{"start":{"line":51,"column":9},"end":{"line":55,"column":3}},"28":{"start":{"line":52,"column":4},"end":{"line":52,"column":132}},"29":{"start":{"line":52,"column":39},"end":{"line":52,"column":130}},"30":{"start":{"line":53,"column":9},"end":{"line":55,"column":3}},"31":{"start":{"line":54,"column":4},"end":{"line":54,"column":78}},"32":{"start":{"line":54,"column":39},"end":{"line":54,"column":76}},"33":{"start":{"line":56,"column":2},"end":{"line":56,"column":21}},"34":{"start":{"line":59,"column":0},"end":{"line":64,"column":2}}},"fnMap":{"0":{"name":"getImagesUrls","decl":{"start":{"line":2,"column":15},"end":{"line":2,"column":28}},"loc":{"start":{"line":2,"column":37},"end":{"line":10,"column":1}},"line":2},"1":{"name":"(anonymous_1)","decl":{"start":{"line":4,"column":15},"end":{"line":4,"column":16}},"loc":{"start":{"line":4,"column":32},"end":{"line":7,"column":5}},"line":4},"2":{"name":"getVideosUrls","decl":{"start":{"line":11,"column":15},"end":{"line":11,"column":28}},"loc":{"start":{"line":11,"column":37},"end":{"line":19,"column":1}},"line":11},"3":{"name":"(anonymous_3)","decl":{"start":{"line":13,"column":15},"end":{"line":13,"column":16}},"loc":{"start":{"line":13,"column":32},"end":{"line":16,"column":5}},"line":13},"4":{"name":"(anonymous_4)","decl":{"start":{"line":22,"column":22},"end":{"line":22,"column":23}},"loc":{"start":{"line":22,"column":63},"end":{"line":43,"column":1}},"line":22},"5":{"name":"sortPosts","decl":{"start":{"line":45,"column":9},"end":{"line":45,"column":18}},"loc":{"start":{"line":45,"column":34},"end":{"line":57,"column":1}},"line":45},"6":{"name":"(anonymous_6)","decl":{"start":{"line":48,"column":29},"end":{"line":48,"column":30}},"loc":{"start":{"line":48,"column":39},"end":{"line":48,"column":88}},"line":48},"7":{"name":"(anonymous_7)","decl":{"start":{"line":50,"column":29},"end":{"line":50,"column":30}},"loc":{"start":{"line":50,"column":39},"end":{"line":50,"column":64}},"line":50},"8":{"name":"(anonymous_8)","decl":{"start":{"line":52,"column":29},"end":{"line":52,"column":30}},"loc":{"start":{"line":52,"column":39},"end":{"line":52,"column":130}},"line":52},"9":{"name":"(anonymous_9)","decl":{"start":{"line":54,"column":29},"end":{"line":54,"column":30}},"loc":{"start":{"line":54,"column":39},"end":{"line":54,"column":76}},"line":54}},"branchMap":{"0":{"loc":{"start":{"line":28,"column":2},"end":{"line":33,"column":3}},"type":"if","locations":[{"start":{"line":28,"column":2},"end":{"line":33,"column":3}},{"start":{},"end":{}}],"line":28},"1":{"loc":{"start":{"line":35,"column":2},"end":{"line":40,"column":3}},"type":"if","locations":[{"start":{"line":35,"column":2},"end":{"line":40,"column":3}},{"start":{},"end":{}}],"line":35},"2":{"loc":{"start":{"line":47,"column":2},"end":{"line":55,"column":3}},"type":"if","locations":[{"start":{"line":47,"column":2},"end":{"line":55,"column":3}},{"start":{"line":49,"column":9},"end":{"line":55,"column":3}}],"line":47},"3":{"loc":{"start":{"line":49,"column":9},"end":{"line":55,"column":3}},"type":"if","locations":[{"start":{"line":49,"column":9},"end":{"line":55,"column":3}},{"start":{"line":51,"column":9},"end":{"line":55,"column":3}}],"line":49},"4":{"loc":{"start":{"line":51,"column":9},"end":{"line":55,"column":3}},"type":"if","locations":[{"start":{"line":51,"column":9},"end":{"line":55,"column":3}},{"start":{"line":53,"column":9},"end":{"line":55,"column":3}}],"line":51},"5":{"loc":{"start":{"line":53,"column":9},"end":{"line":55,"column":3}},"type":"if","locations":[{"start":{"line":53,"column":9},"end":{"line":55,"column":3}},{"start":{},"end":{}}],"line":53}},"s":{"0":1,"1":0,"2":0,"3":0,"4":0,"5":0,"6":0,"7":0,"8":0,"9":1,"10":0,"11":0,"12":0,"13":0,"14":0,"15":0,"16":0,"17":0,"18":0,"19":0,"20":0,"21":0,"22":0,"23":0,"24":0,"25":0,"26":0,"27":0,"28":0,"29":0,"30":0,"31":0,"32":0,"33":0,"34":1},"f":{"0":0,"1":0,"2":0,"3":0,"4":0,"5":0,"6":0,"7":0,"8":0,"9":0},"b":{"0":[0,0],"1":[0,0],"2":[0,0],"3":[0,0],"4":[0,0],"5":[0,0]},"_coverageSchema":"1a1c01bbd47fc00a2c39e90264f33305004495a9","hash":"a75ecc9deeedc3c799bf22f55d60618d02898963"}
,"D:\\Ziad\\Faculty\\CCEC-3\\Semester 2\\Software Engineering\\Project\\Backend\\services\\subredditServices.js": {"path":"D:\\Ziad\\Faculty\\CCEC-3\\Semester 2\\Software Engineering\\Project\\Backend\\services\\subredditServices.js","statementMap":{"0":{"start":{"line":1,"column":25},"end":{"line":10,"column":1}},"1":{"start":{"line":2,"column":15},"end":{"line":2,"column":43}},"2":{"start":{"line":3,"column":2},"end":{"line":5,"column":3}},"3":{"start":{"line":4,"column":4},"end":{"line":4,"column":16}},"4":{"start":{"line":6,"column":2},"end":{"line":8,"column":3}},"5":{"start":{"line":7,"column":4},"end":{"line":7,"column":17}},"6":{"start":{"line":9,"column":2},"end":{"line":9,"column":14}},"7":{"start":{"line":12,"column":23},"end":{"line":17,"column":1}},"8":{"start":{"line":13,"column":2},"end":{"line":15,"column":3}},"9":{"start":{"line":14,"column":4},"end":{"line":14,"column":17}},"10":{"start":{"line":16,"column":2},"end":{"line":16,"column":14}},"11":{"start":{"line":18,"column":0},"end":{"line":18,"column":54}}},"fnMap":{"0":{"name":"(anonymous_0)","decl":{"start":{"line":1,"column":25},"end":{"line":1,"column":26}},"loc":{"start":{"line":1,"column":40},"end":{"line":10,"column":1}},"line":1},"1":{"name":"(anonymous_1)","decl":{"start":{"line":12,"column":23},"end":{"line":12,"column":24}},"loc":{"start":{"line":12,"column":38},"end":{"line":17,"column":1}},"line":12}},"branchMap":{"0":{"loc":{"start":{"line":3,"column":2},"end":{"line":5,"column":3}},"type":"if","locations":[{"start":{"line":3,"column":2},"end":{"line":5,"column":3}},{"start":{},"end":{}}],"line":3},"1":{"loc":{"start":{"line":6,"column":2},"end":{"line":8,"column":3}},"type":"if","locations":[{"start":{"line":6,"column":2},"end":{"line":8,"column":3}},{"start":{},"end":{}}],"line":6},"2":{"loc":{"start":{"line":13,"column":2},"end":{"line":15,"column":3}},"type":"if","locations":[{"start":{"line":13,"column":2},"end":{"line":15,"column":3}},{"start":{},"end":{}}],"line":13}},"s":{"0":1,"1":0,"2":0,"3":0,"4":0,"5":0,"6":0,"7":1,"8":0,"9":0,"10":0,"11":1},"f":{"0":0,"1":0},"b":{"0":[0,0],"1":[0,0],"2":[0,0]},"_coverageSchema":"1a1c01bbd47fc00a2c39e90264f33305004495a9","hash":"99fecc7db381843bd6d4d3b1f12694be37c18adb"}
,"D:\\Ziad\\Faculty\\CCEC-3\\Semester 2\\Software Engineering\\Project\\Backend\\services\\userServices.js": {"path":"D:\\Ziad\\Faculty\\CCEC-3\\Semester 2\\Software Engineering\\Project\\Backend\\services\\userServices.js","statementMap":{"0":{"start":{"line":1,"column":13},"end":{"line":1,"column":38}},"1":{"start":{"line":3,"column":24},"end":{"line":23,"column":1}},"2":{"start":{"line":4,"column":21},"end":{"line":4,"column":39}},"3":{"start":{"line":5,"column":19},"end":{"line":5,"column":31}},"4":{"start":{"line":6,"column":18},"end":{"line":6,"column":20}},"5":{"start":{"line":7,"column":16},"end":{"line":7,"column":34}},"6":{"start":{"line":8,"column":2},"end":{"line":13,"column":3}},"7":{"start":{"line":9,"column":4},"end":{"line":12,"column":6}},"8":{"start":{"line":15,"column":2},"end":{"line":20,"column":3}},"9":{"start":{"line":16,"column":4},"end":{"line":19,"column":6}},"10":{"start":{"line":21,"column":2},"end":{"line":21,"column":58}},"11":{"start":{"line":22,"column":2},"end":{"line":22,"column":17}},"12":{"start":{"line":25,"column":0},"end":{"line":25,"column":37}}},"fnMap":{"0":{"name":"(anonymous_0)","decl":{"start":{"line":3,"column":24},"end":{"line":3,"column":25}},"loc":{"start":{"line":3,"column":54},"end":{"line":23,"column":1}},"line":3}},"branchMap":{"0":{"loc":{"start":{"line":8,"column":2},"end":{"line":13,"column":3}},"type":"if","locations":[{"start":{"line":8,"column":2},"end":{"line":13,"column":3}},{"start":{},"end":{}}],"line":8},"1":{"loc":{"start":{"line":15,"column":2},"end":{"line":20,"column":3}},"type":"if","locations":[{"start":{"line":15,"column":2},"end":{"line":20,"column":3}},{"start":{},"end":{}}],"line":15}},"s":{"0":1,"1":1,"2":0,"3":0,"4":0,"5":0,"6":0,"7":0,"8":0,"9":0,"10":0,"11":0,"12":1},"f":{"0":0},"b":{"0":[0,0],"1":[0,0]},"_coverageSchema":"1a1c01bbd47fc00a2c39e90264f33305004495a9","hash":"243cbe5a0f811151c1b9a4c8708d0030d5d0fdff"}
}
