TN:
SF:controllers/authController.js
FN:12,(anonymous_0)
FN:19,(anonymous_1)
FN:66,(anonymous_2)
FN:70,(anonymous_3)
FN:107,(anonymous_4)
FN:138,(anonymous_5)
FN:148,(anonymous_6)
FN:203,(anonymous_7)
FN:218,(anonymous_8)
FN:250,(anonymous_9)
FN:260,(anonymous_10)
FN:306,(anonymous_11)
FN:316,(anonymous_12)
FN:328,(anonymous_13)
FN:335,(anonymous_14)
FN:365,(anonymous_15)
FN:386,(anonymous_16)
FN:414,(anonymous_17)
FN:444,(anonymous_18)
FN:467,(anonymous_19)
FNF:20
FNH:3
FNDA:0,(anonymous_0)
FNDA:0,(anonymous_1)
FNDA:0,(anonymous_2)
FNDA:4,(anonymous_3)
FNDA:0,(anonymous_4)
FNDA:0,(anonymous_5)
FNDA:0,(anonymous_6)
FNDA:0,(anonymous_7)
FNDA:0,(anonymous_8)
FNDA:0,(anonymous_9)
FNDA:0,(anonymous_10)
FNDA:0,(anonymous_11)
FNDA:2,(anonymous_12)
FNDA:0,(anonymous_13)
FNDA:0,(anonymous_14)
FNDA:0,(anonymous_15)
FNDA:0,(anonymous_16)
FNDA:0,(anonymous_17)
FNDA:5,(anonymous_18)
FNDA:0,(anonymous_19)
DA:1,3
DA:2,3
DA:3,3
DA:4,3
DA:5,3
DA:6,3
DA:7,3
DA:8,3
DA:9,3
DA:10,3
DA:12,3
DA:13,0
DA:14,0
DA:15,0
DA:16,0
DA:17,0
DA:19,0
DA:20,0
DA:22,0
DA:23,0
DA:24,0
DA:25,0
DA:26,0
DA:29,0
DA:30,0
DA:31,0
DA:32,0
DA:38,0
DA:39,0
DA:49,0
DA:50,0
DA:51,0
DA:53,0
DA:54,0
DA:60,0
DA:66,3
DA:67,0
DA:70,3
DA:71,4
DA:72,4
DA:73,4
DA:74,3
DA:75,1
DA:77,2
DA:78,1
DA:82,1
DA:90,1
DA:91,1
DA:93,1
DA:95,1
DA:101,1
DA:107,3
DA:108,0
DA:119,0
DA:120,0
DA:122,0
DA:123,0
DA:125,0
DA:139,0
DA:140,0
DA:141,0
DA:143,0
DA:148,3
DA:149,0
DA:150,0
DA:160,0
DA:161,0
DA:163,0
DA:164,0
DA:165,0
DA:166,0
DA:167,0
DA:169,0
DA:171,0
DA:172,0
DA:174,0
DA:182,0
DA:183,0
DA:184,0
DA:188,0
DA:190,0
DA:204,0
DA:205,0
DA:206,0
DA:208,0
DA:212,0
DA:218,3
DA:219,0
DA:220,0
DA:221,0
DA:223,0
DA:224,0
DA:225,0
DA:226,0
DA:227,0
DA:228,0
DA:232,0
DA:233,0
DA:234,0
DA:238,0
DA:246,0
DA:251,0
DA:252,0
DA:256,0
DA:260,3
DA:261,0
DA:262,0
DA:263,0
DA:266,0
DA:268,0
DA:269,0
DA:271,0
DA:272,0
DA:274,0
DA:275,0
DA:280,0
DA:288,0
DA:289,0
DA:291,0
DA:293,0
DA:302,0
DA:307,0
DA:308,0
DA:312,0
DA:313,0
DA:316,3
DA:317,2
DA:318,2
DA:319,1
DA:324,1
DA:325,1
DA:328,3
DA:329,0
DA:330,0
DA:331,0
DA:332,0
DA:334,0
DA:335,0
DA:336,0
DA:337,0
DA:339,0
DA:341,0
DA:342,0
DA:343,0
DA:344,0
DA:346,0
DA:347,0
DA:351,0
DA:352,0
DA:355,0
DA:356,0
DA:357,0
DA:359,0
DA:360,0
DA:361,0
DA:362,0
DA:365,3
DA:366,0
DA:367,0
DA:368,0
DA:369,0
DA:370,0
DA:374,0
DA:375,0
DA:376,0
DA:378,0
DA:379,0
DA:380,0
DA:382,0
DA:383,0
DA:384,0
DA:386,3
DA:387,0
DA:388,0
DA:389,0
DA:390,0
DA:391,0
DA:392,0
DA:394,0
DA:395,0
DA:399,0
DA:400,0
DA:401,0
DA:403,0
DA:404,0
DA:405,0
DA:409,0
DA:410,0
DA:414,3
DA:415,0
DA:416,0
DA:417,0
DA:418,0
DA:419,0
DA:420,0
DA:421,0
DA:423,0
DA:424,0
DA:428,0
DA:429,0
DA:430,0
DA:432,0
DA:433,0
DA:434,0
DA:435,0
DA:439,0
DA:444,3
DA:445,5
DA:446,5
DA:447,5
DA:448,5
DA:449,4
DA:450,1
DA:452,3
DA:453,1
DA:455,2
DA:456,2
DA:457,1
DA:459,1
DA:460,1
DA:462,1
DA:467,3
DA:468,0
DA:469,0
DA:470,0
DA:471,0
DA:472,0
DA:473,0
DA:475,0
DA:476,0
DA:477,0
DA:479,0
DA:480,0
DA:482,0
DA:483,0
DA:487,0
DA:488,0
DA:492,0
DA:493,0
DA:494,0
DA:495,0
DA:497,0
DA:500,3
LF:243
LH:57
BRDA:16,0,0,0
BRDA:16,0,1,0
BRDA:74,1,0,1
BRDA:74,1,1,2
BRDA:77,2,0,1
BRDA:77,2,1,1
BRDA:77,3,0,2
BRDA:77,3,1,2
BRDA:122,4,0,0
BRDA:122,4,1,0
BRDA:139,5,0,0
BRDA:139,5,1,0
BRDA:163,6,0,0
BRDA:163,6,1,0
BRDA:165,7,0,0
BRDA:165,7,1,0
BRDA:171,8,0,0
BRDA:171,8,1,0
BRDA:204,9,0,0
BRDA:204,9,1,0
BRDA:220,10,0,0
BRDA:220,10,1,0
BRDA:227,11,0,0
BRDA:227,11,1,0
BRDA:233,12,0,0
BRDA:233,12,1,0
BRDA:251,13,0,0
BRDA:251,13,1,0
BRDA:262,14,0,0
BRDA:262,14,1,0
BRDA:271,15,0,0
BRDA:271,15,1,0
BRDA:274,16,0,0
BRDA:274,16,1,0
BRDA:307,17,0,0
BRDA:307,17,1,0
BRDA:330,18,0,0
BRDA:330,18,1,0
BRDA:331,19,0,0
BRDA:331,19,1,0
BRDA:336,20,0,0
BRDA:336,20,1,0
BRDA:343,21,0,0
BRDA:343,21,1,0
BRDA:346,22,0,0
BRDA:346,22,1,0
BRDA:351,23,0,0
BRDA:351,23,1,0
BRDA:351,24,0,0
BRDA:351,24,1,0
BRDA:356,25,0,0
BRDA:356,25,1,0
BRDA:369,26,0,0
BRDA:369,26,1,0
BRDA:369,27,0,0
BRDA:369,27,1,0
BRDA:375,28,0,0
BRDA:375,28,1,0
BRDA:379,29,0,0
BRDA:379,29,1,0
BRDA:391,30,0,0
BRDA:391,30,1,0
BRDA:394,31,0,0
BRDA:394,31,1,0
BRDA:400,32,0,0
BRDA:400,32,1,0
BRDA:420,33,0,0
BRDA:420,33,1,0
BRDA:423,34,0,0
BRDA:423,34,1,0
BRDA:429,35,0,0
BRDA:429,35,1,0
BRDA:449,36,0,1
BRDA:449,36,1,3
BRDA:452,37,0,1
BRDA:452,37,1,2
BRDA:456,38,0,1
BRDA:456,38,1,1
BRDA:472,39,0,0
BRDA:472,39,1,0
BRDA:476,40,0,0
BRDA:476,40,1,0
BRDA:479,41,0,0
BRDA:479,41,1,0
BRDA:482,42,0,0
BRDA:482,42,1,0
BRDA:487,43,0,0
BRDA:487,43,1,0
BRF:88
BRH:12
end_of_record
TN:
SF:controllers/commentController.js
FN:8,(anonymous_0)
FN:96,(anonymous_1)
FN:126,(anonymous_2)
FN:156,(anonymous_3)
FN:181,(anonymous_4)
FN:211,(anonymous_5)
FN:234,(anonymous_6)
FN:284,(anonymous_7)
FN:319,(anonymous_8)
FNF:9
FNH:1
FNDA:0,(anonymous_0)
FNDA:4,(anonymous_1)
FNDA:0,(anonymous_2)
FNDA:0,(anonymous_3)
FNDA:0,(anonymous_4)
FNDA:0,(anonymous_5)
FNDA:0,(anonymous_6)
FNDA:0,(anonymous_7)
FNDA:0,(anonymous_8)
DA:1,1
DA:2,1
DA:3,1
DA:4,1
DA:5,1
DA:6,1
DA:8,1
DA:9,0
DA:10,0
DA:12,0
DA:13,0
DA:14,0
DA:15,0
DA:16,0
DA:19,0
DA:20,0
DA:21,0
DA:22,0
DA:26,0
DA:27,0
DA:28,0
DA:31,0
DA:32,0
DA:33,0
DA:36,0
DA:46,0
DA:48,0
DA:49,0
DA:50,0
DA:51,0
DA:52,0
DA:53,0
DA:54,0
DA:56,0
DA:57,0
DA:61,0
DA:62,0
DA:65,0
DA:67,0
DA:68,0
DA:69,0
DA:70,0
DA:71,0
DA:74,0
DA:75,0
DA:78,0
DA:79,0
DA:80,0
DA:82,0
DA:83,0
DA:85,0
DA:90,0
DA:91,0
DA:96,1
DA:97,4
DA:98,4
DA:99,4
DA:100,4
DA:101,3
DA:102,3
DA:103,1
DA:105,2
DA:106,1
DA:108,1
DA:109,0
DA:110,0
DA:111,0
DA:113,1
DA:114,1
DA:115,1
DA:116,1
DA:117,1
DA:118,1
DA:120,1
DA:122,1
DA:126,1
DA:127,0
DA:128,0
DA:129,0
DA:130,0
DA:131,0
DA:132,0
DA:133,0
DA:135,0
DA:136,0
DA:138,0
DA:139,0
DA:140,0
DA:141,0
DA:143,0
DA:144,0
DA:145,0
DA:146,0
DA:147,0
DA:148,0
DA:150,0
DA:152,0
DA:156,1
DA:157,0
DA:158,0
DA:159,0
DA:160,0
DA:161,0
DA:162,0
DA:163,0
DA:165,0
DA:166,0
DA:168,0
DA:169,0
DA:170,0
DA:171,0
DA:172,0
DA:173,0
DA:175,0
DA:177,0
DA:181,1
DA:182,0
DA:183,0
DA:184,0
DA:185,0
DA:186,0
DA:187,0
DA:188,0
DA:190,0
DA:191,0
DA:193,0
DA:194,0
DA:195,0
DA:196,0
DA:197,0
DA:199,0
DA:202,0
DA:204,0
DA:211,1
DA:212,0
DA:213,0
DA:214,0
DA:215,0
DA:217,0
DA:218,0
DA:219,0
DA:220,0
DA:221,0
DA:224,0
DA:225,0
DA:226,0
DA:227,0
DA:230,0
DA:231,0
DA:232,0
DA:234,0
DA:235,0
DA:238,0
DA:239,0
DA:240,0
DA:241,0
DA:243,0
DA:244,0
DA:246,0
DA:247,0
DA:249,0
DA:251,0
DA:262,0
DA:263,0
DA:270,0
DA:272,0
DA:273,0
DA:277,0
DA:278,0
DA:284,1
DA:285,0
DA:286,0
DA:287,0
DA:288,0
DA:289,0
DA:291,0
DA:292,0
DA:294,0
DA:295,0
DA:297,0
DA:298,0
DA:299,0
DA:303,0
DA:304,0
DA:305,0
DA:310,0
DA:311,0
DA:312,0
DA:314,0
DA:315,0
DA:319,1
DA:320,0
DA:321,0
DA:322,0
DA:323,0
DA:324,0
DA:325,0
DA:326,0
DA:328,0
DA:329,0
DA:331,0
DA:332,0
DA:333,0
DA:337,0
DA:338,0
DA:339,0
DA:344,0
DA:345,0
DA:346,0
DA:348,0
DA:349,0
DA:352,1
LF:212
LH:33
BRDA:14,0,0,0
BRDA:14,0,1,0
BRDA:20,1,0,0
BRDA:20,1,1,0
BRDA:26,2,0,0
BRDA:26,2,1,0
BRDA:26,3,0,0
BRDA:26,3,1,0
BRDA:26,3,2,0
BRDA:26,3,3,0
BRDA:31,4,0,0
BRDA:31,4,1,0
BRDA:31,5,0,0
BRDA:31,5,1,0
BRDA:31,5,2,0
BRDA:31,5,3,0
BRDA:31,5,4,0
BRDA:39,6,0,0
BRDA:39,6,1,0
BRDA:40,7,0,0
BRDA:40,7,1,0
BRDA:43,8,0,0
BRDA:43,8,1,0
BRDA:46,9,0,0
BRDA:46,9,1,0
BRDA:46,10,0,0
BRDA:46,10,1,0
BRDA:49,11,0,0
BRDA:49,11,1,0
BRDA:52,12,0,0
BRDA:52,12,1,0
BRDA:61,13,0,0
BRDA:61,13,1,0
BRDA:67,14,0,0
BRDA:67,14,1,0
BRDA:69,15,0,0
BRDA:69,15,1,0
BRDA:102,16,0,1
BRDA:102,16,1,2
BRDA:105,17,0,1
BRDA:105,17,1,1
BRDA:108,18,0,0
BRDA:108,18,1,1
BRDA:116,19,0,1
BRDA:116,19,1,0
BRDA:132,20,0,0
BRDA:132,20,1,0
BRDA:135,21,0,0
BRDA:135,21,1,0
BRDA:138,22,0,0
BRDA:138,22,1,0
BRDA:146,23,0,0
BRDA:146,23,1,0
BRDA:162,24,0,0
BRDA:162,24,1,0
BRDA:165,25,0,0
BRDA:165,25,1,0
BRDA:171,26,0,0
BRDA:171,26,1,0
BRDA:187,27,0,0
BRDA:187,27,1,0
BRDA:190,28,0,0
BRDA:190,28,1,0
BRDA:196,29,0,0
BRDA:196,29,1,0
BRDA:219,30,0,0
BRDA:219,30,1,0
BRDA:225,31,0,0
BRDA:225,31,1,0
BRDA:231,32,0,0
BRDA:231,32,1,0
BRDA:234,33,0,0
BRDA:234,33,1,0
BRDA:239,34,0,0
BRDA:239,34,1,0
BRDA:243,35,0,0
BRDA:243,35,1,0
BRDA:246,36,0,0
BRDA:246,36,1,0
BRDA:256,37,0,0
BRDA:256,37,1,0
BRDA:257,38,0,0
BRDA:257,38,1,0
BRDA:259,39,0,0
BRDA:259,39,1,0
BRDA:262,40,0,0
BRDA:262,40,1,0
BRDA:291,41,0,0
BRDA:291,41,1,0
BRDA:294,42,0,0
BRDA:294,42,1,0
BRDA:298,43,0,0
BRDA:298,43,1,0
BRDA:304,44,0,0
BRDA:304,44,1,0
BRDA:325,45,0,0
BRDA:325,45,1,0
BRDA:328,46,0,0
BRDA:328,46,1,0
BRDA:332,47,0,0
BRDA:332,47,1,0
BRDA:338,48,0,0
BRDA:338,48,1,0
BRF:103
BRH:6
end_of_record
TN:
SF:controllers/postController.js
FN:10,(anonymous_0)
FN:133,createNewPost
FN:138,(anonymous_2)
FN:170,(anonymous_3)
FN:175,(anonymous_4)
FN:199,(anonymous_5)
FN:202,(anonymous_6)
FN:207,(anonymous_7)
FN:213,(anonymous_8)
FN:221,(anonymous_9)
FN:240,(anonymous_10)
FN:248,(anonymous_11)
FN:271,(anonymous_12)
FN:308,(anonymous_13)
FN:340,(anonymous_14)
FN:369,(anonymous_15)
FN:384,(anonymous_16)
FN:408,(anonymous_17)
FN:463,(anonymous_18)
FN:524,(anonymous_19)
FN:539,(anonymous_20)
FN:577,(anonymous_21)
FN:614,(anonymous_22)
FN:639,(anonymous_23)
FN:664,(anonymous_24)
FN:700,(anonymous_25)
FN:738,(anonymous_26)
FN:777,(anonymous_27)
FN:814,(anonymous_28)
FN:846,(anonymous_29)
FN:883,(anonymous_30)
FN:889,(anonymous_31)
FN:890,(anonymous_32)
FN:898,(anonymous_33)
FN:899,(anonymous_34)
FN:900,(anonymous_35)
FN:922,(anonymous_36)
FNF:37
FNH:9
FNDA:0,(anonymous_0)
FNDA:0,createNewPost
FNDA:0,(anonymous_2)
FNDA:0,(anonymous_3)
FNDA:0,(anonymous_4)
FNDA:0,(anonymous_5)
FNDA:0,(anonymous_6)
FNDA:0,(anonymous_7)
FNDA:0,(anonymous_8)
FNDA:0,(anonymous_9)
FNDA:4,(anonymous_10)
FNDA:2,(anonymous_11)
FNDA:4,(anonymous_12)
FNDA:0,(anonymous_13)
FNDA:0,(anonymous_14)
FNDA:0,(anonymous_15)
FNDA:0,(anonymous_16)
FNDA:0,(anonymous_17)
FNDA:0,(anonymous_18)
FNDA:0,(anonymous_19)
FNDA:7,(anonymous_20)
FNDA:7,(anonymous_21)
FNDA:0,(anonymous_22)
FNDA:0,(anonymous_23)
FNDA:3,(anonymous_24)
FNDA:7,(anonymous_25)
FNDA:5,(anonymous_26)
FNDA:7,(anonymous_27)
FNDA:0,(anonymous_28)
FNDA:0,(anonymous_29)
FNDA:0,(anonymous_30)
FNDA:0,(anonymous_31)
FNDA:0,(anonymous_32)
FNDA:0,(anonymous_33)
FNDA:0,(anonymous_34)
FNDA:0,(anonymous_35)
FNDA:0,(anonymous_36)
DA:1,8
DA:2,8
DA:3,8
DA:4,8
DA:5,8
DA:6,8
DA:7,8
DA:8,8
DA:10,8
DA:11,0
DA:12,0
DA:14,0
DA:15,0
DA:16,0
DA:17,0
DA:19,0
DA:21,0
DA:22,0
DA:25,0
DA:28,0
DA:36,0
DA:41,0
DA:44,0
DA:50,0
DA:55,0
DA:56,0
DA:60,0
DA:63,0
DA:64,0
DA:69,0
DA:72,0
DA:79,0
DA:83,0
DA:84,0
DA:88,0
DA:90,0
DA:92,0
DA:93,0
DA:94,0
DA:95,0
DA:96,0
DA:99,0
DA:100,0
DA:101,0
DA:102,0
DA:103,0
DA:104,0
DA:105,0
DA:106,0
DA:107,0
DA:109,0
DA:110,0
DA:115,0
DA:119,0
DA:120,0
DA:121,0
DA:123,0
DA:124,0
DA:126,0
DA:127,0
DA:129,0
DA:130,0
DA:134,0
DA:135,0
DA:136,0
DA:137,0
DA:138,0
DA:143,0
DA:170,8
DA:171,0
DA:172,0
DA:174,0
DA:176,0
DA:177,0
DA:180,0
DA:181,0
DA:185,0
DA:186,0
DA:188,0
DA:189,0
DA:191,0
DA:192,0
DA:196,0
DA:197,0
DA:200,0
DA:203,0
DA:204,0
DA:208,0
DA:209,0
DA:213,8
DA:214,0
DA:215,0
DA:216,0
DA:217,0
DA:218,0
DA:219,0
DA:221,0
DA:222,0
DA:224,0
DA:225,0
DA:226,0
DA:228,0
DA:229,0
DA:233,0
DA:234,0
DA:235,0
DA:237,0
DA:240,8
DA:241,4
DA:242,4
DA:243,4
DA:244,4
DA:245,4
DA:246,1
DA:248,3
DA:249,2
DA:251,3
DA:252,1
DA:256,2
DA:257,1
DA:259,1
DA:261,1
DA:271,8
DA:272,4
DA:273,4
DA:274,4
DA:275,4
DA:276,3
DA:277,3
DA:278,1
DA:280,2
DA:281,1
DA:283,1
DA:284,0
DA:285,0
DA:286,0
DA:288,1
DA:289,1
DA:290,1
DA:291,1
DA:292,1
DA:293,1
DA:295,1
DA:297,1
DA:308,8
DA:309,0
DA:310,0
DA:311,0
DA:312,0
DA:313,0
DA:314,0
DA:315,0
DA:317,0
DA:318,0
DA:320,0
DA:321,0
DA:322,0
DA:323,0
DA:325,0
DA:326,0
DA:327,0
DA:328,0
DA:329,0
DA:330,0
DA:332,0
DA:334,0
DA:340,8
DA:341,0
DA:342,0
DA:343,0
DA:344,0
DA:345,0
DA:346,0
DA:348,0
DA:349,0
DA:350,0
DA:352,0
DA:353,0
DA:358,0
DA:359,0
DA:361,0
DA:363,0
DA:369,8
DA:370,0
DA:371,0
DA:372,0
DA:374,0
DA:376,0
DA:377,0
DA:378,0
DA:380,0
DA:381,0
DA:382,0
DA:384,0
DA:385,0
DA:388,0
DA:389,0
DA:393,0
DA:398,0
DA:400,0
DA:401,0
DA:403,0
DA:404,0
DA:408,8
DA:409,0
DA:410,0
DA:412,0
DA:413,0
DA:414,0
DA:415,0
DA:416,0
DA:419,0
DA:420,0
DA:421,0
DA:422,0
DA:425,0
DA:426,0
DA:427,0
DA:428,0
DA:431,0
DA:432,0
DA:433,0
DA:434,0
DA:439,0
DA:440,0
DA:441,0
DA:445,0
DA:450,0
DA:451,0
DA:452,0
DA:454,0
DA:455,0
DA:457,0
DA:459,0
DA:460,0
DA:463,8
DA:464,0
DA:465,0
DA:467,0
DA:468,0
DA:469,0
DA:473,0
DA:474,0
DA:475,0
DA:476,0
DA:479,0
DA:480,0
DA:481,0
DA:482,0
DA:485,0
DA:486,0
DA:487,0
DA:488,0
DA:491,0
DA:492,0
DA:493,0
DA:494,0
DA:499,0
DA:500,0
DA:501,0
DA:505,0
DA:510,0
DA:511,0
DA:512,0
DA:514,0
DA:516,0
DA:518,0
DA:520,0
DA:521,0
DA:524,8
DA:525,0
DA:526,0
DA:527,0
DA:528,0
DA:529,0
DA:531,0
DA:536,0
DA:539,8
DA:540,7
DA:541,7
DA:542,7
DA:543,7
DA:544,6
DA:545,1
DA:547,5
DA:548,1
DA:552,4
DA:553,4
DA:554,1
DA:557,3
DA:558,1
DA:562,2
DA:563,2
DA:564,2
DA:565,1
DA:570,1
DA:571,1
DA:572,1
DA:574,1
DA:577,8
DA:578,7
DA:579,7
DA:580,7
DA:581,7
DA:582,6
DA:583,1
DA:585,5
DA:586,1
DA:588,4
DA:589,4
DA:590,1
DA:593,3
DA:594,1
DA:598,2
DA:599,2
DA:600,2
DA:601,1
DA:606,1
DA:607,1
DA:608,1
DA:610,1
DA:614,8
DA:615,0
DA:616,0
DA:617,0
DA:618,0
DA:619,0
DA:620,0
DA:621,0
DA:623,0
DA:624,0
DA:626,0
DA:627,0
DA:628,0
DA:629,0
DA:630,0
DA:631,0
DA:633,0
DA:635,0
DA:639,8
DA:640,0
DA:641,0
DA:642,0
DA:643,0
DA:644,0
DA:645,0
DA:646,0
DA:648,0
DA:649,0
DA:651,0
DA:652,0
DA:653,0
DA:654,0
DA:655,0
DA:656,0
DA:658,0
DA:660,0
DA:664,8
DA:665,3
DA:666,3
DA:667,3
DA:668,3
DA:669,3
DA:670,1
DA:672,2
DA:673,2
DA:674,1
DA:676,1
DA:677,0
DA:679,1
DA:680,0
DA:682,1
DA:683,1
DA:684,0
DA:686,1
DA:687,0
DA:691,1
DA:692,1
DA:693,1
DA:694,1
DA:696,0
DA:700,8
DA:701,7
DA:702,7
DA:703,7
DA:704,7
DA:705,7
DA:706,1
DA:708,6
DA:709,6
DA:710,1
DA:712,5
DA:713,5
DA:714,1
DA:716,4
DA:717,1
DA:721,3
DA:722,1
DA:724,2
DA:725,1
DA:727,1
DA:728,1
DA:729,1
DA:730,1
DA:731,1
DA:732,1
DA:734,0
DA:738,8
DA:739,5
DA:740,5
DA:741,5
DA:742,5
DA:743,4
DA:744,1
DA:746,3
DA:747,1
DA:751,2
DA:752,2
DA:753,0
DA:756,2
DA:757,1
DA:761,1
DA:762,1
DA:763,1
DA:764,0
DA:769,1
DA:770,1
DA:771,1
DA:773,1
DA:777,8
DA:778,7
DA:779,7
DA:780,7
DA:781,7
DA:782,6
DA:783,1
DA:785,5
DA:786,1
DA:788,4
DA:789,4
DA:790,1
DA:793,3
DA:794,1
DA:798,2
DA:799,1
DA:800,1
DA:801,1
DA:806,1
DA:807,1
DA:808,1
DA:810,1
DA:814,8
DA:815,0
DA:816,0
DA:817,0
DA:818,0
DA:819,0
DA:820,0
DA:821,0
DA:822,0
DA:824,0
DA:825,0
DA:826,0
DA:828,0
DA:829,0
DA:830,0
DA:839,0
DA:840,0
DA:842,0
DA:843,0
DA:845,0
DA:847,0
DA:850,0
DA:853,0
DA:854,0
DA:865,0
DA:866,0
DA:873,0
DA:876,0
DA:877,0
DA:879,0
DA:880,0
DA:883,8
DA:884,0
DA:885,0
DA:889,0
DA:890,0
DA:892,0
DA:897,0
DA:899,0
DA:900,0
DA:901,0
DA:903,0
DA:904,0
DA:908,0
DA:909,0
DA:921,0
DA:922,0
DA:925,0
DA:930,0
DA:937,8
LF:501
LH:186
BRDA:15,0,0,0
BRDA:15,0,1,0
BRDA:21,1,0,0
BRDA:21,1,1,0
BRDA:25,2,0,0
BRDA:25,2,1,0
BRDA:25,2,2,0
BRDA:25,2,3,0
BRDA:25,2,4,0
BRDA:25,2,5,0
BRDA:28,3,0,0
BRDA:28,3,1,0
BRDA:29,4,0,0
BRDA:29,4,1,0
BRDA:29,4,2,0
BRDA:29,4,3,0
BRDA:29,4,4,0
BRDA:29,4,5,0
BRDA:29,4,6,0
BRDA:44,5,0,0
BRDA:44,5,1,0
BRDA:45,6,0,0
BRDA:45,6,1,0
BRDA:45,6,2,0
BRDA:45,6,3,0
BRDA:55,7,0,0
BRDA:55,7,1,0
BRDA:55,8,0,0
BRDA:55,8,1,0
BRDA:63,9,0,0
BRDA:63,9,1,0
BRDA:72,10,0,0
BRDA:72,10,1,0
BRDA:73,11,0,0
BRDA:73,11,1,0
BRDA:73,11,2,0
BRDA:73,11,3,0
BRDA:73,11,4,0
BRDA:73,11,5,0
BRDA:83,12,0,0
BRDA:83,12,1,0
BRDA:93,13,0,0
BRDA:93,13,1,0
BRDA:95,14,0,0
BRDA:95,14,1,0
BRDA:100,15,0,0
BRDA:100,15,1,0
BRDA:102,16,0,0
BRDA:102,16,1,0
BRDA:104,17,0,0
BRDA:104,17,1,0
BRDA:104,18,0,0
BRDA:104,18,1,0
BRDA:106,19,0,0
BRDA:106,19,1,0
BRDA:106,20,0,0
BRDA:106,20,1,0
BRDA:119,21,0,0
BRDA:119,21,1,0
BRDA:134,22,0,0
BRDA:134,22,1,0
BRDA:135,23,0,0
BRDA:135,23,1,0
BRDA:136,24,0,0
BRDA:136,24,1,0
BRDA:137,25,0,0
BRDA:137,25,1,0
BRDA:145,26,0,0
BRDA:145,26,1,0
BRDA:148,27,0,0
BRDA:148,27,1,0
BRDA:149,28,0,0
BRDA:149,28,1,0
BRDA:150,29,0,0
BRDA:150,29,1,0
BRDA:152,30,0,0
BRDA:152,30,1,0
BRDA:153,31,0,0
BRDA:153,31,1,0
BRDA:154,32,0,0
BRDA:154,32,1,0
BRDA:176,33,0,0
BRDA:176,33,1,0
BRDA:180,34,0,0
BRDA:180,34,1,0
BRDA:185,35,0,0
BRDA:185,35,1,0
BRDA:188,36,0,0
BRDA:188,36,1,0
BRDA:191,37,0,0
BRDA:191,37,1,0
BRDA:218,38,0,0
BRDA:218,38,1,0
BRDA:225,39,0,0
BRDA:225,39,1,0
BRDA:228,40,0,0
BRDA:228,40,1,0
BRDA:245,41,0,1
BRDA:245,41,1,3
BRDA:251,42,0,1
BRDA:251,42,1,2
BRDA:277,43,0,1
BRDA:277,43,1,2
BRDA:280,44,0,1
BRDA:280,44,1,1
BRDA:283,45,0,0
BRDA:283,45,1,1
BRDA:291,46,0,1
BRDA:291,46,1,0
BRDA:314,47,0,0
BRDA:314,47,1,0
BRDA:317,48,0,0
BRDA:317,48,1,0
BRDA:320,49,0,0
BRDA:320,49,1,0
BRDA:328,50,0,0
BRDA:328,50,1,0
BRDA:345,51,0,0
BRDA:345,51,1,0
BRDA:349,52,0,0
BRDA:349,52,1,0
BRDA:352,53,0,0
BRDA:352,53,1,0
BRDA:376,54,0,0
BRDA:376,54,1,0
BRDA:381,55,0,0
BRDA:381,55,1,0
BRDA:388,56,0,0
BRDA:388,56,1,0
BRDA:414,57,0,0
BRDA:414,57,1,0
BRDA:420,58,0,0
BRDA:420,58,1,0
BRDA:426,59,0,0
BRDA:426,59,1,0
BRDA:431,60,0,0
BRDA:431,60,1,0
BRDA:432,61,0,0
BRDA:432,61,1,0
BRDA:439,62,0,0
BRDA:439,62,1,0
BRDA:440,63,0,0
BRDA:440,63,1,0
BRDA:450,64,0,0
BRDA:450,64,1,0
BRDA:468,65,0,0
BRDA:468,65,1,0
BRDA:474,66,0,0
BRDA:474,66,1,0
BRDA:480,67,0,0
BRDA:480,67,1,0
BRDA:486,68,0,0
BRDA:486,68,1,0
BRDA:491,69,0,0
BRDA:491,69,1,0
BRDA:492,70,0,0
BRDA:492,70,1,0
BRDA:499,71,0,0
BRDA:499,71,1,0
BRDA:500,72,0,0
BRDA:500,72,1,0
BRDA:510,73,0,0
BRDA:510,73,1,0
BRDA:528,74,0,0
BRDA:528,74,1,0
BRDA:544,75,0,1
BRDA:544,75,1,5
BRDA:547,76,0,1
BRDA:547,76,1,4
BRDA:553,77,0,1
BRDA:553,77,1,3
BRDA:557,78,0,1
BRDA:557,78,1,2
BRDA:562,79,0,2
BRDA:562,79,1,0
BRDA:564,80,0,1
BRDA:564,80,1,1
BRDA:582,81,0,1
BRDA:582,81,1,5
BRDA:585,82,0,1
BRDA:585,82,1,4
BRDA:589,83,0,1
BRDA:589,83,1,3
BRDA:593,84,0,1
BRDA:593,84,1,2
BRDA:598,85,0,2
BRDA:598,85,1,0
BRDA:600,86,0,1
BRDA:600,86,1,1
BRDA:620,87,0,0
BRDA:620,87,1,0
BRDA:623,88,0,0
BRDA:623,88,1,0
BRDA:629,89,0,0
BRDA:629,89,1,0
BRDA:645,90,0,0
BRDA:645,90,1,0
BRDA:648,91,0,0
BRDA:648,91,1,0
BRDA:654,92,0,0
BRDA:654,92,1,0
BRDA:669,93,0,1
BRDA:669,93,1,2
BRDA:673,94,0,1
BRDA:673,94,1,1
BRDA:676,95,0,0
BRDA:676,95,1,1
BRDA:679,96,0,0
BRDA:679,96,1,1
BRDA:683,97,0,0
BRDA:683,97,1,1
BRDA:686,98,0,0
BRDA:686,98,1,1
BRDA:705,99,0,1
BRDA:705,99,1,6
BRDA:709,100,0,1
BRDA:709,100,1,5
BRDA:713,101,0,1
BRDA:713,101,1,4
BRDA:716,102,0,1
BRDA:716,102,1,3
BRDA:721,103,0,1
BRDA:721,103,1,2
BRDA:724,104,0,1
BRDA:724,104,1,1
BRDA:743,105,0,1
BRDA:743,105,1,3
BRDA:746,106,0,1
BRDA:746,106,1,2
BRDA:752,107,0,0
BRDA:752,107,1,2
BRDA:756,108,0,1
BRDA:756,108,1,1
BRDA:761,109,0,1
BRDA:761,109,1,0
BRDA:763,110,0,0
BRDA:763,110,1,1
BRDA:782,111,0,1
BRDA:782,111,1,5
BRDA:785,112,0,1
BRDA:785,112,1,4
BRDA:789,113,0,1
BRDA:789,113,1,3
BRDA:793,114,0,1
BRDA:793,114,1,2
BRDA:798,115,0,1
BRDA:798,115,1,1
BRDA:800,116,0,1
BRDA:800,116,1,0
BRDA:821,117,0,0
BRDA:821,117,1,0
BRDA:825,118,0,0
BRDA:825,118,1,0
BRDA:829,119,0,0
BRDA:829,119,1,0
BRDA:839,120,0,0
BRDA:839,120,1,0
BRDA:842,121,0,0
BRDA:842,121,1,0
BRDA:845,122,0,0
BRDA:845,122,1,0
BRDA:859,123,0,0
BRDA:859,123,1,0
BRDA:860,124,0,0
BRDA:860,124,1,0
BRDA:862,125,0,0
BRDA:862,125,1,0
BRDA:865,126,0,0
BRDA:865,126,1,0
BRDA:904,127,0,0
BRDA:904,127,1,0
BRDA:908,128,0,0
BRDA:908,128,1,0
BRDA:908,129,0,0
BRDA:908,129,1,0
BRDA:913,130,0,0
BRDA:913,130,1,0
BRDA:914,131,0,0
BRDA:914,131,1,0
BRDA:915,132,0,0
BRDA:915,132,1,0
BRDA:916,133,0,0
BRDA:916,133,1,0
BRF:283
BRH:72
end_of_record
TN:
SF:controllers/subredditController.js
FN:7,(anonymous_0)
FN:11,(anonymous_1)
FN:23,(anonymous_2)
FN:25,(anonymous_3)
FN:28,(anonymous_4)
FN:31,(anonymous_5)
FN:40,(anonymous_6)
FN:103,(anonymous_7)
FN:144,(anonymous_8)
FN:162,(anonymous_9)
FN:182,(anonymous_10)
FN:198,(anonymous_11)
FN:214,(anonymous_12)
FN:251,(anonymous_13)
FN:288,(anonymous_14)
FN:306,(anonymous_15)
FN:327,(anonymous_16)
FN:354,(anonymous_17)
FN:356,(anonymous_18)
FN:362,(anonymous_19)
FN:377,(anonymous_20)
FN:413,(anonymous_21)
FN:465,(anonymous_22)
FN:493,(anonymous_23)
FN:510,(anonymous_24)
FN:546,(anonymous_25)
FN:573,(anonymous_26)
FN:605,(anonymous_27)
FN:633,(anonymous_28)
FN:644,(anonymous_29)
FN:674,(anonymous_30)
FN:695,(anonymous_31)
FN:709,(anonymous_32)
FN:741,(anonymous_33)
FN:760,(anonymous_34)
FN:769,(anonymous_35)
FN:774,(anonymous_36)
FN:776,(anonymous_37)
FN:788,(anonymous_38)
FN:797,(anonymous_39)
FNF:40
FNH:6
FNDA:0,(anonymous_0)
FNDA:6,(anonymous_1)
FNDA:8,(anonymous_2)
FNDA:4,(anonymous_3)
FNDA:4,(anonymous_4)
FNDA:2,(anonymous_5)
FNDA:0,(anonymous_6)
FNDA:0,(anonymous_7)
FNDA:0,(anonymous_8)
FNDA:0,(anonymous_9)
FNDA:0,(anonymous_10)
FNDA:0,(anonymous_11)
FNDA:0,(anonymous_12)
FNDA:0,(anonymous_13)
FNDA:0,(anonymous_14)
FNDA:0,(anonymous_15)
FNDA:0,(anonymous_16)
FNDA:0,(anonymous_17)
FNDA:0,(anonymous_18)
FNDA:0,(anonymous_19)
FNDA:0,(anonymous_20)
FNDA:0,(anonymous_21)
FNDA:0,(anonymous_22)
FNDA:0,(anonymous_23)
FNDA:0,(anonymous_24)
FNDA:0,(anonymous_25)
FNDA:0,(anonymous_26)
FNDA:0,(anonymous_27)
FNDA:0,(anonymous_28)
FNDA:0,(anonymous_29)
FNDA:0,(anonymous_30)
FNDA:0,(anonymous_31)
FNDA:0,(anonymous_32)
FNDA:0,(anonymous_33)
FNDA:0,(anonymous_34)
FNDA:0,(anonymous_35)
FNDA:0,(anonymous_36)
FNDA:0,(anonymous_37)
FNDA:0,(anonymous_38)
FNDA:4,(anonymous_39)
DA:1,2
DA:2,2
DA:3,2
DA:4,2
DA:5,2
DA:7,2
DA:8,0
DA:11,2
DA:12,6
DA:13,6
DA:15,6
DA:16,6
DA:17,6
DA:18,0
DA:22,6
DA:23,8
DA:24,3
DA:25,4
DA:26,2
DA:27,1
DA:28,4
DA:30,1
DA:31,2
DA:34,6
DA:36,0
DA:37,0
DA:40,2
DA:41,0
DA:43,0
DA:44,0
DA:45,0
DA:46,0
DA:47,0
DA:49,0
DA:50,0
DA:51,0
DA:54,0
DA:55,0
DA:58,0
DA:88,0
DA:90,0
DA:91,0
DA:92,0
DA:94,0
DA:99,0
DA:103,2
DA:104,0
DA:105,0
DA:107,0
DA:109,0
DA:110,0
DA:111,0
DA:112,0
DA:114,0
DA:115,0
DA:117,0
DA:118,0
DA:120,0
DA:121,0
DA:124,0
DA:131,0
DA:132,0
DA:134,0
DA:135,0
DA:140,0
DA:144,2
DA:145,0
DA:146,0
DA:147,0
DA:149,0
DA:150,0
DA:151,0
DA:152,0
DA:153,0
DA:155,0
DA:156,0
DA:158,0
DA:159,0
DA:161,0
DA:162,0
DA:164,0
DA:165,0
DA:167,0
DA:168,0
DA:169,0
DA:170,0
DA:171,0
DA:173,0
DA:174,0
DA:179,0
DA:182,2
DA:183,0
DA:184,0
DA:185,0
DA:186,0
DA:187,0
DA:188,0
DA:189,0
DA:191,0
DA:192,0
DA:194,0
DA:195,0
DA:197,0
DA:198,0
DA:200,0
DA:201,0
DA:203,0
DA:204,0
DA:205,0
DA:210,0
DA:214,2
DA:215,0
DA:216,0
DA:217,0
DA:219,0
DA:220,0
DA:221,0
DA:222,0
DA:224,0
DA:225,0
DA:227,0
DA:228,0
DA:231,0
DA:238,0
DA:241,0
DA:243,0
DA:248,0
DA:251,2
DA:252,0
DA:253,0
DA:254,0
DA:255,0
DA:257,0
DA:258,0
DA:259,0
DA:260,0
DA:262,0
DA:263,0
DA:265,0
DA:266,0
DA:269,0
DA:270,0
DA:271,0
DA:275,0
DA:276,0
DA:277,0
DA:278,0
DA:279,0
DA:280,0
DA:285,0
DA:288,2
DA:289,0
DA:290,0
DA:291,0
DA:293,0
DA:294,0
DA:295,0
DA:296,0
DA:298,0
DA:299,0
DA:301,0
DA:302,0
DA:305,0
DA:306,0
DA:309,0
DA:310,0
DA:313,0
DA:315,0
DA:317,0
DA:322,0
DA:327,2
DA:328,0
DA:329,0
DA:330,0
DA:332,0
DA:333,0
DA:334,0
DA:335,0
DA:337,0
DA:338,0
DA:341,0
DA:343,0
DA:344,0
DA:350,0
DA:351,0
DA:354,0
DA:356,0
DA:357,0
DA:362,0
DA:364,0
DA:366,0
DA:368,0
DA:373,0
DA:377,2
DA:378,0
DA:379,0
DA:380,0
DA:381,0
DA:382,0
DA:383,0
DA:384,0
DA:387,0
DA:388,0
DA:390,0
DA:392,0
DA:393,0
DA:399,0
DA:400,0
DA:405,0
DA:406,0
DA:408,0
DA:413,2
DA:414,0
DA:415,0
DA:416,0
DA:417,0
DA:418,0
DA:419,0
DA:421,0
DA:422,0
DA:423,0
DA:425,0
DA:428,0
DA:431,0
DA:432,0
DA:433,0
DA:435,0
DA:439,0
DA:455,0
DA:460,0
DA:465,2
DA:466,0
DA:467,0
DA:468,0
DA:469,0
DA:470,0
DA:471,0
DA:473,0
DA:474,0
DA:478,0
DA:479,0
DA:480,0
DA:482,0
DA:483,0
DA:488,0
DA:493,2
DA:494,0
DA:495,0
DA:496,0
DA:497,0
DA:498,0
DA:500,0
DA:505,0
DA:506,0
DA:510,2
DA:511,0
DA:512,0
DA:513,0
DA:514,0
DA:515,0
DA:516,0
DA:519,0
DA:520,0
DA:523,0
DA:524,0
DA:529,0
DA:530,0
DA:532,0
DA:533,0
DA:536,0
DA:538,0
DA:540,0
DA:542,0
DA:546,2
DA:547,0
DA:548,0
DA:549,0
DA:550,0
DA:551,0
DA:554,0
DA:555,0
DA:556,0
DA:559,0
DA:560,0
DA:561,0
DA:564,0
DA:570,0
DA:573,2
DA:574,0
DA:575,0
DA:576,0
DA:577,0
DA:578,0
DA:579,0
DA:582,0
DA:583,0
DA:586,0
DA:587,0
DA:592,0
DA:593,0
DA:594,0
DA:595,0
DA:598,0
DA:599,0
DA:600,0
DA:602,0
DA:605,2
DA:606,0
DA:607,0
DA:608,0
DA:609,0
DA:610,0
DA:613,0
DA:614,0
DA:615,0
DA:618,0
DA:619,0
DA:620,0
DA:623,0
DA:629,0
DA:633,2
DA:634,0
DA:635,0
DA:636,0
DA:637,0
DA:638,0
DA:639,0
DA:644,0
DA:646,0
DA:647,0
DA:648,0
DA:649,0
DA:653,0
DA:664,0
DA:666,0
DA:668,0
DA:674,2
DA:675,0
DA:676,0
DA:677,0
DA:678,0
DA:679,0
DA:680,0
DA:682,0
DA:683,0
DA:684,0
DA:686,0
DA:691,0
DA:692,0
DA:695,2
DA:696,0
DA:697,0
DA:698,0
DA:699,0
DA:700,0
DA:701,0
DA:703,0
DA:704,0
DA:705,0
DA:708,0
DA:710,0
DA:711,0
DA:714,0
DA:720,0
DA:723,0
DA:726,0
DA:727,0
DA:728,0
DA:741,0
DA:742,0
DA:743,0
DA:746,0
DA:754,0
DA:756,0
DA:757,0
DA:760,2
DA:761,0
DA:762,0
DA:766,0
DA:769,0
DA:774,0
DA:775,0
DA:776,0
DA:777,0
DA:779,0
DA:787,0
DA:788,0
DA:791,0
DA:793,0
DA:797,2
DA:798,4
DA:799,4
DA:801,4
DA:802,1
DA:805,3
DA:807,2
DA:808,1
DA:810,1
DA:812,1
DA:813,1
DA:815,0
DA:820,2
LF:402
LH:54
BRDA:17,0,0,0
BRDA:17,0,1,6
BRDA:22,1,0,3
BRDA:22,1,1,3
BRDA:24,2,0,1
BRDA:24,2,1,2
BRDA:26,3,0,1
BRDA:26,3,1,1
BRDA:30,4,0,1
BRDA:30,4,1,0
BRDA:45,5,0,0
BRDA:45,5,1,0
BRDA:50,6,0,0
BRDA:50,6,1,0
BRDA:54,7,0,0
BRDA:54,7,1,0
BRDA:111,8,0,0
BRDA:111,8,1,0
BRDA:114,9,0,0
BRDA:114,9,1,0
BRDA:117,10,0,0
BRDA:117,10,1,0
BRDA:120,11,0,0
BRDA:120,11,1,0
BRDA:131,12,0,0
BRDA:131,12,1,0
BRDA:152,13,0,0
BRDA:152,13,1,0
BRDA:155,14,0,0
BRDA:155,14,1,0
BRDA:158,15,0,0
BRDA:158,15,1,0
BRDA:164,16,0,0
BRDA:164,16,1,0
BRDA:188,17,0,0
BRDA:188,17,1,0
BRDA:191,18,0,0
BRDA:191,18,1,0
BRDA:194,19,0,0
BRDA:194,19,1,0
BRDA:200,20,0,0
BRDA:200,20,1,0
BRDA:221,21,0,0
BRDA:221,21,1,0
BRDA:224,22,0,0
BRDA:224,22,1,0
BRDA:227,23,0,0
BRDA:227,23,1,0
BRDA:259,24,0,0
BRDA:259,24,1,0
BRDA:262,25,0,0
BRDA:262,25,1,0
BRDA:265,26,0,0
BRDA:265,26,1,0
BRDA:270,27,0,0
BRDA:270,27,1,0
BRDA:295,28,0,0
BRDA:295,28,1,0
BRDA:298,29,0,0
BRDA:298,29,1,0
BRDA:301,30,0,0
BRDA:301,30,1,0
BRDA:309,31,0,0
BRDA:309,31,1,0
BRDA:334,32,0,0
BRDA:334,32,1,0
BRDA:337,33,0,0
BRDA:337,33,1,0
BRDA:343,34,0,0
BRDA:343,34,1,0
BRDA:350,35,0,0
BRDA:350,35,1,0
BRDA:356,36,0,0
BRDA:356,36,1,0
BRDA:383,37,0,0
BRDA:383,37,1,0
BRDA:392,38,0,0
BRDA:392,38,1,0
BRDA:399,39,0,0
BRDA:399,39,1,0
BRDA:418,40,0,0
BRDA:418,40,1,0
BRDA:422,41,0,0
BRDA:422,41,1,0
BRDA:442,42,0,0
BRDA:442,42,1,0
BRDA:443,43,0,0
BRDA:443,43,1,0
BRDA:451,44,0,0
BRDA:451,44,1,0
BRDA:470,45,0,0
BRDA:470,45,1,0
BRDA:473,46,0,0
BRDA:473,46,1,0
BRDA:497,47,0,0
BRDA:497,47,1,0
BRDA:515,48,0,0
BRDA:515,48,1,0
BRDA:519,49,0,0
BRDA:519,49,1,0
BRDA:523,50,0,0
BRDA:523,50,1,0
BRDA:523,51,0,0
BRDA:523,51,1,0
BRDA:532,52,0,0
BRDA:532,52,1,0
BRDA:550,53,0,0
BRDA:550,53,1,0
BRDA:555,54,0,0
BRDA:555,54,1,0
BRDA:560,55,0,0
BRDA:560,55,1,0
BRDA:578,56,0,0
BRDA:578,56,1,0
BRDA:582,57,0,0
BRDA:582,57,1,0
BRDA:586,58,0,0
BRDA:586,58,1,0
BRDA:586,59,0,0
BRDA:586,59,1,0
BRDA:594,60,0,0
BRDA:594,60,1,0
BRDA:609,61,0,0
BRDA:609,61,1,0
BRDA:614,62,0,0
BRDA:614,62,1,0
BRDA:619,63,0,0
BRDA:619,63,1,0
BRDA:649,64,0,0
BRDA:649,64,1,0
BRDA:679,65,0,0
BRDA:679,65,1,0
BRDA:683,66,0,0
BRDA:683,66,1,0
BRDA:700,67,0,0
BRDA:700,67,1,0
BRDA:704,68,0,0
BRDA:704,68,1,0
BRDA:716,69,0,0
BRDA:716,69,1,0
BRDA:731,70,0,0
BRDA:731,70,1,0
BRDA:732,71,0,0
BRDA:732,71,1,0
BRDA:782,72,0,0
BRDA:782,72,1,0
BRDA:801,73,0,1
BRDA:801,73,1,3
BRDA:807,74,0,1
BRDA:807,74,1,1
BRDA:812,75,0,1
BRDA:812,75,1,0
BRF:152
BRH:13
end_of_record
TN:
SF:controllers/userController.js
FN:12,(anonymous_0)
FN:28,(anonymous_1)
FN:57,(anonymous_2)
FN:99,(anonymous_3)
FN:127,(anonymous_4)
FN:143,(anonymous_5)
FN:156,(anonymous_6)
FN:215,(anonymous_7)
FN:218,(anonymous_8)
FN:226,(anonymous_9)
FN:232,(anonymous_10)
FN:238,(anonymous_11)
FN:253,(anonymous_12)
FN:300,(anonymous_13)
FN:318,(anonymous_14)
FN:326,(anonymous_15)
FN:330,(anonymous_16)
FN:353,(anonymous_17)
FN:385,(anonymous_18)
FN:408,(anonymous_19)
FN:425,(anonymous_20)
FN:446,(anonymous_21)
FN:463,(anonymous_22)
FN:470,(anonymous_23)
FN:480,editFeedSettings
FN:520,viewFeedSettings
FN:550,addSocialLink
FN:578,(anonymous_27)
FN:590,(anonymous_28)
FN:614,(anonymous_29)
FN:625,(anonymous_30)
FN:645,(anonymous_31)
FN:686,(anonymous_32)
FN:707,(anonymous_33)
FN:734,(anonymous_34)
FN:749,(anonymous_35)
FN:760,(anonymous_36)
FN:774,(anonymous_37)
FN:828,(anonymous_38)
FN:879,(anonymous_39)
FN:916,(anonymous_40)
FN:952,(anonymous_41)
FN:967,(anonymous_42)
FN:1007,(anonymous_43)
FN:1022,(anonymous_44)
FN:1063,(anonymous_45)
FN:1078,(anonymous_46)
FN:1119,(anonymous_47)
FN:1134,(anonymous_48)
FN:1174,(anonymous_49)
FN:1184,(anonymous_50)
FN:1200,(anonymous_51)
FN:1221,(anonymous_52)
FN:1237,(anonymous_53)
FN:1241,(anonymous_54)
FN:1253,(anonymous_55)
FN:1270,(anonymous_56)
FN:1303,(anonymous_57)
FN:1330,(anonymous_58)
FN:1363,(anonymous_59)
FN:1391,(anonymous_60)
FN:1408,(anonymous_61)
FN:1439,(anonymous_62)
FN:1477,(anonymous_63)
FN:1490,(anonymous_64)
FN:1520,(anonymous_65)
FN:1532,(anonymous_66)
FN:1561,(anonymous_67)
FN:1574,(anonymous_68)
FN:1578,(anonymous_69)
FN:1581,(anonymous_70)
FNF:71
FNH:23
FNDA:5,(anonymous_0)
FNDA:0,(anonymous_1)
FNDA:0,(anonymous_2)
FNDA:3,(anonymous_3)
FNDA:0,(anonymous_4)
FNDA:0,(anonymous_5)
FNDA:0,(anonymous_6)
FNDA:0,(anonymous_7)
FNDA:0,(anonymous_8)
FNDA:0,(anonymous_9)
FNDA:0,(anonymous_10)
FNDA:0,(anonymous_11)
FNDA:0,(anonymous_12)
FNDA:0,(anonymous_13)
FNDA:0,(anonymous_14)
FNDA:0,(anonymous_15)
FNDA:0,(anonymous_16)
FNDA:0,(anonymous_17)
FNDA:4,(anonymous_18)
FNDA:5,(anonymous_19)
FNDA:0,(anonymous_20)
FNDA:5,(anonymous_21)
FNDA:0,(anonymous_22)
FNDA:0,(anonymous_23)
FNDA:3,editFeedSettings
FNDA:3,viewFeedSettings
FNDA:4,addSocialLink
FNDA:4,(anonymous_27)
FNDA:3,(anonymous_28)
FNDA:4,(anonymous_29)
FNDA:3,(anonymous_30)
FNDA:5,(anonymous_31)
FNDA:0,(anonymous_32)
FNDA:0,(anonymous_33)
FNDA:0,(anonymous_34)
FNDA:0,(anonymous_35)
FNDA:0,(anonymous_36)
FNDA:0,(anonymous_37)
FNDA:0,(anonymous_38)
FNDA:5,(anonymous_39)
FNDA:6,(anonymous_40)
FNDA:0,(anonymous_41)
FNDA:0,(anonymous_42)
FNDA:0,(anonymous_43)
FNDA:0,(anonymous_44)
FNDA:0,(anonymous_45)
FNDA:0,(anonymous_46)
FNDA:0,(anonymous_47)
FNDA:0,(anonymous_48)
FNDA:0,(anonymous_49)
FNDA:0,(anonymous_50)
FNDA:4,(anonymous_51)
FNDA:0,(anonymous_52)
FNDA:0,(anonymous_53)
FNDA:0,(anonymous_54)
FNDA:3,(anonymous_55)
FNDA:0,(anonymous_56)
FNDA:4,(anonymous_57)
FNDA:0,(anonymous_58)
FNDA:8,(anonymous_59)
FNDA:3,(anonymous_60)
FNDA:3,(anonymous_61)
FNDA:5,(anonymous_62)
FNDA:3,(anonymous_63)
FNDA:0,(anonymous_64)
FNDA:0,(anonymous_65)
FNDA:0,(anonymous_66)
FNDA:0,(anonymous_67)
FNDA:0,(anonymous_68)
FNDA:0,(anonymous_69)
FNDA:0,(anonymous_70)
DA:1,22
DA:3,22
DA:4,22
DA:5,22
DA:6,22
DA:7,22
DA:8,22
DA:9,22
DA:10,22
DA:12,22
DA:13,5
DA:14,5
DA:16,5
DA:17,3
DA:18,2
DA:21,1
DA:23,2
DA:28,22
DA:29,0
DA:31,0
DA:32,0
DA:34,0
DA:35,0
DA:38,0
DA:51,0
DA:53,0
DA:57,22
DA:58,0
DA:60,0
DA:61,0
DA:63,0
DA:64,0
DA:67,0
DA:68,0
DA:69,0
DA:70,0
DA:71,0
DA:72,0
DA:73,0
DA:74,0
DA:78,0
DA:80,0
DA:82,0
DA:87,0
DA:99,22
DA:100,3
DA:101,3
DA:103,3
DA:104,1
DA:107,2
DA:109,2
DA:110,1
DA:113,1
DA:119,1
DA:121,0
DA:127,22
DA:128,0
DA:129,0
DA:130,0
DA:133,0
DA:134,0
DA:138,0
DA:139,0
DA:142,0
DA:144,0
DA:147,0
DA:155,0
DA:157,0
DA:160,0
DA:168,0
DA:173,0
DA:175,0
DA:215,22
DA:216,0
DA:217,0
DA:219,0
DA:220,0
DA:222,0
DA:223,0
DA:224,0
DA:227,0
DA:233,0
DA:239,0
DA:253,22
DA:254,0
DA:255,0
DA:257,0
DA:258,0
DA:259,0
DA:262,0
DA:263,0
DA:264,0
DA:265,0
DA:266,0
DA:267,0
DA:268,0
DA:272,0
DA:276,0
DA:277,0
DA:281,0
DA:282,0
DA:287,0
DA:300,22
DA:301,0
DA:302,0
DA:303,0
DA:304,0
DA:306,0
DA:307,0
DA:310,0
DA:311,0
DA:312,0
DA:314,0
DA:315,0
DA:317,0
DA:319,0
DA:322,0
DA:324,0
DA:326,0
DA:329,0
DA:331,0
DA:334,0
DA:338,0
DA:339,0
DA:341,0
DA:342,0
DA:343,0
DA:344,0
DA:349,0
DA:353,22
DA:354,0
DA:355,0
DA:356,0
DA:358,0
DA:359,0
DA:360,0
DA:361,0
DA:363,0
DA:364,0
DA:366,0
DA:367,0
DA:370,0
DA:371,0
DA:373,0
DA:374,0
DA:376,0
DA:378,0
DA:385,22
DA:386,4
DA:387,4
DA:389,4
DA:390,1
DA:393,3
DA:395,2
DA:396,1
DA:398,1
DA:400,1
DA:401,1
DA:403,0
DA:408,22
DA:409,5
DA:410,5
DA:411,5
DA:412,5
DA:414,4
DA:415,1
DA:417,3
DA:418,0
DA:420,0
DA:421,0
DA:422,0
DA:424,0
DA:426,0
DA:429,0
DA:431,0
DA:437,0
DA:438,0
DA:440,0
DA:442,4
DA:446,22
DA:447,5
DA:448,5
DA:449,5
DA:450,5
DA:452,4
DA:453,1
DA:455,3
DA:456,0
DA:460,0
DA:462,0
DA:464,0
DA:467,0
DA:469,0
DA:470,0
DA:472,0
DA:474,0
DA:476,4
DA:481,3
DA:482,3
DA:483,3
DA:485,2
DA:486,1
DA:489,1
DA:490,1
DA:491,1
DA:495,1
DA:496,1
DA:497,1
DA:498,1
DA:502,1
DA:506,1
DA:507,1
DA:508,1
DA:510,1
DA:511,1
DA:516,1
DA:521,3
DA:522,3
DA:523,3
DA:525,2
DA:526,1
DA:529,1
DA:545,1
DA:547,1
DA:551,4
DA:552,4
DA:553,4
DA:555,4
DA:557,3
DA:558,1
DA:561,2
DA:562,1
DA:567,1
DA:569,1
DA:570,1
DA:572,1
DA:578,22
DA:579,4
DA:580,4
DA:582,4
DA:583,4
DA:585,3
DA:586,1
DA:589,2
DA:590,3
DA:593,2
DA:594,1
DA:597,1
DA:598,1
DA:599,1
DA:601,1
DA:603,1
DA:608,1
DA:614,22
DA:615,4
DA:616,4
DA:618,4
DA:619,4
DA:620,3
DA:621,1
DA:624,2
DA:625,3
DA:627,2
DA:628,1
DA:631,1
DA:632,1
DA:634,1
DA:639,1
DA:645,22
DA:646,5
DA:647,5
DA:648,5
DA:650,4
DA:651,1
DA:654,3
DA:655,1
DA:659,2
DA:665,1
DA:666,1
DA:668,1
DA:673,1
DA:679,1
DA:686,22
DA:687,0
DA:688,0
DA:689,0
DA:691,0
DA:692,0
DA:694,0
DA:695,0
DA:698,0
DA:699,0
DA:701,0
DA:702,0
DA:706,0
DA:708,0
DA:711,0
DA:714,0
DA:720,0
DA:722,0
DA:727,0
DA:734,22
DA:735,0
DA:736,0
DA:737,0
DA:739,0
DA:740,0
DA:741,0
DA:744,0
DA:745,0
DA:746,0
DA:749,0
DA:750,0
DA:752,0
DA:753,0
DA:759,0
DA:760,0
DA:762,0
DA:764,0
DA:769,0
DA:774,22
DA:775,0
DA:776,0
DA:777,0
DA:780,0
DA:781,0
DA:783,0
DA:784,0
DA:787,0
DA:788,0
DA:792,0
DA:793,0
DA:794,0
DA:798,0
DA:801,0
DA:802,0
DA:806,0
DA:807,0
DA:809,0
DA:810,0
DA:811,0
DA:813,0
DA:814,0
DA:819,0
DA:825,0
DA:828,22
DA:829,0
DA:830,0
DA:831,0
DA:832,0
DA:833,0
DA:835,0
DA:836,0
DA:839,0
DA:840,0
DA:844,0
DA:845,0
DA:849,0
DA:853,0
DA:854,0
DA:857,0
DA:858,0
DA:862,0
DA:866,0
DA:867,0
DA:868,0
DA:870,0
DA:875,0
DA:879,22
DA:880,5
DA:881,5
DA:882,5
DA:884,5
DA:885,5
DA:886,1
DA:888,4
DA:889,4
DA:890,1
DA:892,3
DA:893,1
DA:897,2
DA:898,1
DA:903,1
DA:904,1
DA:905,1
DA:910,0
DA:916,22
DA:917,6
DA:918,6
DA:919,6
DA:921,6
DA:922,6
DA:923,1
DA:925,5
DA:926,5
DA:927,1
DA:929,4
DA:930,1
DA:934,3
DA:935,1
DA:940,2
DA:941,0
DA:942,0
DA:947,2
DA:952,22
DA:953,0
DA:954,0
DA:955,0
DA:956,0
DA:957,0
DA:958,0
DA:959,0
DA:961,0
DA:962,0
DA:963,0
DA:964,0
DA:966,0
DA:968,0
DA:969,0
DA:970,0
DA:972,0
DA:973,0
DA:975,0
DA:976,0
DA:978,0
DA:986,0
DA:987,0
DA:988,0
DA:989,0
DA:990,0
DA:991,0
DA:992,0
DA:993,0
DA:996,0
DA:1001,0
DA:1007,22
DA:1008,0
DA:1009,0
DA:1010,0
DA:1011,0
DA:1012,0
DA:1013,0
DA:1014,0
DA:1016,0
DA:1017,0
DA:1018,0
DA:1019,0
DA:1021,0
DA:1023,0
DA:1024,0
DA:1025,0
DA:1027,0
DA:1028,0
DA:1030,0
DA:1031,0
DA:1033,0
DA:1041,0
DA:1042,0
DA:1043,0
DA:1044,0
DA:1045,0
DA:1046,0
DA:1047,0
DA:1048,0
DA:1051,0
DA:1056,0
DA:1063,22
DA:1064,0
DA:1065,0
DA:1066,0
DA:1067,0
DA:1068,0
DA:1069,0
DA:1070,0
DA:1072,0
DA:1073,0
DA:1074,0
DA:1075,0
DA:1077,0
DA:1079,0
DA:1080,0
DA:1081,0
DA:1083,0
DA:1084,0
DA:1086,0
DA:1087,0
DA:1089,0
DA:1097,0
DA:1098,0
DA:1099,0
DA:1100,0
DA:1101,0
DA:1102,0
DA:1103,0
DA:1104,0
DA:1107,0
DA:1112,0
DA:1119,22
DA:1120,0
DA:1121,0
DA:1122,0
DA:1123,0
DA:1124,0
DA:1125,0
DA:1126,0
DA:1128,0
DA:1129,0
DA:1130,0
DA:1131,0
DA:1133,0
DA:1135,0
DA:1136,0
DA:1137,0
DA:1139,0
DA:1140,0
DA:1142,0
DA:1143,0
DA:1145,0
DA:1153,0
DA:1154,0
DA:1155,0
DA:1156,0
DA:1157,0
DA:1158,0
DA:1159,0
DA:1160,0
DA:1163,0
DA:1168,0
DA:1174,22
DA:1175,0
DA:1176,0
DA:1177,0
DA:1181,0
DA:1182,0
DA:1184,0
DA:1189,0
DA:1194,0
DA:1200,22
DA:1201,4
DA:1202,4
DA:1203,4
DA:1204,3
DA:1205,1
DA:1207,2
DA:1208,1
DA:1212,1
DA:1213,1
DA:1214,1
DA:1216,1
DA:1221,22
DA:1222,0
DA:1223,0
DA:1224,0
DA:1225,0
DA:1227,0
DA:1228,0
DA:1231,0
DA:1232,0
DA:1237,0
DA:1238,0
DA:1240,0
DA:1241,0
DA:1247,0
DA:1249,0
DA:1253,22
DA:1254,3
DA:1255,3
DA:1256,3
DA:1257,2
DA:1258,1
DA:1260,1
DA:1265,1
DA:1270,22
DA:1271,0
DA:1273,0
DA:1274,0
DA:1275,0
DA:1276,0
DA:1279,0
DA:1280,0
DA:1285,0
DA:1286,0
DA:1288,0
DA:1289,0
DA:1292,0
DA:1293,0
DA:1295,0
DA:1299,0
DA:1303,22
DA:1304,4
DA:1305,4
DA:1306,4
DA:1307,3
DA:1308,1
DA:1311,2
DA:1312,2
DA:1313,0
DA:1316,2
DA:1317,2
DA:1318,1
DA:1321,1
DA:1327,1
DA:1330,22
DA:1331,0
DA:1333,0
DA:1334,0
DA:1335,0
DA:1336,0
DA:1339,0
DA:1340,0
DA:1345,0
DA:1346,0
DA:1348,0
DA:1349,0
DA:1352,0
DA:1353,0
DA:1355,0
DA:1359,0
DA:1363,22
DA:1364,8
DA:1365,8
DA:1366,8
DA:1367,6
DA:1368,2
DA:1371,4
DA:1372,4
DA:1373,0
DA:1376,4
DA:1377,4
DA:1378,2
DA:1381,2
DA:1387,2
DA:1391,22
DA:1392,3
DA:1393,3
DA:1395,3
DA:1396,2
DA:1397,1
DA:1400,1
DA:1402,1
DA:1408,22
DA:1409,3
DA:1410,3
DA:1411,3
DA:1412,2
DA:1413,1
DA:1416,1
DA:1417,1
DA:1418,1
DA:1419,1
DA:1420,1
DA:1421,1
DA:1422,1
DA:1423,1
DA:1424,1
DA:1425,1
DA:1429,1
DA:1430,1
DA:1435,1
DA:1439,22
DA:1440,5
DA:1441,5
DA:1442,5
DA:1443,4
DA:1444,1
DA:1447,3
DA:1452,1
DA:1455,2
DA:1460,1
DA:1465,1
DA:1466,1
DA:1467,1
DA:1468,1
DA:1473,1
DA:1477,22
DA:1478,3
DA:1479,3
DA:1480,3
DA:1481,2
DA:1482,1
DA:1484,1
DA:1486,1
DA:1490,22
DA:1491,0
DA:1492,0
DA:1493,0
DA:1494,0
DA:1495,0
DA:1497,0
DA:1498,0
DA:1499,0
DA:1500,0
DA:1501,0
DA:1502,0
DA:1503,0
DA:1514,0
DA:1516,0
DA:1520,22
DA:1521,0
DA:1522,0
DA:1523,0
DA:1524,0
DA:1525,0
DA:1527,0
DA:1528,0
DA:1529,0
DA:1531,0
DA:1532,0
DA:1533,0
DA:1535,0
DA:1536,0
DA:1537,0
DA:1538,0
DA:1539,0
DA:1540,0
DA:1555,0
DA:1557,0
DA:1561,22
DA:1562,0
DA:1563,0
DA:1564,0
DA:1565,0
DA:1566,0
DA:1568,0
DA:1572,0
DA:1574,0
DA:1578,0
DA:1579,0
DA:1580,0
DA:1581,0
DA:1582,0
DA:1585,0
DA:1593,0
DA:1595,0
DA:1599,22
LF:735
LH:293
BRDA:17,0,0,2
BRDA:17,0,1,1
BRDA:34,1,0,0
BRDA:34,1,1,0
BRDA:63,2,0,0
BRDA:63,2,1,0
BRDA:103,3,0,1
BRDA:103,3,1,2
BRDA:109,4,0,1
BRDA:109,4,1,1
BRDA:129,5,0,0
BRDA:129,5,1,0
BRDA:138,6,0,0
BRDA:138,6,1,0
BRDA:149,7,0,0
BRDA:149,7,1,0
BRDA:162,8,0,0
BRDA:162,8,1,0
BRDA:219,9,0,0
BRDA:219,9,1,0
BRDA:258,10,0,0
BRDA:258,10,1,0
BRDA:306,11,0,0
BRDA:306,11,1,0
BRDA:311,12,0,0
BRDA:311,12,1,0
BRDA:314,13,0,0
BRDA:314,13,1,0
BRDA:317,14,0,0
BRDA:317,14,1,0
BRDA:329,15,0,0
BRDA:329,15,1,0
BRDA:338,16,0,0
BRDA:338,16,1,0
BRDA:360,17,0,0
BRDA:360,17,1,0
BRDA:363,18,0,0
BRDA:363,18,1,0
BRDA:366,19,0,0
BRDA:366,19,1,0
BRDA:389,20,0,1
BRDA:389,20,1,3
BRDA:395,21,0,1
BRDA:395,21,1,1
BRDA:400,22,0,1
BRDA:400,22,1,0
BRDA:414,23,0,1
BRDA:414,23,1,3
BRDA:417,24,0,0
BRDA:417,24,1,0
BRDA:424,25,0,0
BRDA:424,25,1,0
BRDA:452,26,0,1
BRDA:452,26,1,3
BRDA:455,27,0,0
BRDA:455,27,1,0
BRDA:462,28,0,0
BRDA:462,28,1,0
BRDA:485,29,0,1
BRDA:485,29,1,1
BRDA:525,30,0,1
BRDA:525,30,1,1
BRDA:557,31,0,1
BRDA:557,31,1,2
BRDA:561,32,0,1
BRDA:561,32,1,1
BRDA:585,33,0,1
BRDA:585,33,1,2
BRDA:593,34,0,1
BRDA:593,34,1,1
BRDA:620,35,0,1
BRDA:620,35,1,2
BRDA:627,36,0,1
BRDA:627,36,1,1
BRDA:650,37,0,1
BRDA:650,37,1,3
BRDA:654,38,0,1
BRDA:654,38,1,2
BRDA:659,39,0,1
BRDA:659,39,1,1
BRDA:660,40,0,2
BRDA:660,40,1,1
BRDA:660,40,2,1
BRDA:660,40,3,1
BRDA:694,41,0,0
BRDA:694,41,1,0
BRDA:698,42,0,0
BRDA:698,42,1,0
BRDA:701,43,0,0
BRDA:701,43,1,0
BRDA:706,44,0,0
BRDA:706,44,1,0
BRDA:740,45,0,0
BRDA:740,45,1,0
BRDA:745,46,0,0
BRDA:745,46,1,0
BRDA:752,47,0,0
BRDA:752,47,1,0
BRDA:783,48,0,0
BRDA:783,48,1,0
BRDA:787,49,0,0
BRDA:787,49,1,0
BRDA:792,50,0,0
BRDA:792,50,1,0
BRDA:792,51,0,0
BRDA:792,51,1,0
BRDA:793,52,0,0
BRDA:793,52,1,0
BRDA:801,53,0,0
BRDA:801,53,1,0
BRDA:810,54,0,0
BRDA:810,54,1,0
BRDA:810,55,0,0
BRDA:810,55,1,0
BRDA:813,56,0,0
BRDA:813,56,1,0
BRDA:813,57,0,0
BRDA:813,57,1,0
BRDA:835,58,0,0
BRDA:835,58,1,0
BRDA:839,59,0,0
BRDA:839,59,1,0
BRDA:844,60,0,0
BRDA:844,60,1,0
BRDA:844,61,0,0
BRDA:844,61,1,0
BRDA:845,62,0,0
BRDA:845,62,1,0
BRDA:846,63,0,0
BRDA:846,63,1,0
BRDA:857,64,0,0
BRDA:857,64,1,0
BRDA:885,65,0,1
BRDA:885,65,1,4
BRDA:889,66,0,1
BRDA:889,66,1,3
BRDA:892,67,0,1
BRDA:892,67,1,2
BRDA:897,68,0,1
BRDA:897,68,1,1
BRDA:922,69,0,1
BRDA:922,69,1,5
BRDA:926,70,0,1
BRDA:926,70,1,4
BRDA:929,71,0,1
BRDA:929,71,1,3
BRDA:934,72,0,1
BRDA:934,72,1,2
BRDA:958,73,0,0
BRDA:958,73,1,0
BRDA:963,74,0,0
BRDA:963,74,1,0
BRDA:972,75,0,0
BRDA:972,75,1,0
BRDA:975,76,0,0
BRDA:975,76,1,0
BRDA:980,77,0,0
BRDA:980,77,1,0
BRDA:1013,78,0,0
BRDA:1013,78,1,0
BRDA:1018,79,0,0
BRDA:1018,79,1,0
BRDA:1027,80,0,0
BRDA:1027,80,1,0
BRDA:1030,81,0,0
BRDA:1030,81,1,0
BRDA:1035,82,0,0
BRDA:1035,82,1,0
BRDA:1069,83,0,0
BRDA:1069,83,1,0
BRDA:1074,84,0,0
BRDA:1074,84,1,0
BRDA:1083,85,0,0
BRDA:1083,85,1,0
BRDA:1086,86,0,0
BRDA:1086,86,1,0
BRDA:1091,87,0,0
BRDA:1091,87,1,0
BRDA:1125,88,0,0
BRDA:1125,88,1,0
BRDA:1130,89,0,0
BRDA:1130,89,1,0
BRDA:1139,90,0,0
BRDA:1139,90,1,0
BRDA:1142,91,0,0
BRDA:1142,91,1,0
BRDA:1147,92,0,0
BRDA:1147,92,1,0
BRDA:1181,93,0,0
BRDA:1181,93,1,0
BRDA:1204,94,0,1
BRDA:1204,94,1,2
BRDA:1207,95,0,1
BRDA:1207,95,1,1
BRDA:1227,96,0,0
BRDA:1227,96,1,0
BRDA:1257,97,0,1
BRDA:1257,97,1,1
BRDA:1275,98,0,0
BRDA:1275,98,1,0
BRDA:1279,99,0,0
BRDA:1279,99,1,0
BRDA:1279,100,0,0
BRDA:1279,100,1,0
BRDA:1288,101,0,0
BRDA:1288,101,1,0
BRDA:1307,102,0,1
BRDA:1307,102,1,2
BRDA:1312,103,0,0
BRDA:1312,103,1,2
BRDA:1317,104,0,1
BRDA:1317,104,1,1
BRDA:1335,105,0,0
BRDA:1335,105,1,0
BRDA:1339,106,0,0
BRDA:1339,106,1,0
BRDA:1339,107,0,0
BRDA:1339,107,1,0
BRDA:1348,108,0,0
BRDA:1348,108,1,0
BRDA:1367,109,0,2
BRDA:1367,109,1,4
BRDA:1372,110,0,0
BRDA:1372,110,1,4
BRDA:1377,111,0,2
BRDA:1377,111,1,2
BRDA:1396,112,0,1
BRDA:1396,112,1,1
BRDA:1412,113,0,1
BRDA:1412,113,1,1
BRDA:1443,114,0,1
BRDA:1443,114,1,3
BRDA:1447,115,0,1
BRDA:1447,115,1,2
BRDA:1448,116,0,3
BRDA:1448,116,1,1
BRDA:1448,116,2,1
BRDA:1455,117,0,1
BRDA:1455,117,1,1
BRDA:1456,118,0,2
BRDA:1456,118,1,2
BRDA:1456,118,2,1
BRDA:1481,119,0,1
BRDA:1481,119,1,1
BRDA:1494,120,0,0
BRDA:1494,120,1,0
BRDA:1505,121,0,0
BRDA:1505,121,1,0
BRDA:1510,122,0,0
BRDA:1510,122,1,0
BRDA:1511,123,0,0
BRDA:1511,123,1,0
BRDA:1512,124,0,0
BRDA:1512,124,1,0
BRDA:1524,125,0,0
BRDA:1524,125,1,0
BRDA:1528,126,0,0
BRDA:1528,126,1,0
BRDA:1542,127,0,0
BRDA:1542,127,1,0
BRDA:1551,128,0,0
BRDA:1551,128,1,0
BRDA:1552,129,0,0
BRDA:1552,129,1,0
BRDA:1553,130,0,0
BRDA:1553,130,1,0
BRDA:1565,131,0,0
BRDA:1565,131,1,0
BRDA:1588,132,0,0
BRDA:1588,132,1,0
BRF:270
BRH:91
end_of_record
TN:
SF:controllers/userUploadsController.js
FN:7,uploadMedia
FN:29,destroyMedia
FNF:2
FNH:0
FNDA:0,uploadMedia
FNDA:0,destroyMedia
DA:1,33
DA:2,33
DA:3,33
DA:4,33
DA:5,33
DA:8,0
DA:9,0
DA:10,0
DA:11,0
DA:15,0
DA:16,0
DA:21,0
DA:23,0
DA:25,0
DA:26,0
DA:31,0
DA:32,0
DA:35,0
DA:36,0
DA:37,0
DA:38,0
DA:39,0
DA:42,0
DA:43,0
DA:47,33
LF:25
LH:6
BRF:0
BRH:0
end_of_record
TN:
SF:middleware/cloudinary.js
FNF:0
FNH:0
DA:1,33
DA:2,33
DA:4,33
DA:9,33
DA:11,33
LF:5
LH:5
BRF:0
BRH:0
end_of_record
TN:
SF:models/comment.js
FNF:0
FNH:0
DA:1,9
DA:2,9
DA:4,9
DA:88,9
LF:4
LH:4
BRF:0
BRH:0
end_of_record
TN:
SF:models/post.js
FNF:0
FNH:0
DA:1,31
DA:2,31
DA:3,31
DA:5,31
DA:6,31
DA:171,31
LF:6
LH:6
BRF:0
BRH:0
end_of_record
TN:
SF:models/report.js
FNF:0
FNH:0
DA:1,9
DA:2,9
DA:4,9
DA:54,9
LF:4
LH:4
BRF:0
BRH:0
end_of_record
TN:
SF:models/subReddit.js
FNF:0
FNH:0
DA:1,30
DA:2,30
DA:3,30
DA:5,30
DA:6,30
DA:243,30
LF:6
LH:6
BRF:0
BRH:0
end_of_record
TN:
SF:models/user.js
FNF:0
FNH:0
DA:1,27
DA:2,27
DA:66,27
DA:356,27
LF:4
LH:4
BRF:0
BRH:0
end_of_record
TN:
SF:models/userUploads.js
FNF:0
FNH:0
DA:1,33
DA:3,33
DA:10,33
DA:12,33
LF:4
LH:4
BRF:0
BRH:0
end_of_record
TN:
SF:services/authServices.js
FN:1,(anonymous_0)
FNF:1
FNH:0
FNDA:0,(anonymous_0)
DA:1,3
DA:2,0
DA:122,0
DA:276,0
DA:277,0
DA:278,0
DA:279,0
DA:280,0
DA:281,0
DA:282,0
DA:283,0
DA:284,0
DA:286,0
DA:288,0
DA:290,3
LF:15
LH:2
BRDA:282,0,0,0
BRDA:282,0,1,0
BRDA:282,1,0,0
BRDA:282,1,1,0
BRF:4
BRH:0
end_of_record
TN:
SF:services/postServices.js
FN:2,getImagesUrls
FN:4,(anonymous_1)
FN:11,getVideosUrls
FN:13,(anonymous_3)
FNF:4
FNH:0
FNDA:0,getImagesUrls
FNDA:0,(anonymous_1)
FNDA:0,getVideosUrls
FNDA:0,(anonymous_3)
DA:1,22
DA:3,0
DA:5,0
DA:6,0
DA:9,0
DA:12,0
DA:14,0
DA:15,0
DA:18,0
DA:21,22
LF:10
LH:2
BRF:0
BRH:0
end_of_record
TN:
SF:services/subredditServices.js
FN:1,(anonymous_0)
FN:12,(anonymous_1)
FNF:2
FNH:0
FNDA:0,(anonymous_0)
FNDA:0,(anonymous_1)
DA:1,2
DA:2,0
DA:3,0
DA:4,0
DA:6,0
DA:7,0
DA:9,0
DA:12,2
DA:13,0
DA:14,0
DA:16,0
DA:18,2
LF:12
LH:3
BRDA:3,0,0,0
BRDA:3,0,1,0
BRDA:6,1,0,0
BRDA:6,1,1,0
BRDA:13,2,0,0
BRDA:13,2,1,0
BRF:6
BRH:0
end_of_record
TN:
SF:services/userServices.js
FN:3,(anonymous_0)
FNF:1
FNH:0
FNDA:0,(anonymous_0)
DA:1,22
DA:3,22
DA:4,0
DA:5,0
DA:6,0
DA:7,0
DA:8,0
DA:9,0
DA:15,0
DA:16,0
DA:21,0
DA:22,0
DA:25,22
LF:13
LH:3
BRDA:8,0,0,0
BRDA:8,0,1,0
BRDA:15,1,0,0
BRDA:15,1,1,0
BRF:4
BRH:0
end_of_record
