TN:
SF:controllers/authController.js
FN:12,(anonymous_0)
FN:19,(anonymous_1)
FN:66,(anonymous_2)
FN:70,(anonymous_3)
FN:107,(anonymous_4)
FN:138,(anonymous_5)
FN:149,(anonymous_6)
FN:204,(anonymous_7)
FN:220,(anonymous_8)
FN:252,(anonymous_9)
FN:262,(anonymous_10)
FN:308,(anonymous_11)
FN:317,(anonymous_12)
FN:330,(anonymous_13)
FN:337,(anonymous_14)
FN:367,(anonymous_15)
FN:388,(anonymous_16)
FN:417,(anonymous_17)
FN:447,(anonymous_18)
FN:470,(anonymous_19)
FNF:20
FNH:7
FNDA:0,(anonymous_0)
FNDA:0,(anonymous_1)
FNDA:0,(anonymous_2)
FNDA:4,(anonymous_3)
FNDA:0,(anonymous_4)
FNDA:0,(anonymous_5)
FNDA:0,(anonymous_6)
FNDA:0,(anonymous_7)
FNDA:5,(anonymous_8)
FNDA:1,(anonymous_9)
FNDA:5,(anonymous_10)
FNDA:1,(anonymous_11)
FNDA:2,(anonymous_12)
FNDA:0,(anonymous_13)
FNDA:0,(anonymous_14)
FNDA:0,(anonymous_15)
FNDA:0,(anonymous_16)
FNDA:0,(anonymous_17)
FNDA:5,(anonymous_18)
FNDA:0,(anonymous_19)
DA:1,5
DA:2,5
DA:3,5
DA:4,5
DA:5,5
DA:6,5
DA:7,5
DA:8,5
DA:9,5
DA:10,5
DA:12,5
DA:13,0
DA:14,0
DA:15,0
DA:16,0
DA:17,0
DA:19,0
DA:20,0
DA:22,0
DA:23,0
DA:24,0
DA:25,0
DA:26,0
DA:29,0
DA:30,0
DA:31,0
DA:32,0
DA:38,0
DA:39,0
DA:49,0
DA:50,0
DA:51,0
DA:53,0
DA:54,0
DA:60,0
DA:66,5
DA:67,0
DA:70,5
DA:71,4
DA:72,4
DA:73,4
DA:74,3
DA:75,1
DA:77,2
DA:78,1
DA:82,1
DA:90,1
DA:91,1
DA:93,1
DA:95,1
DA:101,1
DA:107,5
DA:108,0
DA:119,0
DA:120,0
DA:122,0
DA:123,0
DA:125,0
DA:139,0
DA:140,0
DA:144,0
DA:149,5
DA:150,0
DA:151,0
DA:161,0
DA:162,0
DA:164,0
DA:165,0
DA:166,0
DA:167,0
DA:168,0
DA:170,0
DA:172,0
DA:173,0
DA:175,0
DA:183,0
DA:184,0
DA:185,0
DA:189,0
DA:191,0
DA:205,0
DA:206,0
DA:210,0
DA:214,0
DA:220,5
DA:221,5
DA:222,5
DA:223,1
DA:225,4
DA:226,4
DA:227,4
DA:228,3
DA:229,3
DA:230,1
DA:234,2
DA:235,2
DA:236,1
DA:240,1
DA:248,1
DA:253,1
DA:254,1
DA:258,1
DA:262,5
DA:263,5
DA:264,5
DA:265,1
DA:268,4
DA:270,4
DA:271,4
DA:273,3
DA:274,1
DA:276,2
DA:277,1
DA:282,1
DA:290,1
DA:291,1
DA:293,1
DA:295,1
DA:304,1
DA:309,1
DA:310,1
DA:314,1
DA:317,5
DA:318,2
DA:319,2
DA:320,1
DA:325,1
DA:330,5
DA:331,0
DA:332,0
DA:333,0
DA:334,0
DA:336,0
DA:337,0
DA:338,0
DA:339,0
DA:341,0
DA:343,0
DA:344,0
DA:345,0
DA:346,0
DA:348,0
DA:349,0
DA:353,0
DA:354,0
DA:357,0
DA:358,0
DA:359,0
DA:361,0
DA:362,0
DA:363,0
DA:364,0
DA:367,5
DA:368,0
DA:369,0
DA:370,0
DA:371,0
DA:372,0
DA:376,0
DA:377,0
DA:378,0
DA:380,0
DA:381,0
DA:382,0
DA:384,0
DA:385,0
DA:386,0
DA:388,5
DA:389,0
DA:390,0
DA:391,0
DA:392,0
DA:393,0
DA:394,0
DA:396,0
DA:397,0
DA:401,0
DA:402,0
DA:403,0
DA:405,0
DA:406,0
DA:407,0
DA:411,0
DA:417,5
DA:418,0
DA:419,0
DA:420,0
DA:421,0
DA:422,0
DA:423,0
DA:424,0
DA:426,0
DA:427,0
DA:431,0
DA:432,0
DA:433,0
DA:435,0
DA:436,0
DA:437,0
DA:438,0
DA:442,0
DA:447,5
DA:448,5
DA:449,5
DA:450,5
DA:451,5
DA:452,4
DA:453,1
DA:455,3
DA:456,1
DA:458,2
DA:459,2
DA:460,1
DA:462,1
DA:463,1
DA:465,1
DA:470,5
DA:471,0
DA:472,0
DA:473,0
DA:474,0
DA:475,0
DA:476,0
DA:478,0
DA:479,0
DA:480,0
DA:482,0
DA:483,0
DA:485,0
DA:486,0
DA:490,0
DA:491,0
DA:495,0
DA:496,0
DA:497,0
DA:498,0
DA:500,0
DA:503,5
LF:238
LH:92
BRDA:16,0,0,0
BRDA:16,0,1,0
BRDA:74,1,0,1
BRDA:74,1,1,2
BRDA:77,2,0,1
BRDA:77,2,1,1
BRDA:77,3,0,2
BRDA:77,3,1,2
BRDA:122,4,0,0
BRDA:122,4,1,0
BRDA:139,5,0,0
BRDA:139,5,1,0
BRDA:164,6,0,0
BRDA:164,6,1,0
BRDA:166,7,0,0
BRDA:166,7,1,0
BRDA:172,8,0,0
BRDA:172,8,1,0
BRDA:205,9,0,0
BRDA:205,9,1,0
BRDA:222,10,0,1
BRDA:222,10,1,4
BRDA:229,11,0,1
BRDA:229,11,1,2
BRDA:235,12,0,1
BRDA:235,12,1,1
BRDA:253,13,0,0
BRDA:253,13,1,1
BRDA:264,14,0,1
BRDA:264,14,1,4
BRDA:273,15,0,1
BRDA:273,15,1,2
BRDA:276,16,0,1
BRDA:276,16,1,1
BRDA:309,17,0,0
BRDA:309,17,1,1
BRDA:332,18,0,0
BRDA:332,18,1,0
BRDA:333,19,0,0
BRDA:333,19,1,0
BRDA:338,20,0,0
BRDA:338,20,1,0
BRDA:345,21,0,0
BRDA:345,21,1,0
BRDA:348,22,0,0
BRDA:348,22,1,0
BRDA:353,23,0,0
BRDA:353,23,1,0
BRDA:353,24,0,0
BRDA:353,24,1,0
BRDA:358,25,0,0
BRDA:358,25,1,0
BRDA:371,26,0,0
BRDA:371,26,1,0
BRDA:371,27,0,0
BRDA:371,27,1,0
BRDA:377,28,0,0
BRDA:377,28,1,0
BRDA:381,29,0,0
BRDA:381,29,1,0
BRDA:393,30,0,0
BRDA:393,30,1,0
BRDA:396,31,0,0
BRDA:396,31,1,0
BRDA:402,32,0,0
BRDA:402,32,1,0
BRDA:423,33,0,0
BRDA:423,33,1,0
BRDA:426,34,0,0
BRDA:426,34,1,0
BRDA:432,35,0,0
BRDA:432,35,1,0
BRDA:452,36,0,1
BRDA:452,36,1,3
BRDA:455,37,0,1
BRDA:455,37,1,2
BRDA:459,38,0,1
BRDA:459,38,1,1
BRDA:475,39,0,0
BRDA:475,39,1,0
BRDA:479,40,0,0
BRDA:479,40,1,0
BRDA:482,41,0,0
BRDA:482,41,1,0
BRDA:485,42,0,0
BRDA:485,42,1,0
BRDA:490,43,0,0
BRDA:490,43,1,0
BRF:88
BRH:26
end_of_record
TN:
SF:controllers/commentController.js
FN:8,(anonymous_0)
FN:104,(anonymous_1)
FN:134,(anonymous_2)
FN:164,(anonymous_3)
FN:189,(anonymous_4)
FN:215,(anonymous_5)
FN:239,(anonymous_6)
FN:290,(anonymous_7)
FN:326,(anonymous_8)
FNF:9
FNH:1
FNDA:0,(anonymous_0)
FNDA:4,(anonymous_1)
FNDA:0,(anonymous_2)
FNDA:0,(anonymous_3)
FNDA:0,(anonymous_4)
FNDA:0,(anonymous_5)
FNDA:0,(anonymous_6)
FNDA:0,(anonymous_7)
FNDA:0,(anonymous_8)
DA:1,1
DA:2,1
DA:3,1
DA:4,1
DA:5,1
DA:6,1
DA:8,1
DA:9,0
DA:10,0
DA:12,0
DA:13,0
DA:14,0
DA:15,0
DA:16,0
DA:19,0
DA:20,0
DA:21,0
DA:22,0
DA:26,0
DA:32,0
DA:33,0
DA:36,0
DA:41,0
DA:42,0
DA:47,0
DA:57,0
DA:59,0
DA:60,0
DA:61,0
DA:62,0
DA:63,0
DA:64,0
DA:65,0
DA:67,0
DA:71,0
DA:72,0
DA:75,0
DA:77,0
DA:78,0
DA:79,0
DA:80,0
DA:83,0
DA:84,0
DA:87,0
DA:88,0
DA:89,0
DA:91,0
DA:92,0
DA:94,0
DA:99,0
DA:100,0
DA:104,1
DA:105,4
DA:106,4
DA:107,4
DA:108,4
DA:109,3
DA:110,3
DA:111,1
DA:113,2
DA:114,1
DA:116,1
DA:117,0
DA:118,0
DA:119,0
DA:121,1
DA:122,1
DA:123,1
DA:124,1
DA:125,1
DA:126,1
DA:128,1
DA:130,1
DA:134,1
DA:135,0
DA:136,0
DA:137,0
DA:138,0
DA:139,0
DA:140,0
DA:141,0
DA:143,0
DA:144,0
DA:146,0
DA:147,0
DA:148,0
DA:149,0
DA:151,0
DA:152,0
DA:153,0
DA:154,0
DA:155,0
DA:156,0
DA:158,0
DA:160,0
DA:164,1
DA:165,0
DA:166,0
DA:167,0
DA:168,0
DA:169,0
DA:170,0
DA:171,0
DA:173,0
DA:174,0
DA:176,0
DA:177,0
DA:178,0
DA:179,0
DA:180,0
DA:181,0
DA:183,0
DA:185,0
DA:189,1
DA:190,0
DA:191,0
DA:192,0
DA:193,0
DA:194,0
DA:195,0
DA:196,0
DA:198,0
DA:199,0
DA:201,0
DA:202,0
DA:203,0
DA:204,0
DA:205,0
DA:207,0
DA:209,0
DA:211,0
DA:215,1
DA:216,0
DA:217,0
DA:218,0
DA:219,0
DA:221,0
DA:222,0
DA:223,0
DA:224,0
DA:225,0
DA:228,0
DA:229,0
DA:230,0
DA:231,0
DA:234,0
DA:235,0
DA:236,0
DA:238,0
DA:240,0
DA:243,0
DA:248,0
DA:249,0
DA:250,0
DA:251,0
DA:253,0
DA:254,0
DA:256,0
DA:257,0
DA:259,0
DA:261,0
DA:272,0
DA:273,0
DA:280,0
DA:282,0
DA:283,0
DA:285,0
DA:286,0
DA:290,1
DA:291,0
DA:292,0
DA:293,0
DA:294,0
DA:295,0
DA:297,0
DA:298,0
DA:300,0
DA:301,0
DA:303,0
DA:304,0
DA:305,0
DA:309,0
DA:310,0
DA:311,0
DA:316,0
DA:317,0
DA:318,0
DA:320,0
DA:326,1
DA:327,0
DA:328,0
DA:329,0
DA:330,0
DA:331,0
DA:332,0
DA:333,0
DA:335,0
DA:336,0
DA:338,0
DA:339,0
DA:340,0
DA:344,0
DA:345,0
DA:346,0
DA:351,0
DA:352,0
DA:353,0
DA:355,0
DA:360,1
LF:209
LH:33
BRDA:14,0,0,0
BRDA:14,0,1,0
BRDA:20,1,0,0
BRDA:20,1,1,0
BRDA:26,2,0,0
BRDA:26,2,1,0
BRDA:27,3,0,0
BRDA:27,3,1,0
BRDA:27,3,2,0
BRDA:27,3,3,0
BRDA:36,4,0,0
BRDA:36,4,1,0
BRDA:37,5,0,0
BRDA:37,5,1,0
BRDA:37,5,2,0
BRDA:37,5,3,0
BRDA:37,5,4,0
BRDA:50,6,0,0
BRDA:50,6,1,0
BRDA:51,7,0,0
BRDA:51,7,1,0
BRDA:54,8,0,0
BRDA:54,8,1,0
BRDA:57,9,0,0
BRDA:57,9,1,0
BRDA:57,10,0,0
BRDA:57,10,1,0
BRDA:60,11,0,0
BRDA:60,11,1,0
BRDA:63,12,0,0
BRDA:63,12,1,0
BRDA:71,13,0,0
BRDA:71,13,1,0
BRDA:77,14,0,0
BRDA:77,14,1,0
BRDA:79,15,0,0
BRDA:79,15,1,0
BRDA:110,16,0,1
BRDA:110,16,1,2
BRDA:113,17,0,1
BRDA:113,17,1,1
BRDA:116,18,0,0
BRDA:116,18,1,1
BRDA:124,19,0,1
BRDA:124,19,1,0
BRDA:140,20,0,0
BRDA:140,20,1,0
BRDA:143,21,0,0
BRDA:143,21,1,0
BRDA:146,22,0,0
BRDA:146,22,1,0
BRDA:154,23,0,0
BRDA:154,23,1,0
BRDA:170,24,0,0
BRDA:170,24,1,0
BRDA:173,25,0,0
BRDA:173,25,1,0
BRDA:179,26,0,0
BRDA:179,26,1,0
BRDA:195,27,0,0
BRDA:195,27,1,0
BRDA:198,28,0,0
BRDA:198,28,1,0
BRDA:204,29,0,0
BRDA:204,29,1,0
BRDA:223,30,0,0
BRDA:223,30,1,0
BRDA:229,31,0,0
BRDA:229,31,1,0
BRDA:235,32,0,0
BRDA:235,32,1,0
BRDA:238,33,0,0
BRDA:238,33,1,0
BRDA:249,34,0,0
BRDA:249,34,1,0
BRDA:253,35,0,0
BRDA:253,35,1,0
BRDA:256,36,0,0
BRDA:256,36,1,0
BRDA:266,37,0,0
BRDA:266,37,1,0
BRDA:267,38,0,0
BRDA:267,38,1,0
BRDA:269,39,0,0
BRDA:269,39,1,0
BRDA:272,40,0,0
BRDA:272,40,1,0
BRDA:297,41,0,0
BRDA:297,41,1,0
BRDA:300,42,0,0
BRDA:300,42,1,0
BRDA:304,43,0,0
BRDA:304,43,1,0
BRDA:310,44,0,0
BRDA:310,44,1,0
BRDA:332,45,0,0
BRDA:332,45,1,0
BRDA:335,46,0,0
BRDA:335,46,1,0
BRDA:339,47,0,0
BRDA:339,47,1,0
BRDA:345,48,0,0
BRDA:345,48,1,0
BRF:103
BRH:6
end_of_record
TN:
SF:controllers/postController.js
FN:10,(anonymous_0)
FN:132,createNewPost
FN:137,(anonymous_2)
FN:169,(anonymous_3)
FN:174,(anonymous_4)
FN:198,(anonymous_5)
FN:201,(anonymous_6)
FN:207,(anonymous_7)
FN:214,(anonymous_8)
FN:222,(anonymous_9)
FN:241,(anonymous_10)
FN:249,(anonymous_11)
FN:272,(anonymous_12)
FN:309,(anonymous_13)
FN:341,(anonymous_14)
FN:370,(anonymous_15)
FN:384,(anonymous_16)
FN:407,(anonymous_17)
FN:454,(anonymous_18)
FN:512,(anonymous_19)
FN:527,(anonymous_20)
FN:565,(anonymous_21)
FN:602,(anonymous_22)
FN:627,(anonymous_23)
FN:652,(anonymous_24)
FN:688,(anonymous_25)
FN:726,(anonymous_26)
FN:765,(anonymous_27)
FN:802,(anonymous_28)
FN:834,(anonymous_29)
FN:872,(anonymous_30)
FN:878,(anonymous_31)
FN:879,(anonymous_32)
FN:887,(anonymous_33)
FN:888,(anonymous_34)
FN:889,(anonymous_35)
FN:911,(anonymous_36)
FNF:37
FNH:9
FNDA:0,(anonymous_0)
FNDA:0,createNewPost
FNDA:0,(anonymous_2)
FNDA:0,(anonymous_3)
FNDA:0,(anonymous_4)
FNDA:0,(anonymous_5)
FNDA:0,(anonymous_6)
FNDA:0,(anonymous_7)
FNDA:0,(anonymous_8)
FNDA:0,(anonymous_9)
FNDA:4,(anonymous_10)
FNDA:2,(anonymous_11)
FNDA:4,(anonymous_12)
FNDA:0,(anonymous_13)
FNDA:0,(anonymous_14)
FNDA:0,(anonymous_15)
FNDA:0,(anonymous_16)
FNDA:0,(anonymous_17)
FNDA:0,(anonymous_18)
FNDA:0,(anonymous_19)
FNDA:7,(anonymous_20)
FNDA:7,(anonymous_21)
FNDA:0,(anonymous_22)
FNDA:0,(anonymous_23)
FNDA:3,(anonymous_24)
FNDA:7,(anonymous_25)
FNDA:5,(anonymous_26)
FNDA:7,(anonymous_27)
FNDA:0,(anonymous_28)
FNDA:0,(anonymous_29)
FNDA:0,(anonymous_30)
FNDA:0,(anonymous_31)
FNDA:0,(anonymous_32)
FNDA:0,(anonymous_33)
FNDA:0,(anonymous_34)
FNDA:0,(anonymous_35)
FNDA:0,(anonymous_36)
DA:1,8
DA:2,8
DA:3,8
DA:4,8
DA:5,8
DA:6,8
DA:7,8
DA:8,8
DA:10,8
DA:11,0
DA:12,0
DA:14,0
DA:15,0
DA:16,0
DA:18,0
DA:20,0
DA:21,0
DA:24,0
DA:27,0
DA:35,0
DA:40,0
DA:43,0
DA:49,0
DA:54,0
DA:55,0
DA:59,0
DA:62,0
DA:63,0
DA:68,0
DA:71,0
DA:78,0
DA:82,0
DA:83,0
DA:87,0
DA:89,0
DA:91,0
DA:92,0
DA:93,0
DA:94,0
DA:95,0
DA:98,0
DA:99,0
DA:100,0
DA:101,0
DA:102,0
DA:103,0
DA:104,0
DA:105,0
DA:106,0
DA:108,0
DA:113,0
DA:117,0
DA:118,0
DA:119,0
DA:121,0
DA:122,0
DA:124,0
DA:125,0
DA:127,0
DA:133,0
DA:134,0
DA:135,0
DA:136,0
DA:137,0
DA:142,0
DA:169,8
DA:170,0
DA:171,0
DA:173,0
DA:175,0
DA:176,0
DA:179,0
DA:180,0
DA:184,0
DA:185,0
DA:187,0
DA:188,0
DA:190,0
DA:191,0
DA:195,0
DA:196,0
DA:199,0
DA:202,0
DA:208,0
DA:214,8
DA:215,0
DA:216,0
DA:217,0
DA:218,0
DA:219,0
DA:220,0
DA:222,0
DA:223,0
DA:225,0
DA:226,0
DA:227,0
DA:229,0
DA:230,0
DA:234,0
DA:235,0
DA:236,0
DA:238,0
DA:241,8
DA:242,4
DA:243,4
DA:244,4
DA:245,4
DA:246,4
DA:247,1
DA:249,3
DA:250,2
DA:252,3
DA:253,1
DA:257,2
DA:258,1
DA:260,1
DA:262,1
DA:272,8
DA:273,4
DA:274,4
DA:275,4
DA:276,4
DA:277,3
DA:278,3
DA:279,1
DA:281,2
DA:282,1
DA:284,1
DA:285,0
DA:286,0
DA:287,0
DA:289,1
DA:290,1
DA:291,1
DA:292,1
DA:293,1
DA:294,1
DA:296,1
DA:298,1
DA:309,8
DA:310,0
DA:311,0
DA:312,0
DA:313,0
DA:314,0
DA:315,0
DA:316,0
DA:318,0
DA:319,0
DA:321,0
DA:322,0
DA:323,0
DA:324,0
DA:326,0
DA:327,0
DA:328,0
DA:329,0
DA:330,0
DA:331,0
DA:333,0
DA:335,0
DA:341,8
DA:342,0
DA:343,0
DA:344,0
DA:345,0
DA:346,0
DA:347,0
DA:349,0
DA:350,0
DA:351,0
DA:353,0
DA:354,0
DA:359,0
DA:360,0
DA:362,0
DA:364,0
DA:370,8
DA:371,0
DA:372,0
DA:373,0
DA:375,0
DA:377,0
DA:378,0
DA:380,0
DA:381,0
DA:382,0
DA:384,0
DA:385,0
DA:388,0
DA:389,0
DA:393,0
DA:398,0
DA:400,0
DA:401,0
DA:403,0
DA:407,8
DA:408,0
DA:409,0
DA:411,0
DA:412,0
DA:413,0
DA:414,0
DA:417,0
DA:418,0
DA:419,0
DA:422,0
DA:423,0
DA:424,0
DA:427,0
DA:428,0
DA:429,0
DA:434,0
DA:435,0
DA:436,0
DA:441,0
DA:442,0
DA:444,0
DA:445,0
DA:447,0
DA:449,0
DA:454,8
DA:455,0
DA:456,0
DA:458,0
DA:459,0
DA:460,0
DA:464,0
DA:465,0
DA:466,0
DA:469,0
DA:470,0
DA:471,0
DA:474,0
DA:475,0
DA:476,0
DA:477,0
DA:480,0
DA:481,0
DA:482,0
DA:487,0
DA:488,0
DA:489,0
DA:493,0
DA:498,0
DA:499,0
DA:501,0
DA:503,0
DA:505,0
DA:507,0
DA:512,8
DA:513,0
DA:514,0
DA:515,0
DA:516,0
DA:517,0
DA:519,0
DA:524,0
DA:527,8
DA:528,7
DA:529,7
DA:530,7
DA:531,7
DA:532,6
DA:533,1
DA:535,5
DA:536,1
DA:540,4
DA:541,4
DA:542,1
DA:545,3
DA:546,1
DA:550,2
DA:551,2
DA:552,2
DA:553,1
DA:558,1
DA:559,1
DA:560,1
DA:562,1
DA:565,8
DA:566,7
DA:567,7
DA:568,7
DA:569,7
DA:570,6
DA:571,1
DA:573,5
DA:574,1
DA:576,4
DA:577,4
DA:578,1
DA:581,3
DA:582,1
DA:586,2
DA:587,2
DA:588,2
DA:589,1
DA:594,1
DA:595,1
DA:596,1
DA:598,1
DA:602,8
DA:603,0
DA:604,0
DA:605,0
DA:606,0
DA:607,0
DA:608,0
DA:609,0
DA:611,0
DA:612,0
DA:614,0
DA:615,0
DA:616,0
DA:617,0
DA:618,0
DA:619,0
DA:621,0
DA:623,0
DA:627,8
DA:628,0
DA:629,0
DA:630,0
DA:631,0
DA:632,0
DA:633,0
DA:634,0
DA:636,0
DA:637,0
DA:639,0
DA:640,0
DA:641,0
DA:642,0
DA:643,0
DA:644,0
DA:646,0
DA:648,0
DA:652,8
DA:653,3
DA:654,3
DA:655,3
DA:656,3
DA:657,3
DA:658,1
DA:660,2
DA:661,2
DA:662,1
DA:664,1
DA:665,0
DA:667,1
DA:668,0
DA:670,1
DA:671,1
DA:672,0
DA:674,1
DA:675,0
DA:679,1
DA:680,1
DA:681,1
DA:682,1
DA:684,0
DA:688,8
DA:689,7
DA:690,7
DA:691,7
DA:692,7
DA:693,7
DA:694,1
DA:696,6
DA:697,6
DA:698,1
DA:700,5
DA:701,5
DA:702,1
DA:704,4
DA:705,1
DA:709,3
DA:710,1
DA:712,2
DA:713,1
DA:715,1
DA:716,1
DA:717,1
DA:718,1
DA:719,1
DA:720,1
DA:722,0
DA:726,8
DA:727,5
DA:728,5
DA:729,5
DA:730,5
DA:731,4
DA:732,1
DA:734,3
DA:735,1
DA:739,2
DA:740,2
DA:741,0
DA:744,2
DA:745,1
DA:749,1
DA:750,1
DA:751,1
DA:752,0
DA:757,1
DA:758,1
DA:759,1
DA:761,1
DA:765,8
DA:766,7
DA:767,7
DA:768,7
DA:769,7
DA:770,6
DA:771,1
DA:773,5
DA:774,1
DA:776,4
DA:777,4
DA:778,1
DA:781,3
DA:782,1
DA:786,2
DA:787,1
DA:788,1
DA:789,1
DA:794,1
DA:795,1
DA:796,1
DA:798,1
DA:802,8
DA:803,0
DA:804,0
DA:805,0
DA:806,0
DA:807,0
DA:808,0
DA:809,0
DA:810,0
DA:812,0
DA:813,0
DA:814,0
DA:816,0
DA:817,0
DA:818,0
DA:827,0
DA:828,0
DA:830,0
DA:831,0
DA:833,0
DA:835,0
DA:838,0
DA:841,0
DA:842,0
DA:853,0
DA:854,0
DA:861,0
DA:864,0
DA:865,0
DA:867,0
DA:872,8
DA:873,0
DA:874,0
DA:878,0
DA:879,0
DA:881,0
DA:886,0
DA:888,0
DA:889,0
DA:890,0
DA:892,0
DA:893,0
DA:897,0
DA:898,0
DA:910,0
DA:911,0
DA:914,0
DA:919,0
DA:926,8
LF:481
LH:186
BRDA:15,0,0,0
BRDA:15,0,1,0
BRDA:20,1,0,0
BRDA:20,1,1,0
BRDA:24,2,0,0
BRDA:24,2,1,0
BRDA:24,2,2,0
BRDA:24,2,3,0
BRDA:24,2,4,0
BRDA:24,2,5,0
BRDA:27,3,0,0
BRDA:27,3,1,0
BRDA:28,4,0,0
BRDA:28,4,1,0
BRDA:28,4,2,0
BRDA:28,4,3,0
BRDA:28,4,4,0
BRDA:28,4,5,0
BRDA:28,4,6,0
BRDA:43,5,0,0
BRDA:43,5,1,0
BRDA:44,6,0,0
BRDA:44,6,1,0
BRDA:44,6,2,0
BRDA:44,6,3,0
BRDA:54,7,0,0
BRDA:54,7,1,0
BRDA:54,8,0,0
BRDA:54,8,1,0
BRDA:62,9,0,0
BRDA:62,9,1,0
BRDA:71,10,0,0
BRDA:71,10,1,0
BRDA:72,11,0,0
BRDA:72,11,1,0
BRDA:72,11,2,0
BRDA:72,11,3,0
BRDA:72,11,4,0
BRDA:72,11,5,0
BRDA:82,12,0,0
BRDA:82,12,1,0
BRDA:92,13,0,0
BRDA:92,13,1,0
BRDA:94,14,0,0
BRDA:94,14,1,0
BRDA:99,15,0,0
BRDA:99,15,1,0
BRDA:101,16,0,0
BRDA:101,16,1,0
BRDA:103,17,0,0
BRDA:103,17,1,0
BRDA:103,18,0,0
BRDA:103,18,1,0
BRDA:105,19,0,0
BRDA:105,19,1,0
BRDA:105,20,0,0
BRDA:105,20,1,0
BRDA:117,21,0,0
BRDA:117,21,1,0
BRDA:133,22,0,0
BRDA:133,22,1,0
BRDA:134,23,0,0
BRDA:134,23,1,0
BRDA:135,24,0,0
BRDA:135,24,1,0
BRDA:136,25,0,0
BRDA:136,25,1,0
BRDA:144,26,0,0
BRDA:144,26,1,0
BRDA:147,27,0,0
BRDA:147,27,1,0
BRDA:148,28,0,0
BRDA:148,28,1,0
BRDA:149,29,0,0
BRDA:149,29,1,0
BRDA:151,30,0,0
BRDA:151,30,1,0
BRDA:152,31,0,0
BRDA:152,31,1,0
BRDA:153,32,0,0
BRDA:153,32,1,0
BRDA:175,33,0,0
BRDA:175,33,1,0
BRDA:179,34,0,0
BRDA:179,34,1,0
BRDA:184,35,0,0
BRDA:184,35,1,0
BRDA:187,36,0,0
BRDA:187,36,1,0
BRDA:190,37,0,0
BRDA:190,37,1,0
BRDA:219,38,0,0
BRDA:219,38,1,0
BRDA:226,39,0,0
BRDA:226,39,1,0
BRDA:229,40,0,0
BRDA:229,40,1,0
BRDA:246,41,0,1
BRDA:246,41,1,3
BRDA:252,42,0,1
BRDA:252,42,1,2
BRDA:278,43,0,1
BRDA:278,43,1,2
BRDA:281,44,0,1
BRDA:281,44,1,1
BRDA:284,45,0,0
BRDA:284,45,1,1
BRDA:292,46,0,1
BRDA:292,46,1,0
BRDA:315,47,0,0
BRDA:315,47,1,0
BRDA:318,48,0,0
BRDA:318,48,1,0
BRDA:321,49,0,0
BRDA:321,49,1,0
BRDA:329,50,0,0
BRDA:329,50,1,0
BRDA:346,51,0,0
BRDA:346,51,1,0
BRDA:350,52,0,0
BRDA:350,52,1,0
BRDA:353,53,0,0
BRDA:353,53,1,0
BRDA:377,54,0,0
BRDA:377,54,1,0
BRDA:381,55,0,0
BRDA:381,55,1,0
BRDA:388,56,0,0
BRDA:388,56,1,0
BRDA:413,57,0,0
BRDA:413,57,1,0
BRDA:418,58,0,0
BRDA:418,58,1,0
BRDA:423,59,0,0
BRDA:423,59,1,0
BRDA:427,60,0,0
BRDA:427,60,1,0
BRDA:428,61,0,0
BRDA:428,61,1,0
BRDA:434,62,0,0
BRDA:434,62,1,0
BRDA:435,63,0,0
BRDA:435,63,1,0
BRDA:441,64,0,0
BRDA:441,64,1,0
BRDA:459,65,0,0
BRDA:459,65,1,0
BRDA:465,66,0,0
BRDA:465,66,1,0
BRDA:470,67,0,0
BRDA:470,67,1,0
BRDA:475,68,0,0
BRDA:475,68,1,0
BRDA:480,69,0,0
BRDA:480,69,1,0
BRDA:481,70,0,0
BRDA:481,70,1,0
BRDA:487,71,0,0
BRDA:487,71,1,0
BRDA:488,72,0,0
BRDA:488,72,1,0
BRDA:498,73,0,0
BRDA:498,73,1,0
BRDA:516,74,0,0
BRDA:516,74,1,0
BRDA:532,75,0,1
BRDA:532,75,1,5
BRDA:535,76,0,1
BRDA:535,76,1,4
BRDA:541,77,0,1
BRDA:541,77,1,3
BRDA:545,78,0,1
BRDA:545,78,1,2
BRDA:550,79,0,2
BRDA:550,79,1,0
BRDA:552,80,0,1
BRDA:552,80,1,1
BRDA:570,81,0,1
BRDA:570,81,1,5
BRDA:573,82,0,1
BRDA:573,82,1,4
BRDA:577,83,0,1
BRDA:577,83,1,3
BRDA:581,84,0,1
BRDA:581,84,1,2
BRDA:586,85,0,2
BRDA:586,85,1,0
BRDA:588,86,0,1
BRDA:588,86,1,1
BRDA:608,87,0,0
BRDA:608,87,1,0
BRDA:611,88,0,0
BRDA:611,88,1,0
BRDA:617,89,0,0
BRDA:617,89,1,0
BRDA:633,90,0,0
BRDA:633,90,1,0
BRDA:636,91,0,0
BRDA:636,91,1,0
BRDA:642,92,0,0
BRDA:642,92,1,0
BRDA:657,93,0,1
BRDA:657,93,1,2
BRDA:661,94,0,1
BRDA:661,94,1,1
BRDA:664,95,0,0
BRDA:664,95,1,1
BRDA:667,96,0,0
BRDA:667,96,1,1
BRDA:671,97,0,0
BRDA:671,97,1,1
BRDA:674,98,0,0
BRDA:674,98,1,1
BRDA:693,99,0,1
BRDA:693,99,1,6
BRDA:697,100,0,1
BRDA:697,100,1,5
BRDA:701,101,0,1
BRDA:701,101,1,4
BRDA:704,102,0,1
BRDA:704,102,1,3
BRDA:709,103,0,1
BRDA:709,103,1,2
BRDA:712,104,0,1
BRDA:712,104,1,1
BRDA:731,105,0,1
BRDA:731,105,1,3
BRDA:734,106,0,1
BRDA:734,106,1,2
BRDA:740,107,0,0
BRDA:740,107,1,2
BRDA:744,108,0,1
BRDA:744,108,1,1
BRDA:749,109,0,1
BRDA:749,109,1,0
BRDA:751,110,0,0
BRDA:751,110,1,1
BRDA:770,111,0,1
BRDA:770,111,1,5
BRDA:773,112,0,1
BRDA:773,112,1,4
BRDA:777,113,0,1
BRDA:777,113,1,3
BRDA:781,114,0,1
BRDA:781,114,1,2
BRDA:786,115,0,1
BRDA:786,115,1,1
BRDA:788,116,0,1
BRDA:788,116,1,0
BRDA:809,117,0,0
BRDA:809,117,1,0
BRDA:813,118,0,0
BRDA:813,118,1,0
BRDA:817,119,0,0
BRDA:817,119,1,0
BRDA:827,120,0,0
BRDA:827,120,1,0
BRDA:830,121,0,0
BRDA:830,121,1,0
BRDA:833,122,0,0
BRDA:833,122,1,0
BRDA:847,123,0,0
BRDA:847,123,1,0
BRDA:848,124,0,0
BRDA:848,124,1,0
BRDA:850,125,0,0
BRDA:850,125,1,0
BRDA:853,126,0,0
BRDA:853,126,1,0
BRDA:893,127,0,0
BRDA:893,127,1,0
BRDA:897,128,0,0
BRDA:897,128,1,0
BRDA:897,129,0,0
BRDA:897,129,1,0
BRDA:902,130,0,0
BRDA:902,130,1,0
BRDA:903,131,0,0
BRDA:903,131,1,0
BRDA:904,132,0,0
BRDA:904,132,1,0
BRDA:905,133,0,0
BRDA:905,133,1,0
BRF:283
BRH:72
end_of_record
TN:
SF:controllers/subredditController.js
FN:7,(anonymous_0)
FN:11,(anonymous_1)
FN:23,(anonymous_2)
FN:25,(anonymous_3)
FN:28,(anonymous_4)
FN:31,(anonymous_5)
FN:41,(anonymous_6)
FN:103,(anonymous_7)
FN:144,(anonymous_8)
FN:162,(anonymous_9)
FN:182,(anonymous_10)
FN:198,(anonymous_11)
FN:214,(anonymous_12)
FN:251,(anonymous_13)
FN:288,(anonymous_14)
FN:306,(anonymous_15)
FN:327,(anonymous_16)
FN:354,(anonymous_17)
FN:356,(anonymous_18)
FN:362,(anonymous_19)
FN:377,(anonymous_20)
FN:413,(anonymous_21)
FN:465,(anonymous_22)
FN:493,(anonymous_23)
FN:511,(anonymous_24)
FN:547,(anonymous_25)
FN:574,(anonymous_26)
FN:606,(anonymous_27)
FN:634,(anonymous_28)
FN:645,(anonymous_29)
FN:675,(anonymous_30)
FN:697,(anonymous_31)
FN:711,(anonymous_32)
FN:743,(anonymous_33)
FN:764,(anonymous_34)
FN:773,(anonymous_35)
FN:778,(anonymous_36)
FN:780,(anonymous_37)
FN:792,(anonymous_38)
FN:801,(anonymous_39)
FNF:40
FNH:12
FNDA:2,(anonymous_0)
FNDA:6,(anonymous_1)
FNDA:8,(anonymous_2)
FNDA:4,(anonymous_3)
FNDA:4,(anonymous_4)
FNDA:4,(anonymous_5)
FNDA:4,(anonymous_6)
FNDA:0,(anonymous_7)
FNDA:0,(anonymous_8)
FNDA:0,(anonymous_9)
FNDA:0,(anonymous_10)
FNDA:0,(anonymous_11)
FNDA:0,(anonymous_12)
FNDA:0,(anonymous_13)
FNDA:0,(anonymous_14)
FNDA:0,(anonymous_15)
FNDA:0,(anonymous_16)
FNDA:0,(anonymous_17)
FNDA:0,(anonymous_18)
FNDA:0,(anonymous_19)
FNDA:0,(anonymous_20)
FNDA:4,(anonymous_21)
FNDA:4,(anonymous_22)
FNDA:0,(anonymous_23)
FNDA:0,(anonymous_24)
FNDA:0,(anonymous_25)
FNDA:0,(anonymous_26)
FNDA:0,(anonymous_27)
FNDA:2,(anonymous_28)
FNDA:1,(anonymous_29)
FNDA:0,(anonymous_30)
FNDA:0,(anonymous_31)
FNDA:0,(anonymous_32)
FNDA:0,(anonymous_33)
FNDA:0,(anonymous_34)
FNDA:0,(anonymous_35)
FNDA:0,(anonymous_36)
FNDA:0,(anonymous_37)
FNDA:0,(anonymous_38)
FNDA:4,(anonymous_39)
DA:1,6
DA:2,6
DA:3,6
DA:4,6
DA:5,6
DA:7,6
DA:8,2
DA:11,6
DA:12,6
DA:13,6
DA:15,6
DA:16,6
DA:17,6
DA:18,0
DA:22,6
DA:23,8
DA:24,3
DA:25,4
DA:26,2
DA:27,1
DA:28,4
DA:30,1
DA:31,4
DA:34,6
DA:36,0
DA:41,6
DA:42,4
DA:44,4
DA:45,4
DA:46,3
DA:47,1
DA:49,2
DA:50,2
DA:51,1
DA:54,1
DA:55,0
DA:58,1
DA:88,1
DA:90,1
DA:91,1
DA:92,1
DA:94,1
DA:99,1
DA:103,6
DA:104,0
DA:105,0
DA:107,0
DA:109,0
DA:110,0
DA:111,0
DA:112,0
DA:114,0
DA:115,0
DA:117,0
DA:118,0
DA:120,0
DA:121,0
DA:124,0
DA:131,0
DA:132,0
DA:134,0
DA:135,0
DA:140,0
DA:144,6
DA:145,0
DA:146,0
DA:147,0
DA:149,0
DA:150,0
DA:151,0
DA:152,0
DA:153,0
DA:155,0
DA:156,0
DA:158,0
DA:159,0
DA:161,0
DA:162,0
DA:164,0
DA:165,0
DA:167,0
DA:168,0
DA:169,0
DA:170,0
DA:171,0
DA:173,0
DA:174,0
DA:179,0
DA:182,6
DA:183,0
DA:184,0
DA:185,0
DA:186,0
DA:187,0
DA:188,0
DA:189,0
DA:191,0
DA:192,0
DA:194,0
DA:195,0
DA:197,0
DA:198,0
DA:200,0
DA:201,0
DA:203,0
DA:204,0
DA:205,0
DA:210,0
DA:214,6
DA:215,0
DA:216,0
DA:217,0
DA:219,0
DA:220,0
DA:221,0
DA:222,0
DA:224,0
DA:225,0
DA:227,0
DA:228,0
DA:231,0
DA:238,0
DA:241,0
DA:243,0
DA:248,0
DA:251,6
DA:252,0
DA:253,0
DA:254,0
DA:255,0
DA:257,0
DA:258,0
DA:259,0
DA:260,0
DA:262,0
DA:263,0
DA:265,0
DA:266,0
DA:269,0
DA:270,0
DA:271,0
DA:275,0
DA:276,0
DA:277,0
DA:278,0
DA:279,0
DA:280,0
DA:285,0
DA:288,6
DA:289,0
DA:290,0
DA:291,0
DA:293,0
DA:294,0
DA:295,0
DA:296,0
DA:298,0
DA:299,0
DA:301,0
DA:302,0
DA:305,0
DA:306,0
DA:309,0
DA:310,0
DA:313,0
DA:315,0
DA:317,0
DA:322,0
DA:327,6
DA:328,0
DA:329,0
DA:330,0
DA:332,0
DA:333,0
DA:334,0
DA:335,0
DA:337,0
DA:338,0
DA:341,0
DA:343,0
DA:344,0
DA:350,0
DA:351,0
DA:354,0
DA:356,0
DA:357,0
DA:362,0
DA:364,0
DA:366,0
DA:368,0
DA:373,0
DA:377,6
DA:378,0
DA:379,0
DA:380,0
DA:381,0
DA:382,0
DA:383,0
DA:384,0
DA:387,0
DA:388,0
DA:390,0
DA:392,0
DA:393,0
DA:399,0
DA:400,0
DA:405,0
DA:406,0
DA:408,0
DA:413,6
DA:414,4
DA:415,4
DA:416,4
DA:417,4
DA:418,3
DA:419,1
DA:421,2
DA:422,2
DA:423,1
DA:425,1
DA:428,1
DA:431,1
DA:432,1
DA:433,1
DA:435,1
DA:439,1
DA:455,1
DA:460,1
DA:465,6
DA:466,4
DA:467,4
DA:468,4
DA:469,4
DA:470,3
DA:471,1
DA:473,2
DA:474,1
DA:478,1
DA:479,1
DA:480,1
DA:482,1
DA:483,1
DA:488,1
DA:493,6
DA:494,0
DA:495,0
DA:496,0
DA:497,0
DA:498,0
DA:500,0
DA:505,0
DA:511,6
DA:512,0
DA:513,0
DA:514,0
DA:515,0
DA:516,0
DA:517,0
DA:520,0
DA:521,0
DA:524,0
DA:525,0
DA:530,0
DA:531,0
DA:533,0
DA:534,0
DA:537,0
DA:539,0
DA:541,0
DA:543,0
DA:547,6
DA:548,0
DA:549,0
DA:550,0
DA:551,0
DA:552,0
DA:555,0
DA:556,0
DA:557,0
DA:560,0
DA:561,0
DA:562,0
DA:565,0
DA:571,0
DA:574,6
DA:575,0
DA:576,0
DA:577,0
DA:578,0
DA:579,0
DA:580,0
DA:583,0
DA:584,0
DA:587,0
DA:588,0
DA:593,0
DA:594,0
DA:595,0
DA:596,0
DA:599,0
DA:600,0
DA:601,0
DA:603,0
DA:606,6
DA:607,0
DA:608,0
DA:609,0
DA:610,0
DA:611,0
DA:614,0
DA:615,0
DA:616,0
DA:619,0
DA:620,0
DA:621,0
DA:624,0
DA:630,0
DA:634,6
DA:635,2
DA:636,2
DA:637,2
DA:638,2
DA:639,1
DA:640,1
DA:645,1
DA:647,1
DA:648,1
DA:649,1
DA:650,1
DA:654,1
DA:665,1
DA:667,1
DA:669,1
DA:675,6
DA:676,0
DA:677,0
DA:678,0
DA:679,0
DA:680,0
DA:681,0
DA:683,0
DA:684,0
DA:685,0
DA:687,0
DA:692,0
DA:697,6
DA:698,0
DA:699,0
DA:700,0
DA:701,0
DA:702,0
DA:703,0
DA:705,0
DA:706,0
DA:707,0
DA:710,0
DA:712,0
DA:713,0
DA:716,0
DA:722,0
DA:725,0
DA:728,0
DA:729,0
DA:730,0
DA:743,0
DA:744,0
DA:745,0
DA:748,0
DA:756,0
DA:758,0
DA:764,6
DA:765,0
DA:766,0
DA:770,0
DA:773,0
DA:778,0
DA:779,0
DA:780,0
DA:781,0
DA:783,0
DA:791,0
DA:792,0
DA:795,0
DA:797,0
DA:801,6
DA:802,4
DA:803,4
DA:805,4
DA:806,1
DA:809,3
DA:811,2
DA:812,1
DA:814,1
DA:816,1
DA:817,1
DA:819,0
DA:824,6
LF:397
LH:118
BRDA:17,0,0,0
BRDA:17,0,1,6
BRDA:22,1,0,3
BRDA:22,1,1,3
BRDA:24,2,0,1
BRDA:24,2,1,2
BRDA:26,3,0,1
BRDA:26,3,1,1
BRDA:30,4,0,1
BRDA:30,4,1,0
BRDA:46,5,0,1
BRDA:46,5,1,2
BRDA:50,6,0,1
BRDA:50,6,1,1
BRDA:54,7,0,0
BRDA:54,7,1,1
BRDA:111,8,0,0
BRDA:111,8,1,0
BRDA:114,9,0,0
BRDA:114,9,1,0
BRDA:117,10,0,0
BRDA:117,10,1,0
BRDA:120,11,0,0
BRDA:120,11,1,0
BRDA:131,12,0,0
BRDA:131,12,1,0
BRDA:152,13,0,0
BRDA:152,13,1,0
BRDA:155,14,0,0
BRDA:155,14,1,0
BRDA:158,15,0,0
BRDA:158,15,1,0
BRDA:164,16,0,0
BRDA:164,16,1,0
BRDA:188,17,0,0
BRDA:188,17,1,0
BRDA:191,18,0,0
BRDA:191,18,1,0
BRDA:194,19,0,0
BRDA:194,19,1,0
BRDA:200,20,0,0
BRDA:200,20,1,0
BRDA:221,21,0,0
BRDA:221,21,1,0
BRDA:224,22,0,0
BRDA:224,22,1,0
BRDA:227,23,0,0
BRDA:227,23,1,0
BRDA:259,24,0,0
BRDA:259,24,1,0
BRDA:262,25,0,0
BRDA:262,25,1,0
BRDA:265,26,0,0
BRDA:265,26,1,0
BRDA:270,27,0,0
BRDA:270,27,1,0
BRDA:295,28,0,0
BRDA:295,28,1,0
BRDA:298,29,0,0
BRDA:298,29,1,0
BRDA:301,30,0,0
BRDA:301,30,1,0
BRDA:309,31,0,0
BRDA:309,31,1,0
BRDA:334,32,0,0
BRDA:334,32,1,0
BRDA:337,33,0,0
BRDA:337,33,1,0
BRDA:343,34,0,0
BRDA:343,34,1,0
BRDA:350,35,0,0
BRDA:350,35,1,0
BRDA:356,36,0,0
BRDA:356,36,1,0
BRDA:383,37,0,0
BRDA:383,37,1,0
BRDA:392,38,0,0
BRDA:392,38,1,0
BRDA:399,39,0,0
BRDA:399,39,1,0
BRDA:418,40,0,1
BRDA:418,40,1,2
BRDA:422,41,0,1
BRDA:422,41,1,1
BRDA:442,42,0,1
BRDA:442,42,1,0
BRDA:443,43,0,1
BRDA:443,43,1,0
BRDA:451,44,0,1
BRDA:451,44,1,0
BRDA:470,45,0,1
BRDA:470,45,1,2
BRDA:473,46,0,1
BRDA:473,46,1,1
BRDA:497,47,0,0
BRDA:497,47,1,0
BRDA:516,48,0,0
BRDA:516,48,1,0
BRDA:520,49,0,0
BRDA:520,49,1,0
BRDA:524,50,0,0
BRDA:524,50,1,0
BRDA:524,51,0,0
BRDA:524,51,1,0
BRDA:533,52,0,0
BRDA:533,52,1,0
BRDA:551,53,0,0
BRDA:551,53,1,0
BRDA:556,54,0,0
BRDA:556,54,1,0
BRDA:561,55,0,0
BRDA:561,55,1,0
BRDA:579,56,0,0
BRDA:579,56,1,0
BRDA:583,57,0,0
BRDA:583,57,1,0
BRDA:587,58,0,0
BRDA:587,58,1,0
BRDA:587,59,0,0
BRDA:587,59,1,0
BRDA:595,60,0,0
BRDA:595,60,1,0
BRDA:610,61,0,0
BRDA:610,61,1,0
BRDA:615,62,0,0
BRDA:615,62,1,0
BRDA:620,63,0,0
BRDA:620,63,1,0
BRDA:650,64,0,1
BRDA:650,64,1,0
BRDA:680,65,0,0
BRDA:680,65,1,0
BRDA:684,66,0,0
BRDA:684,66,1,0
BRDA:702,67,0,0
BRDA:702,67,1,0
BRDA:706,68,0,0
BRDA:706,68,1,0
BRDA:718,69,0,0
BRDA:718,69,1,0
BRDA:733,70,0,0
BRDA:733,70,1,0
BRDA:734,71,0,0
BRDA:734,71,1,0
BRDA:786,72,0,0
BRDA:786,72,1,0
BRDA:805,73,0,1
BRDA:805,73,1,3
BRDA:811,74,0,1
BRDA:811,74,1,1
BRDA:816,75,0,1
BRDA:816,75,1,0
BRF:152
BRH:30
end_of_record
TN:
SF:controllers/userController.js
FN:12,(anonymous_0)
FN:28,(anonymous_1)
FN:57,(anonymous_2)
FN:99,(anonymous_3)
FN:127,(anonymous_4)
FN:143,(anonymous_5)
FN:156,(anonymous_6)
FN:215,(anonymous_7)
FN:218,(anonymous_8)
FN:226,(anonymous_9)
FN:232,(anonymous_10)
FN:238,(anonymous_11)
FN:253,(anonymous_12)
FN:300,(anonymous_13)
FN:318,(anonymous_14)
FN:326,(anonymous_15)
FN:330,(anonymous_16)
FN:353,(anonymous_17)
FN:385,(anonymous_18)
FN:408,(anonymous_19)
FN:425,(anonymous_20)
FN:446,(anonymous_21)
FN:463,(anonymous_22)
FN:470,(anonymous_23)
FN:480,editFeedSettings
FN:520,viewFeedSettings
FN:550,addSocialLink
FN:578,(anonymous_27)
FN:590,(anonymous_28)
FN:614,(anonymous_29)
FN:625,(anonymous_30)
FN:645,(anonymous_31)
FN:686,(anonymous_32)
FN:702,(anonymous_33)
FN:729,(anonymous_34)
FN:744,(anonymous_35)
FN:753,(anonymous_36)
FN:767,(anonymous_37)
FN:819,(anonymous_38)
FN:870,(anonymous_39)
FN:907,(anonymous_40)
FN:938,(anonymous_41)
FN:953,(anonymous_42)
FN:993,(anonymous_43)
FN:1008,(anonymous_44)
FN:1049,(anonymous_45)
FN:1064,(anonymous_46)
FN:1105,(anonymous_47)
FN:1120,(anonymous_48)
FN:1160,(anonymous_49)
FN:1170,(anonymous_50)
FN:1186,(anonymous_51)
FN:1207,(anonymous_52)
FN:1223,(anonymous_53)
FN:1227,(anonymous_54)
FN:1239,(anonymous_55)
FN:1256,(anonymous_56)
FN:1289,(anonymous_57)
FN:1316,(anonymous_58)
FN:1349,(anonymous_59)
FN:1377,(anonymous_60)
FN:1394,(anonymous_61)
FN:1425,(anonymous_62)
FN:1463,(anonymous_63)
FN:1476,(anonymous_64)
FN:1506,(anonymous_65)
FN:1518,(anonymous_66)
FN:1547,(anonymous_67)
FN:1560,(anonymous_68)
FN:1564,(anonymous_69)
FN:1567,(anonymous_70)
FNF:71
FNH:33
FNDA:5,(anonymous_0)
FNDA:0,(anonymous_1)
FNDA:0,(anonymous_2)
FNDA:3,(anonymous_3)
FNDA:0,(anonymous_4)
FNDA:0,(anonymous_5)
FNDA:0,(anonymous_6)
FNDA:0,(anonymous_7)
FNDA:0,(anonymous_8)
FNDA:0,(anonymous_9)
FNDA:0,(anonymous_10)
FNDA:0,(anonymous_11)
FNDA:0,(anonymous_12)
FNDA:0,(anonymous_13)
FNDA:0,(anonymous_14)
FNDA:0,(anonymous_15)
FNDA:0,(anonymous_16)
FNDA:0,(anonymous_17)
FNDA:4,(anonymous_18)
FNDA:5,(anonymous_19)
FNDA:0,(anonymous_20)
FNDA:5,(anonymous_21)
FNDA:0,(anonymous_22)
FNDA:0,(anonymous_23)
FNDA:3,editFeedSettings
FNDA:3,viewFeedSettings
FNDA:4,addSocialLink
FNDA:4,(anonymous_27)
FNDA:3,(anonymous_28)
FNDA:4,(anonymous_29)
FNDA:3,(anonymous_30)
FNDA:5,(anonymous_31)
FNDA:4,(anonymous_32)
FNDA:1,(anonymous_33)
FNDA:4,(anonymous_34)
FNDA:1,(anonymous_35)
FNDA:0,(anonymous_36)
FNDA:0,(anonymous_37)
FNDA:0,(anonymous_38)
FNDA:4,(anonymous_39)
FNDA:5,(anonymous_40)
FNDA:0,(anonymous_41)
FNDA:0,(anonymous_42)
FNDA:0,(anonymous_43)
FNDA:0,(anonymous_44)
FNDA:0,(anonymous_45)
FNDA:0,(anonymous_46)
FNDA:0,(anonymous_47)
FNDA:0,(anonymous_48)
FNDA:0,(anonymous_49)
FNDA:0,(anonymous_50)
FNDA:4,(anonymous_51)
FNDA:0,(anonymous_52)
FNDA:0,(anonymous_53)
FNDA:0,(anonymous_54)
FNDA:3,(anonymous_55)
FNDA:5,(anonymous_56)
FNDA:4,(anonymous_57)
FNDA:5,(anonymous_58)
FNDA:8,(anonymous_59)
FNDA:3,(anonymous_60)
FNDA:3,(anonymous_61)
FNDA:5,(anonymous_62)
FNDA:3,(anonymous_63)
FNDA:0,(anonymous_64)
FNDA:0,(anonymous_65)
FNDA:0,(anonymous_66)
FNDA:3,(anonymous_67)
FNDA:2,(anonymous_68)
FNDA:1,(anonymous_69)
FNDA:1,(anonymous_70)
DA:1,27
DA:3,27
DA:4,27
DA:5,27
DA:6,27
DA:7,27
DA:8,27
DA:9,27
DA:10,27
DA:12,27
DA:13,5
DA:14,5
DA:16,5
DA:17,3
DA:18,2
DA:21,1
DA:23,2
DA:28,27
DA:29,0
DA:31,0
DA:32,0
DA:34,0
DA:35,0
DA:38,0
DA:51,0
DA:53,0
DA:57,27
DA:58,0
DA:60,0
DA:61,0
DA:63,0
DA:64,0
DA:67,0
DA:68,0
DA:69,0
DA:70,0
DA:71,0
DA:72,0
DA:73,0
DA:74,0
DA:78,0
DA:80,0
DA:82,0
DA:87,0
DA:99,27
DA:100,3
DA:101,3
DA:103,3
DA:104,1
DA:107,2
DA:109,2
DA:110,1
DA:113,1
DA:119,1
DA:121,0
DA:127,27
DA:128,0
DA:129,0
DA:130,0
DA:133,0
DA:134,0
DA:138,0
DA:139,0
DA:142,0
DA:144,0
DA:147,0
DA:155,0
DA:157,0
DA:160,0
DA:168,0
DA:173,0
DA:175,0
DA:215,27
DA:216,0
DA:217,0
DA:219,0
DA:220,0
DA:222,0
DA:223,0
DA:224,0
DA:227,0
DA:233,0
DA:239,0
DA:253,27
DA:254,0
DA:255,0
DA:257,0
DA:258,0
DA:259,0
DA:262,0
DA:263,0
DA:264,0
DA:265,0
DA:266,0
DA:267,0
DA:268,0
DA:272,0
DA:276,0
DA:277,0
DA:281,0
DA:282,0
DA:287,0
DA:300,27
DA:301,0
DA:302,0
DA:303,0
DA:304,0
DA:306,0
DA:307,0
DA:310,0
DA:311,0
DA:312,0
DA:314,0
DA:315,0
DA:317,0
DA:319,0
DA:322,0
DA:324,0
DA:326,0
DA:329,0
DA:331,0
DA:334,0
DA:338,0
DA:339,0
DA:341,0
DA:342,0
DA:343,0
DA:344,0
DA:349,0
DA:353,27
DA:354,0
DA:355,0
DA:356,0
DA:358,0
DA:359,0
DA:360,0
DA:361,0
DA:363,0
DA:364,0
DA:366,0
DA:367,0
DA:370,0
DA:371,0
DA:373,0
DA:374,0
DA:376,0
DA:378,0
DA:385,27
DA:386,4
DA:387,4
DA:389,4
DA:390,1
DA:393,3
DA:395,2
DA:396,1
DA:398,1
DA:400,1
DA:401,1
DA:403,0
DA:408,27
DA:409,5
DA:410,5
DA:411,5
DA:412,5
DA:414,4
DA:415,1
DA:417,3
DA:418,0
DA:420,0
DA:421,0
DA:422,0
DA:424,0
DA:426,0
DA:429,0
DA:431,0
DA:437,0
DA:438,0
DA:440,0
DA:442,4
DA:446,27
DA:447,5
DA:448,5
DA:449,5
DA:450,5
DA:452,4
DA:453,1
DA:455,3
DA:456,0
DA:460,0
DA:462,0
DA:464,0
DA:467,0
DA:469,0
DA:470,0
DA:472,0
DA:474,0
DA:476,4
DA:481,3
DA:482,3
DA:483,3
DA:485,2
DA:486,1
DA:489,1
DA:490,1
DA:491,1
DA:495,1
DA:496,1
DA:497,1
DA:498,1
DA:502,1
DA:506,1
DA:507,1
DA:508,1
DA:510,1
DA:511,1
DA:516,1
DA:521,3
DA:522,3
DA:523,3
DA:525,2
DA:526,1
DA:529,1
DA:545,1
DA:547,1
DA:551,4
DA:552,4
DA:553,4
DA:555,4
DA:557,3
DA:558,1
DA:561,2
DA:562,1
DA:567,1
DA:569,1
DA:570,1
DA:572,1
DA:578,27
DA:579,4
DA:580,4
DA:582,4
DA:583,4
DA:585,3
DA:586,1
DA:589,2
DA:590,3
DA:593,2
DA:594,1
DA:597,1
DA:598,1
DA:599,1
DA:601,1
DA:603,1
DA:608,1
DA:614,27
DA:615,4
DA:616,4
DA:618,4
DA:619,4
DA:620,3
DA:621,1
DA:624,2
DA:625,3
DA:627,2
DA:628,1
DA:631,1
DA:632,1
DA:634,1
DA:639,1
DA:645,27
DA:646,5
DA:647,5
DA:648,5
DA:650,4
DA:651,1
DA:654,3
DA:655,1
DA:659,2
DA:665,1
DA:666,1
DA:668,1
DA:673,1
DA:679,1
DA:686,27
DA:687,4
DA:688,4
DA:689,4
DA:691,4
DA:692,3
DA:694,3
DA:695,0
DA:698,3
DA:699,1
DA:701,2
DA:703,1
DA:706,0
DA:709,1
DA:715,1
DA:717,1
DA:722,2
DA:729,27
DA:730,4
DA:731,4
DA:732,4
DA:734,4
DA:735,3
DA:736,0
DA:739,3
DA:740,3
DA:741,1
DA:744,2
DA:745,1
DA:747,1
DA:748,1
DA:752,0
DA:753,0
DA:755,0
DA:757,0
DA:762,2
DA:767,27
DA:768,0
DA:769,0
DA:770,0
DA:771,0
DA:772,0
DA:774,0
DA:775,0
DA:778,0
DA:779,0
DA:783,0
DA:784,0
DA:785,0
DA:789,0
DA:792,0
DA:793,0
DA:797,0
DA:798,0
DA:800,0
DA:801,0
DA:802,0
DA:804,0
DA:805,0
DA:810,0
DA:816,0
DA:819,27
DA:820,0
DA:821,0
DA:822,0
DA:823,0
DA:824,0
DA:826,0
DA:827,0
DA:830,0
DA:831,0
DA:835,0
DA:836,0
DA:840,0
DA:844,0
DA:845,0
DA:848,0
DA:849,0
DA:853,0
DA:857,0
DA:858,0
DA:859,0
DA:861,0
DA:866,0
DA:870,27
DA:871,4
DA:872,4
DA:873,4
DA:875,4
DA:876,4
DA:877,1
DA:879,3
DA:880,3
DA:881,1
DA:888,2
DA:889,1
DA:894,1
DA:895,1
DA:896,1
DA:901,0
DA:907,27
DA:908,5
DA:909,5
DA:910,5
DA:912,5
DA:913,5
DA:914,1
DA:916,4
DA:917,4
DA:918,1
DA:920,3
DA:921,1
DA:926,2
DA:927,0
DA:928,0
DA:933,2
DA:938,27
DA:939,0
DA:940,0
DA:941,0
DA:942,0
DA:943,0
DA:944,0
DA:945,0
DA:947,0
DA:948,0
DA:949,0
DA:950,0
DA:952,0
DA:954,0
DA:955,0
DA:956,0
DA:958,0
DA:959,0
DA:961,0
DA:962,0
DA:964,0
DA:972,0
DA:973,0
DA:974,0
DA:975,0
DA:976,0
DA:977,0
DA:978,0
DA:979,0
DA:982,0
DA:987,0
DA:993,27
DA:994,0
DA:995,0
DA:996,0
DA:997,0
DA:998,0
DA:999,0
DA:1000,0
DA:1002,0
DA:1003,0
DA:1004,0
DA:1005,0
DA:1007,0
DA:1009,0
DA:1010,0
DA:1011,0
DA:1013,0
DA:1014,0
DA:1016,0
DA:1017,0
DA:1019,0
DA:1027,0
DA:1028,0
DA:1029,0
DA:1030,0
DA:1031,0
DA:1032,0
DA:1033,0
DA:1034,0
DA:1037,0
DA:1042,0
DA:1049,27
DA:1050,0
DA:1051,0
DA:1052,0
DA:1053,0
DA:1054,0
DA:1055,0
DA:1056,0
DA:1058,0
DA:1059,0
DA:1060,0
DA:1061,0
DA:1063,0
DA:1065,0
DA:1066,0
DA:1067,0
DA:1069,0
DA:1070,0
DA:1072,0
DA:1073,0
DA:1075,0
DA:1083,0
DA:1084,0
DA:1085,0
DA:1086,0
DA:1087,0
DA:1088,0
DA:1089,0
DA:1090,0
DA:1093,0
DA:1098,0
DA:1105,27
DA:1106,0
DA:1107,0
DA:1108,0
DA:1109,0
DA:1110,0
DA:1111,0
DA:1112,0
DA:1114,0
DA:1115,0
DA:1116,0
DA:1117,0
DA:1119,0
DA:1121,0
DA:1122,0
DA:1123,0
DA:1125,0
DA:1126,0
DA:1128,0
DA:1129,0
DA:1131,0
DA:1139,0
DA:1140,0
DA:1141,0
DA:1142,0
DA:1143,0
DA:1144,0
DA:1145,0
DA:1146,0
DA:1149,0
DA:1154,0
DA:1160,27
DA:1161,0
DA:1162,0
DA:1163,0
DA:1167,0
DA:1168,0
DA:1170,0
DA:1175,0
DA:1180,0
DA:1186,27
DA:1187,4
DA:1188,4
DA:1189,4
DA:1190,3
DA:1191,1
DA:1193,2
DA:1194,1
DA:1198,1
DA:1199,1
DA:1200,1
DA:1202,1
DA:1207,27
DA:1208,0
DA:1209,0
DA:1210,0
DA:1211,0
DA:1213,0
DA:1214,0
DA:1217,0
DA:1218,0
DA:1223,0
DA:1224,0
DA:1226,0
DA:1227,0
DA:1233,0
DA:1235,0
DA:1239,27
DA:1240,3
DA:1241,3
DA:1242,3
DA:1243,2
DA:1244,1
DA:1246,1
DA:1251,1
DA:1256,27
DA:1257,5
DA:1259,5
DA:1260,5
DA:1261,4
DA:1262,1
DA:1265,3
DA:1266,1
DA:1271,2
DA:1272,2
DA:1274,2
DA:1275,1
DA:1278,1
DA:1279,1
DA:1281,1
DA:1285,1
DA:1289,27
DA:1290,4
DA:1291,4
DA:1292,4
DA:1293,3
DA:1294,1
DA:1297,2
DA:1298,2
DA:1299,0
DA:1302,2
DA:1303,2
DA:1304,1
DA:1307,1
DA:1313,1
DA:1316,27
DA:1317,5
DA:1319,5
DA:1320,5
DA:1321,4
DA:1322,1
DA:1325,3
DA:1326,1
DA:1331,2
DA:1332,2
DA:1334,2
DA:1335,1
DA:1338,1
DA:1339,1
DA:1341,1
DA:1345,1
DA:1349,27
DA:1350,8
DA:1351,8
DA:1352,8
DA:1353,6
DA:1354,2
DA:1357,4
DA:1358,4
DA:1359,0
DA:1362,4
DA:1363,4
DA:1364,2
DA:1367,2
DA:1373,2
DA:1377,27
DA:1378,3
DA:1379,3
DA:1381,3
DA:1382,2
DA:1383,1
DA:1386,1
DA:1388,1
DA:1394,27
DA:1395,3
DA:1396,3
DA:1397,3
DA:1398,2
DA:1399,1
DA:1402,1
DA:1403,1
DA:1404,1
DA:1405,1
DA:1406,1
DA:1407,1
DA:1408,1
DA:1409,1
DA:1410,1
DA:1411,1
DA:1415,1
DA:1416,1
DA:1421,1
DA:1425,27
DA:1426,5
DA:1427,5
DA:1428,5
DA:1429,4
DA:1430,1
DA:1433,3
DA:1438,1
DA:1441,2
DA:1446,1
DA:1451,1
DA:1452,1
DA:1453,1
DA:1454,1
DA:1459,1
DA:1463,27
DA:1464,3
DA:1465,3
DA:1466,3
DA:1467,2
DA:1468,1
DA:1470,1
DA:1472,1
DA:1476,27
DA:1477,0
DA:1478,0
DA:1479,0
DA:1480,0
DA:1481,0
DA:1483,0
DA:1484,0
DA:1485,0
DA:1486,0
DA:1487,0
DA:1488,0
DA:1489,0
DA:1500,0
DA:1502,0
DA:1506,27
DA:1507,0
DA:1508,0
DA:1509,0
DA:1510,0
DA:1511,0
DA:1513,0
DA:1514,0
DA:1515,0
DA:1517,0
DA:1518,0
DA:1519,0
DA:1521,0
DA:1522,0
DA:1523,0
DA:1524,0
DA:1525,0
DA:1526,0
DA:1541,0
DA:1543,0
DA:1547,27
DA:1548,3
DA:1549,3
DA:1550,3
DA:1551,2
DA:1552,1
DA:1554,1
DA:1558,1
DA:1560,2
DA:1564,1
DA:1565,1
DA:1566,1
DA:1567,1
DA:1568,1
DA:1571,0
DA:1579,0
DA:1581,2
DA:1585,27
LF:729
LH:360
BRDA:17,0,0,2
BRDA:17,0,1,1
BRDA:34,1,0,0
BRDA:34,1,1,0
BRDA:63,2,0,0
BRDA:63,2,1,0
BRDA:103,3,0,1
BRDA:103,3,1,2
BRDA:109,4,0,1
BRDA:109,4,1,1
BRDA:129,5,0,0
BRDA:129,5,1,0
BRDA:138,6,0,0
BRDA:138,6,1,0
BRDA:149,7,0,0
BRDA:149,7,1,0
BRDA:162,8,0,0
BRDA:162,8,1,0
BRDA:219,9,0,0
BRDA:219,9,1,0
BRDA:258,10,0,0
BRDA:258,10,1,0
BRDA:306,11,0,0
BRDA:306,11,1,0
BRDA:311,12,0,0
BRDA:311,12,1,0
BRDA:314,13,0,0
BRDA:314,13,1,0
BRDA:317,14,0,0
BRDA:317,14,1,0
BRDA:329,15,0,0
BRDA:329,15,1,0
BRDA:338,16,0,0
BRDA:338,16,1,0
BRDA:360,17,0,0
BRDA:360,17,1,0
BRDA:363,18,0,0
BRDA:363,18,1,0
BRDA:366,19,0,0
BRDA:366,19,1,0
BRDA:389,20,0,1
BRDA:389,20,1,3
BRDA:395,21,0,1
BRDA:395,21,1,1
BRDA:400,22,0,1
BRDA:400,22,1,0
BRDA:414,23,0,1
BRDA:414,23,1,3
BRDA:417,24,0,0
BRDA:417,24,1,0
BRDA:424,25,0,0
BRDA:424,25,1,0
BRDA:452,26,0,1
BRDA:452,26,1,3
BRDA:455,27,0,0
BRDA:455,27,1,0
BRDA:462,28,0,0
BRDA:462,28,1,0
BRDA:485,29,0,1
BRDA:485,29,1,1
BRDA:525,30,0,1
BRDA:525,30,1,1
BRDA:557,31,0,1
BRDA:557,31,1,2
BRDA:561,32,0,1
BRDA:561,32,1,1
BRDA:585,33,0,1
BRDA:585,33,1,2
BRDA:593,34,0,1
BRDA:593,34,1,1
BRDA:620,35,0,1
BRDA:620,35,1,2
BRDA:627,36,0,1
BRDA:627,36,1,1
BRDA:650,37,0,1
BRDA:650,37,1,3
BRDA:654,38,0,1
BRDA:654,38,1,2
BRDA:659,39,0,1
BRDA:659,39,1,1
BRDA:660,40,0,2
BRDA:660,40,1,1
BRDA:660,40,2,1
BRDA:660,40,3,1
BRDA:694,41,0,0
BRDA:694,41,1,3
BRDA:698,42,0,1
BRDA:698,42,1,2
BRDA:701,43,0,0
BRDA:701,43,1,1
BRDA:735,44,0,0
BRDA:735,44,1,3
BRDA:740,45,0,1
BRDA:740,45,1,2
BRDA:747,46,0,1
BRDA:747,46,1,0
BRDA:774,47,0,0
BRDA:774,47,1,0
BRDA:778,48,0,0
BRDA:778,48,1,0
BRDA:783,49,0,0
BRDA:783,49,1,0
BRDA:783,50,0,0
BRDA:783,50,1,0
BRDA:784,51,0,0
BRDA:784,51,1,0
BRDA:792,52,0,0
BRDA:792,52,1,0
BRDA:801,53,0,0
BRDA:801,53,1,0
BRDA:801,54,0,0
BRDA:801,54,1,0
BRDA:804,55,0,0
BRDA:804,55,1,0
BRDA:804,56,0,0
BRDA:804,56,1,0
BRDA:826,57,0,0
BRDA:826,57,1,0
BRDA:830,58,0,0
BRDA:830,58,1,0
BRDA:835,59,0,0
BRDA:835,59,1,0
BRDA:835,60,0,0
BRDA:835,60,1,0
BRDA:836,61,0,0
BRDA:836,61,1,0
BRDA:837,62,0,0
BRDA:837,62,1,0
BRDA:848,63,0,0
BRDA:848,63,1,0
BRDA:876,64,0,1
BRDA:876,64,1,3
BRDA:880,65,0,1
BRDA:880,65,1,2
BRDA:888,66,0,1
BRDA:888,66,1,1
BRDA:913,67,0,1
BRDA:913,67,1,4
BRDA:917,68,0,1
BRDA:917,68,1,3
BRDA:920,69,0,1
BRDA:920,69,1,2
BRDA:944,70,0,0
BRDA:944,70,1,0
BRDA:949,71,0,0
BRDA:949,71,1,0
BRDA:958,72,0,0
BRDA:958,72,1,0
BRDA:961,73,0,0
BRDA:961,73,1,0
BRDA:966,74,0,0
BRDA:966,74,1,0
BRDA:999,75,0,0
BRDA:999,75,1,0
BRDA:1004,76,0,0
BRDA:1004,76,1,0
BRDA:1013,77,0,0
BRDA:1013,77,1,0
BRDA:1016,78,0,0
BRDA:1016,78,1,0
BRDA:1021,79,0,0
BRDA:1021,79,1,0
BRDA:1055,80,0,0
BRDA:1055,80,1,0
BRDA:1060,81,0,0
BRDA:1060,81,1,0
BRDA:1069,82,0,0
BRDA:1069,82,1,0
BRDA:1072,83,0,0
BRDA:1072,83,1,0
BRDA:1077,84,0,0
BRDA:1077,84,1,0
BRDA:1111,85,0,0
BRDA:1111,85,1,0
BRDA:1116,86,0,0
BRDA:1116,86,1,0
BRDA:1125,87,0,0
BRDA:1125,87,1,0
BRDA:1128,88,0,0
BRDA:1128,88,1,0
BRDA:1133,89,0,0
BRDA:1133,89,1,0
BRDA:1167,90,0,0
BRDA:1167,90,1,0
BRDA:1190,91,0,1
BRDA:1190,91,1,2
BRDA:1193,92,0,1
BRDA:1193,92,1,1
BRDA:1213,93,0,0
BRDA:1213,93,1,0
BRDA:1243,94,0,1
BRDA:1243,94,1,1
BRDA:1261,95,0,1
BRDA:1261,95,1,3
BRDA:1265,96,0,1
BRDA:1265,96,1,2
BRDA:1265,97,0,3
BRDA:1265,97,1,3
BRDA:1274,98,0,1
BRDA:1274,98,1,1
BRDA:1293,99,0,1
BRDA:1293,99,1,2
BRDA:1298,100,0,0
BRDA:1298,100,1,2
BRDA:1303,101,0,1
BRDA:1303,101,1,1
BRDA:1321,102,0,1
BRDA:1321,102,1,3
BRDA:1325,103,0,1
BRDA:1325,103,1,2
BRDA:1325,104,0,3
BRDA:1325,104,1,3
BRDA:1334,105,0,1
BRDA:1334,105,1,1
BRDA:1353,106,0,2
BRDA:1353,106,1,4
BRDA:1358,107,0,0
BRDA:1358,107,1,4
BRDA:1363,108,0,2
BRDA:1363,108,1,2
BRDA:1382,109,0,1
BRDA:1382,109,1,1
BRDA:1398,110,0,1
BRDA:1398,110,1,1
BRDA:1429,111,0,1
BRDA:1429,111,1,3
BRDA:1433,112,0,1
BRDA:1433,112,1,2
BRDA:1434,113,0,3
BRDA:1434,113,1,1
BRDA:1434,113,2,1
BRDA:1441,114,0,1
BRDA:1441,114,1,1
BRDA:1442,115,0,2
BRDA:1442,115,1,2
BRDA:1442,115,2,1
BRDA:1467,116,0,1
BRDA:1467,116,1,1
BRDA:1480,117,0,0
BRDA:1480,117,1,0
BRDA:1491,118,0,0
BRDA:1491,118,1,0
BRDA:1496,119,0,0
BRDA:1496,119,1,0
BRDA:1497,120,0,0
BRDA:1497,120,1,0
BRDA:1498,121,0,0
BRDA:1498,121,1,0
BRDA:1510,122,0,0
BRDA:1510,122,1,0
BRDA:1514,123,0,0
BRDA:1514,123,1,0
BRDA:1528,124,0,0
BRDA:1528,124,1,0
BRDA:1537,125,0,0
BRDA:1537,125,1,0
BRDA:1538,126,0,0
BRDA:1538,126,1,0
BRDA:1539,127,0,0
BRDA:1539,127,1,0
BRDA:1551,128,0,1
BRDA:1551,128,1,1
BRDA:1574,129,0,0
BRDA:1574,129,1,0
BRF:264
BRH:113
end_of_record
TN:
SF:controllers/userUploadsController.js
FN:7,uploadMedia
FN:28,destroyMedia
FNF:2
FNH:0
FNDA:0,uploadMedia
FNDA:0,destroyMedia
DA:1,42
DA:2,42
DA:3,42
DA:4,42
DA:5,42
DA:8,0
DA:9,0
DA:10,0
DA:11,0
DA:15,0
DA:16,0
DA:21,0
DA:23,0
DA:25,0
DA:30,0
DA:31,0
DA:34,0
DA:35,0
DA:36,0
DA:37,0
DA:38,0
DA:41,0
DA:45,42
LF:23
LH:6
BRF:0
BRH:0
end_of_record
TN:
SF:middleware/cloudinary.js
FNF:0
FNH:0
DA:1,42
DA:2,42
DA:4,42
DA:9,42
DA:11,42
LF:5
LH:5
BRF:0
BRH:0
end_of_record
TN:
SF:models/comment.js
FNF:0
FNH:0
DA:1,9
DA:2,9
DA:4,9
DA:88,9
LF:4
LH:4
BRF:0
BRH:0
end_of_record
TN:
SF:models/post.js
FNF:0
FNH:0
DA:1,42
DA:2,42
DA:3,42
DA:5,42
DA:6,42
DA:171,42
LF:6
LH:6
BRF:0
BRH:0
end_of_record
TN:
SF:models/report.js
FNF:0
FNH:0
DA:1,9
DA:2,9
DA:4,9
DA:54,9
LF:4
LH:4
BRF:0
BRH:0
end_of_record
TN:
SF:models/subReddit.js
FNF:0
FNH:0
DA:1,39
DA:2,39
DA:3,39
DA:5,39
DA:6,39
DA:243,39
LF:6
LH:6
BRF:0
BRH:0
end_of_record
TN:
SF:models/user.js
FNF:0
FNH:0
DA:1,38
DA:2,38
DA:66,38
DA:356,38
LF:4
LH:4
BRF:0
BRH:0
end_of_record
TN:
SF:models/userUploads.js
FNF:0
FNH:0
DA:1,44
DA:3,44
DA:10,44
DA:12,44
LF:4
LH:4
BRF:0
BRH:0
end_of_record
TN:
SF:services/authServices.js
FN:1,(anonymous_0)
FNF:1
FNH:0
FNDA:0,(anonymous_0)
DA:1,5
DA:2,0
DA:122,0
DA:276,0
DA:277,0
DA:278,0
DA:279,0
DA:280,0
DA:281,0
DA:282,0
DA:283,0
DA:284,0
DA:286,0
DA:288,0
DA:290,5
LF:15
LH:2
BRDA:282,0,0,0
BRDA:282,0,1,0
BRDA:282,1,0,0
BRDA:282,1,1,0
BRF:4
BRH:0
end_of_record
TN:
SF:services/postServices.js
FN:2,getImagesUrls
FN:4,(anonymous_1)
FN:11,getVideosUrls
FN:13,(anonymous_3)
FNF:4
FNH:0
FNDA:0,getImagesUrls
FNDA:0,(anonymous_1)
FNDA:0,getVideosUrls
FNDA:0,(anonymous_3)
DA:1,27
DA:3,0
DA:5,0
DA:6,0
DA:9,0
DA:12,0
DA:14,0
DA:15,0
DA:18,0
DA:21,27
LF:10
LH:2
BRF:0
BRH:0
end_of_record
TN:
SF:services/subredditServices.js
FN:1,(anonymous_0)
FN:12,(anonymous_1)
FNF:2
FNH:0
FNDA:0,(anonymous_0)
FNDA:0,(anonymous_1)
DA:1,6
DA:2,0
DA:3,0
DA:4,0
DA:6,0
DA:7,0
DA:9,0
DA:12,6
DA:13,0
DA:14,0
DA:16,0
DA:18,6
LF:12
LH:3
BRDA:3,0,0,0
BRDA:3,0,1,0
BRDA:6,1,0,0
BRDA:6,1,1,0
BRDA:13,2,0,0
BRDA:13,2,1,0
BRF:6
BRH:0
end_of_record
TN:
SF:services/userServices.js
FN:3,(anonymous_0)
FNF:1
FNH:0
FNDA:0,(anonymous_0)
DA:1,27
DA:3,27
DA:4,0
DA:5,0
DA:6,0
DA:7,0
DA:8,0
DA:9,0
DA:15,0
DA:16,0
DA:21,0
DA:22,0
DA:25,27
LF:13
LH:3
BRDA:8,0,0,0
BRDA:8,0,1,0
BRDA:15,1,0,0
BRDA:15,1,1,0
BRF:4
BRH:0
end_of_record
